2022-04-19 11:02:52,342 : Connected to: 127.0.0.1, 60866
2022-04-19 11:02:52,348 : Sent: Ready
2022-04-19 11:02:52,353 : Recieved: Yes
2022-04-19 11:02:52,826 : Recieved: E0.0
2022-04-19 11:02:52,840 : Recieved: DM1
2022-04-19 11:02:52,847 : Recieved: DE-1
2022-04-19 11:02:52,904 : Recieved: kP1.0
2022-04-19 11:02:53,013 : Recieved: kI0.0
2022-04-19 11:02:53,018 : Recieved: kD0.0
2022-04-19 11:02:53,031 : Recieved: Sync
2022-04-19 11:02:53,037 : Sent: Ready
2022-04-19 11:02:58,062 : Recieved: Sync
2022-04-19 11:02:58,065 : Sent: Ready
2022-04-19 11:03:03,121 : Recieved: Sync
2022-04-19 11:03:03,122 : Sent: Ready
2022-04-19 11:03:08,172 : Recieved: Sync
2022-04-19 11:03:08,174 : Sent: Ready
2022-04-19 11:03:13,220 : Recieved: Sync
2022-04-19 11:03:13,222 : Sent: Ready
2022-04-19 11:03:18,283 : Recieved: Sync
2022-04-19 11:03:18,285 : Sent: Ready
2022-04-19 11:03:23,338 : Recieved: Sync
2022-04-19 11:03:23,340 : Sent: Ready
2022-04-19 11:03:28,387 : Recieved: Sync
2022-04-19 11:03:28,389 : Sent: Ready
2022-04-19 11:03:33,449 : Recieved: Sync
2022-04-19 11:03:33,450 : Sent: Ready
2022-04-19 11:03:38,505 : Recieved: Sync
2022-04-19 11:03:38,507 : Sent: Ready
2022-04-19 11:03:43,574 : Recieved: Sync
2022-04-19 11:03:43,576 : Sent: Ready
2022-04-19 11:03:48,637 : Recieved: Sync
2022-04-19 11:03:48,638 : Sent: Ready
2022-04-19 11:03:53,704 : Recieved: Sync
2022-04-19 11:03:53,706 : Sent: Ready
2022-04-19 11:03:58,774 : Recieved: Sync
2022-04-19 11:03:58,775 : Sent: Ready
2022-04-19 11:04:03,833 : Recieved: Sync
2022-04-19 11:04:03,834 : Sent: Ready
2022-04-19 11:04:08,890 : Recieved: Sync
2022-04-19 11:04:08,892 : Sent: Ready
2022-04-19 11:04:13,947 : Recieved: Sync
2022-04-19 11:04:13,948 : Sent: Ready
2022-04-19 11:04:19,002 : Recieved: Sync
2022-04-19 11:04:19,003 : Sent: Ready
2022-04-19 11:04:24,029 : Recieved: Sync
2022-04-19 11:04:24,030 : Sent: Ready
2022-04-19 11:04:29,072 : Recieved: Sync
2022-04-19 11:04:29,075 : Sent: Ready
2022-04-19 11:04:34,108 : Recieved: Sync
2022-04-19 11:04:34,111 : Sent: Ready
2022-04-19 11:04:39,147 : Recieved: Sync
2022-04-19 11:04:39,149 : Sent: Ready
2022-04-19 11:04:44,195 : Recieved: Sync
2022-04-19 11:04:44,197 : Sent: Ready
2022-04-19 11:04:49,234 : Recieved: Sync
2022-04-19 11:04:49,236 : Sent: Ready
2022-04-19 11:04:54,270 : Recieved: Sync
2022-04-19 11:04:54,272 : Sent: Ready
2022-04-19 11:04:59,314 : Recieved: Sync
2022-04-19 11:04:59,316 : Sent: Ready
2022-04-19 11:05:04,376 : Recieved: Sync
2022-04-19 11:05:04,378 : Sent: Ready
2022-04-19 11:05:09,406 : Recieved: Sync
2022-04-19 11:05:09,408 : Sent: Ready
2022-04-19 11:05:14,433 : Recieved: Sync
2022-04-19 11:05:14,435 : Sent: Ready
2022-04-19 11:05:19,481 : Recieved: Sync
2022-04-19 11:05:19,483 : Sent: Ready
2022-04-19 11:05:24,525 : Recieved: Sync
2022-04-19 11:05:24,527 : Sent: Ready
2022-04-19 11:05:29,571 : Recieved: Sync
2022-04-19 11:05:29,572 : Sent: Ready
2022-04-19 11:05:34,627 : Recieved: Sync
2022-04-19 11:05:34,628 : Sent: Ready
2022-04-19 11:05:39,673 : Recieved: Sync
2022-04-19 11:05:39,674 : Sent: Ready
2022-04-19 11:05:44,713 : Recieved: Sync
2022-04-19 11:05:44,714 : Sent: Ready
2022-04-19 11:05:49,784 : Recieved: Sync
2022-04-19 11:05:49,785 : Sent: Ready
2022-04-19 11:05:54,832 : Recieved: Sync
2022-04-19 11:05:54,834 : Sent: Ready
2022-04-19 11:05:59,903 : Recieved: Sync
2022-04-19 11:05:59,905 : Sent: Ready
2022-04-19 11:06:04,967 : Recieved: Sync
2022-04-19 11:06:04,969 : Sent: Ready
2022-04-19 11:06:10,012 : Recieved: Sync
2022-04-19 11:06:10,014 : Sent: Ready
2022-04-19 11:06:15,049 : Recieved: Sync
2022-04-19 11:06:15,051 : Sent: Ready
2022-04-19 11:06:20,101 : Recieved: Sync
2022-04-19 11:06:20,103 : Sent: Ready
2022-04-19 11:06:25,156 : Recieved: Sync
2022-04-19 11:06:25,157 : Sent: Ready
2022-04-19 11:06:30,197 : Recieved: Sync
2022-04-19 11:06:30,198 : Sent: Ready
2022-04-19 11:06:35,247 : Recieved: Sync
2022-04-19 11:06:35,249 : Sent: Ready
2022-04-19 11:06:40,296 : Recieved: Sync
2022-04-19 11:06:40,298 : Sent: Ready
2022-04-19 11:06:45,342 : Recieved: Sync
2022-04-19 11:06:45,343 : Sent: Ready
2022-04-19 11:06:50,379 : Recieved: Sync
2022-04-19 11:06:50,381 : Sent: Ready
2022-04-19 11:06:55,430 : Recieved: Sync
2022-04-19 11:06:55,432 : Sent: Ready
2022-04-19 11:07:00,495 : Recieved: Sync
2022-04-19 11:07:00,496 : Sent: Ready
2022-04-19 11:07:05,556 : Recieved: Sync
2022-04-19 11:07:05,557 : Sent: Ready
2022-04-19 11:07:10,628 : Recieved: Sync
2022-04-19 11:07:10,630 : Sent: Ready
2022-04-19 11:07:15,702 : Recieved: Sync
2022-04-19 11:07:15,704 : Sent: Ready
2022-04-19 11:07:20,765 : Recieved: Sync
2022-04-19 11:07:20,767 : Sent: Ready
2022-04-19 11:07:25,814 : Recieved: Sync
2022-04-19 11:07:25,815 : Sent: Ready
2022-04-19 11:07:28,491 : Recieved: S1.0
2022-04-19 11:07:28,497 : Recieved: 3201.6881591910405
2022-04-19 11:07:28,502 : Sent: Moving
2022-04-19 11:07:28,506 : Sent: 0.0
2022-04-19 11:07:28,766 : Sent: 355.7431287990045
2022-04-19 11:07:29,033 : Sent: 711.486257598009
2022-04-19 11:07:29,288 : Sent: 1067.2293863970135
2022-04-19 11:07:29,553 : Sent: 1422.972515196018
2022-04-19 11:07:29,818 : Sent: 1778.7156439950227
2022-04-19 11:07:30,098 : Sent: 2134.458772794027
2022-04-19 11:07:30,351 : Sent: 2490.201901593032
2022-04-19 11:07:30,615 : Sent: 2845.945030392036
2022-04-19 11:07:31,099 : Sent: 3201.6881591910405
2022-04-19 11:07:31,508 : Sent: 3201.6881591910405
2022-04-19 11:07:31,540 : Sent: Ready
2022-04-19 11:07:32,346 : Recieved: Sync
2022-04-19 11:07:32,347 : Sent: Ready
2022-04-19 11:07:37,400 : Recieved: Sync
2022-04-19 11:07:37,402 : Sent: Ready
2022-04-19 11:07:42,452 : Recieved: Sync
2022-04-19 11:07:42,453 : Sent: Ready
2022-04-19 11:07:47,509 : Recieved: Sync
2022-04-19 11:07:47,510 : Sent: Ready
2022-04-19 11:07:52,544 : Recieved: Sync
2022-04-19 11:07:52,545 : Sent: Ready
2022-04-19 11:07:54,727 : Recieved: S1.0
2022-04-19 11:07:54,729 : Recieved: 4527.870799732926
2022-04-19 11:07:54,732 : Sent: Moving
2022-04-19 11:07:54,737 : Sent: 3201.6881591910405
2022-04-19 11:07:55,003 : Sent: 3349.0417859179165
2022-04-19 11:07:55,268 : Sent: 3496.395412644793
2022-04-19 11:07:55,533 : Sent: 3643.749039371669
2022-04-19 11:07:55,799 : Sent: 3791.102666098545
2022-04-19 11:07:56,063 : Sent: 3938.456292825421
2022-04-19 11:07:56,326 : Sent: 4085.8099195522973
2022-04-19 11:07:56,594 : Sent: 4233.163546279173
2022-04-19 11:07:56,860 : Sent: 4380.517173006049
2022-04-19 11:07:57,125 : Sent: 4527.870799732926
2022-04-19 11:07:57,408 : Sent: 4527.870799732926
2022-04-19 11:07:57,427 : Sent: Ready
2022-04-19 11:07:57,663 : Recieved: Sync
2022-04-19 11:07:57,668 : Sent: Ready
2022-04-19 11:08:02,758 : Recieved: Sync
2022-04-19 11:08:02,760 : Sent: Ready
2022-04-19 11:08:07,794 : Recieved: Sync
2022-04-19 11:08:07,799 : Sent: Ready
2022-04-19 11:08:12,869 : Recieved: Sync
2022-04-19 11:08:12,870 : Sent: Ready
2022-04-19 11:08:17,916 : Recieved: Sync
2022-04-19 11:08:17,919 : Sent: Ready
2022-04-19 11:08:22,973 : Recieved: Sync
2022-04-19 11:08:22,975 : Sent: Ready
2022-04-19 11:08:28,223 : Recieved: Sync
2022-04-19 11:08:28,254 : Sent: Ready
2022-04-19 11:08:33,509 : Recieved: Sync
2022-04-19 11:08:33,618 : Sent: Ready
2022-04-19 11:08:36,945 : Recieved: S1.0
2022-04-19 11:08:36,947 : Recieved: 5545.4865228665685
2022-04-19 11:08:36,962 : Sent: Moving
2022-04-19 11:08:36,965 : Sent: 4527.870799732926
2022-04-19 11:08:37,222 : Sent: 4640.939213414442
2022-04-19 11:08:37,487 : Sent: 4754.007627095957
2022-04-19 11:08:37,756 : Sent: 4867.076040777473
2022-04-19 11:08:38,065 : Sent: 4980.1444544589895
2022-04-19 11:08:38,369 : Sent: 5093.212868140505
2022-04-19 11:08:38,781 : Sent: 5206.281281822021
2022-04-19 11:08:39,174 : Sent: 5319.349695503537
2022-04-19 11:08:39,513 : Sent: 5432.418109185052
2022-04-19 11:08:39,833 : Sent: 5545.4865228665685
2022-04-19 11:08:40,124 : Sent: 5545.4865228665685
2022-04-19 11:08:40,260 : Sent: Ready
2022-04-19 11:08:40,275 : Recieved: S1.0
2022-04-19 11:08:40,335 : Recieved: 5545.486527031862
2022-04-19 11:08:40,432 : Sent: Moving
2022-04-19 11:08:40,510 : Sent: 5545.4865228665685
2022-04-19 11:08:40,781 : Sent: 5545.4865233293785
2022-04-19 11:08:41,046 : Sent: 5545.4865237921895
2022-04-19 11:08:41,340 : Sent: 5545.4865242549995
2022-04-19 11:08:41,622 : Sent: 5545.48652471781
2022-04-19 11:08:41,922 : Sent: 5545.48652518062
2022-04-19 11:08:42,238 : Sent: 5545.486525643431
2022-04-19 11:08:42,520 : Sent: 5545.486526106241
2022-04-19 11:08:42,849 : Sent: 5545.486526569052
2022-04-19 11:08:43,150 : Sent: 5545.486527031862
2022-04-19 11:08:43,433 : Sent: 5545.486527031862
2022-04-19 11:08:43,465 : Sent: Ready
2022-04-19 11:08:43,479 : Recieved: S1.0
2022-04-19 11:08:43,496 : Recieved: 5729.339869295329
2022-04-19 11:08:43,527 : Sent: Moving
2022-04-19 11:08:43,558 : Sent: 5545.486527031862
2022-04-19 11:08:43,856 : Sent: 5565.914676172248
2022-04-19 11:08:44,151 : Sent: 5586.342825312633
2022-04-19 11:08:44,419 : Sent: 5606.7709744530175
2022-04-19 11:08:44,682 : Sent: 5627.199123593403
2022-04-19 11:08:44,948 : Sent: 5647.627272733788
2022-04-19 11:08:45,215 : Sent: 5668.055421874174
2022-04-19 11:08:45,481 : Sent: 5688.483571014558
2022-04-19 11:08:45,779 : Sent: 5708.911720154943
2022-04-19 11:08:46,279 : Sent: 5729.339869295329
2022-04-19 11:08:46,589 : Sent: 5729.339869295329
2022-04-19 11:08:46,621 : Sent: Ready
2022-04-19 11:08:46,747 : Recieved: Sync
2022-04-19 11:08:46,809 : Sent: Ready
2022-04-19 11:08:46,871 : Recieved: S1.0
2022-04-19 11:08:46,935 : Recieved: 7842.502263215078
2022-04-19 11:08:46,996 : Sent: Moving
2022-04-19 11:08:47,066 : Sent: 5729.339869295329
2022-04-19 11:08:47,342 : Sent: 5964.1356908419675
2022-04-19 11:08:47,609 : Sent: 6198.931512388606
2022-04-19 11:08:47,876 : Sent: 6433.727333935245
2022-04-19 11:08:48,143 : Sent: 6668.523155481884
2022-04-19 11:08:48,409 : Sent: 6903.318977028523
2022-04-19 11:08:48,663 : Sent: 7138.114798575161
2022-04-19 11:08:48,943 : Sent: 7372.9106201218
2022-04-19 11:08:49,227 : Sent: 7607.706441668439
2022-04-19 11:08:49,543 : Sent: 7842.502263215078
2022-04-19 11:08:49,840 : Sent: 7842.502263215078
2022-04-19 11:08:49,886 : Sent: Ready
2022-04-19 11:08:49,902 : Recieved: S1.0
2022-04-19 11:08:49,918 : Recieved: 7842.502264156956
2022-04-19 11:08:49,948 : Sent: Moving
2022-04-19 11:08:49,951 : Sent: 7842.502263215078
2022-04-19 11:08:50,245 : Sent: 7842.50226331973
2022-04-19 11:08:50,573 : Sent: 7842.502263424384
2022-04-19 11:08:50,840 : Sent: 7842.502263529037
2022-04-19 11:08:51,105 : Sent: 7842.50226363369
2022-04-19 11:08:51,372 : Sent: 7842.502263738344
2022-04-19 11:08:51,640 : Sent: 7842.502263842996
2022-04-19 11:08:51,905 : Sent: 7842.502263947649
2022-04-19 11:08:52,222 : Sent: 7842.502264052303
2022-04-19 11:08:52,585 : Sent: 7842.502264156956
2022-04-19 11:08:53,073 : Sent: 7842.502264156956
2022-04-19 11:08:53,152 : Sent: Ready
2022-04-19 11:08:53,325 : Recieved: S1.0
2022-04-19 11:08:53,390 : Recieved: 7842.502265495557
2022-04-19 11:08:53,473 : Sent: Moving
2022-04-19 11:08:53,478 : Sent: 7842.502264156956
2022-04-19 11:08:53,798 : Sent: 7842.502264305689
2022-04-19 11:08:54,095 : Sent: 7842.502264454422
2022-04-19 11:08:54,394 : Sent: 7842.502264603157
2022-04-19 11:08:54,679 : Sent: 7842.50226475189
2022-04-19 11:08:54,977 : Sent: 7842.502264900623
2022-04-19 11:08:55,274 : Sent: 7842.5022650493565
2022-04-19 11:08:55,606 : Sent: 7842.502265198091
2022-04-19 11:08:56,140 : Sent: 7842.502265346824
2022-04-19 11:08:56,471 : Sent: 7842.502265495557
2022-04-19 11:08:56,895 : Sent: 7842.502265495557
2022-04-19 11:08:56,972 : Sent: Ready
2022-04-19 11:08:57,021 : Recieved: Sync
2022-04-19 11:08:57,070 : Sent: Ready
2022-04-19 11:08:57,098 : Recieved: Sync
2022-04-19 11:08:57,114 : Sent: Ready
2022-04-19 11:08:58,640 : Recieved: Sync
2022-04-19 11:08:58,642 : Sent: Ready
2022-04-19 11:09:03,754 : Recieved: Sync
2022-04-19 11:09:03,756 : Sent: Ready
2022-04-19 11:09:08,796 : Recieved: Sync
2022-04-19 11:09:08,807 : Sent: Ready
2022-04-19 11:09:13,844 : Recieved: Sync
2022-04-19 11:09:13,844 : Sent: Ready
2022-04-19 11:09:18,904 : Recieved: Sync
2022-04-19 11:09:18,906 : Sent: Ready
2022-04-19 11:09:23,954 : Recieved: Sync
2022-04-19 11:09:23,956 : Sent: Ready
2022-04-19 11:09:28,998 : Recieved: Sync
2022-04-19 11:09:28,999 : Sent: Ready
2022-04-19 11:09:34,046 : Recieved: Sync
2022-04-19 11:09:34,048 : Sent: Ready
2022-04-19 11:09:39,092 : Recieved: Sync
2022-04-19 11:09:39,094 : Sent: Ready
2022-04-19 11:09:44,149 : Recieved: Sync
2022-04-19 11:09:44,151 : Sent: Ready
2022-04-19 11:09:49,194 : Recieved: Sync
2022-04-19 11:09:49,196 : Sent: Ready
2022-04-19 11:09:54,237 : Recieved: Sync
2022-04-19 11:09:54,240 : Sent: Ready
2022-04-19 11:09:59,267 : Recieved: Sync
2022-04-19 11:09:59,269 : Sent: Ready
2022-04-19 11:10:04,316 : Recieved: Sync
2022-04-19 11:10:04,318 : Sent: Ready
2022-04-19 11:10:09,356 : Recieved: Sync
2022-04-19 11:10:09,357 : Sent: Ready
2022-04-19 11:10:14,392 : Recieved: Sync
2022-04-19 11:10:14,394 : Sent: Ready
2022-04-19 11:10:19,435 : Recieved: Sync
2022-04-19 11:10:19,437 : Sent: Ready
2022-04-19 11:10:24,467 : Recieved: Sync
2022-04-19 11:10:24,469 : Sent: Ready
2022-04-19 11:10:29,527 : Recieved: Sync
2022-04-19 11:10:29,528 : Sent: Ready
2022-04-19 11:10:34,561 : Recieved: Sync
2022-04-19 11:10:34,563 : Sent: Ready
2022-04-19 11:10:39,601 : Recieved: Sync
2022-04-19 11:10:39,603 : Sent: Ready
2022-04-19 11:10:44,630 : Recieved: Sync
2022-04-19 11:10:44,632 : Sent: Ready
2022-04-19 11:10:49,691 : Recieved: Sync
2022-04-19 11:10:49,693 : Sent: Ready
2022-04-19 11:10:54,740 : Recieved: Sync
2022-04-19 11:10:54,742 : Sent: Ready
2022-04-19 11:10:59,789 : Recieved: Sync
2022-04-19 11:10:59,791 : Sent: Ready
2022-04-19 11:11:04,835 : Recieved: Sync
2022-04-19 11:11:04,837 : Sent: Ready
2022-04-19 11:11:09,875 : Recieved: Sync
2022-04-19 11:11:09,878 : Sent: Ready
2022-04-19 11:11:14,932 : Recieved: Sync
2022-04-19 11:11:14,934 : Sent: Ready
2022-04-19 11:11:19,971 : Recieved: Sync
2022-04-19 11:11:19,972 : Sent: Ready
2022-04-19 11:11:25,024 : Recieved: Sync
2022-04-19 11:11:25,026 : Sent: Ready
2022-04-19 11:11:30,070 : Recieved: Sync
2022-04-19 11:11:30,072 : Sent: Ready
2022-04-19 11:11:35,119 : Recieved: Sync
2022-04-19 11:11:35,121 : Sent: Ready
2022-04-19 11:11:40,162 : Recieved: Sync
2022-04-19 11:11:40,163 : Sent: Ready
2022-04-19 11:11:45,217 : Recieved: Sync
2022-04-19 11:11:45,219 : Sent: Ready
2022-04-19 11:11:50,271 : Recieved: Sync
2022-04-19 11:11:50,272 : Sent: Ready
2022-04-19 11:11:55,313 : Recieved: Sync
2022-04-19 11:11:55,314 : Sent: Ready
2022-04-19 11:12:00,364 : Recieved: Sync
2022-04-19 11:12:00,365 : Sent: Ready
2022-04-19 11:12:05,410 : Recieved: Sync
2022-04-19 11:12:05,413 : Sent: Ready
2022-04-19 11:12:10,452 : Recieved: Sync
2022-04-19 11:12:10,455 : Sent: Ready
2022-04-19 11:12:15,505 : Recieved: Sync
2022-04-19 11:12:15,507 : Sent: Ready
2022-04-19 11:12:20,550 : Recieved: Sync
2022-04-19 11:12:20,552 : Sent: Ready
2022-04-19 11:12:25,602 : Recieved: Sync
2022-04-19 11:12:25,603 : Sent: Ready
2022-04-19 11:12:30,644 : Recieved: Sync
2022-04-19 11:12:30,647 : Sent: Ready
2022-04-19 11:12:35,699 : Recieved: Sync
2022-04-19 11:12:35,701 : Sent: Ready
2022-04-19 11:12:40,740 : Recieved: Sync
2022-04-19 11:12:40,742 : Sent: Ready
2022-04-19 11:12:45,789 : Recieved: Sync
2022-04-19 11:12:45,791 : Sent: Ready
2022-04-19 11:12:50,848 : Recieved: Sync
2022-04-19 11:12:50,851 : Sent: Ready
2022-04-19 11:12:55,903 : Recieved: Sync
2022-04-19 11:12:55,905 : Sent: Ready
2022-04-19 11:13:00,956 : Recieved: Sync
2022-04-19 11:13:00,958 : Sent: Ready
2022-04-19 11:13:06,007 : Recieved: Sync
2022-04-19 11:13:06,009 : Sent: Ready
2022-04-19 11:13:11,052 : Recieved: Sync
2022-04-19 11:13:11,053 : Sent: Ready
2022-04-19 11:13:16,106 : Recieved: Sync
2022-04-19 11:13:16,108 : Sent: Ready
2022-04-19 11:13:21,157 : Recieved: Sync
2022-04-19 11:13:21,159 : Sent: Ready
2022-04-19 11:13:26,191 : Recieved: Sync
2022-04-19 11:13:26,193 : Sent: Ready
2022-04-19 11:13:31,241 : Recieved: Sync
2022-04-19 11:13:31,243 : Sent: Ready
2022-04-19 11:13:36,270 : Recieved: Sync
2022-04-19 11:13:36,271 : Sent: Ready
2022-04-19 11:13:41,323 : Recieved: Sync
2022-04-19 11:13:41,325 : Sent: Ready
2022-04-19 11:13:46,366 : Recieved: Sync
2022-04-19 11:13:46,369 : Sent: Ready
2022-04-19 11:13:51,422 : Recieved: Sync
2022-04-19 11:13:51,424 : Sent: Ready
2022-04-19 11:13:56,467 : Recieved: Sync
2022-04-19 11:13:56,469 : Sent: Ready
2022-04-19 11:14:01,528 : Recieved: Sync
2022-04-19 11:14:01,529 : Sent: Ready
2022-04-19 11:14:06,578 : Recieved: Sync
2022-04-19 11:14:06,580 : Sent: Ready
2022-04-19 11:14:11,621 : Recieved: Sync
2022-04-19 11:14:11,623 : Sent: Ready
2022-04-19 11:14:16,670 : Recieved: Sync
2022-04-19 11:14:16,671 : Sent: Ready
2022-04-19 11:14:21,722 : Recieved: Sync
2022-04-19 11:14:21,725 : Sent: Ready
2022-04-19 11:14:26,759 : Recieved: Sync
2022-04-19 11:14:26,761 : Sent: Ready
2022-04-19 11:14:31,794 : Recieved: Sync
2022-04-19 11:14:31,796 : Sent: Ready
2022-04-19 11:14:36,824 : Recieved: Sync
2022-04-19 11:14:36,829 : Sent: Ready
2022-04-19 11:14:41,859 : Recieved: Sync
2022-04-19 11:14:41,861 : Sent: Ready
2022-04-19 11:14:46,869 : Recieved: Sync
2022-04-19 11:14:46,872 : Sent: Ready
2022-04-19 11:14:51,880 : Recieved: Sync
2022-04-19 11:14:51,882 : Sent: Ready
2022-04-19 11:14:56,920 : Recieved: Sync
2022-04-19 11:14:56,923 : Sent: Ready
2022-04-19 11:15:01,943 : Recieved: Sync
2022-04-19 11:15:01,945 : Sent: Ready
2022-04-19 11:15:06,978 : Recieved: Sync
2022-04-19 11:15:06,980 : Sent: Ready
2022-04-19 11:15:11,996 : Recieved: Sync
2022-04-19 11:15:11,998 : Sent: Ready
2022-04-19 11:15:17,030 : Recieved: Sync
2022-04-19 11:15:17,031 : Sent: Ready
2022-04-19 11:15:22,047 : Recieved: Sync
2022-04-19 11:15:22,048 : Sent: Ready
2022-04-19 11:15:27,060 : Recieved: Sync
2022-04-19 11:15:27,062 : Sent: Ready
2022-04-19 11:15:32,066 : Recieved: Sync
2022-04-19 11:15:32,068 : Sent: Ready
2022-04-19 11:15:37,079 : Recieved: Sync
2022-04-19 11:15:37,080 : Sent: Ready
2022-04-19 11:15:42,096 : Recieved: Sync
2022-04-19 11:15:42,098 : Sent: Ready
2022-04-19 11:15:47,108 : Recieved: Sync
2022-04-19 11:15:47,111 : Sent: Ready
2022-04-19 11:15:52,122 : Recieved: Sync
2022-04-19 11:15:52,124 : Sent: Ready
2022-04-19 11:15:57,133 : Recieved: Sync
2022-04-19 11:15:57,135 : Sent: Ready
2022-04-19 11:16:02,140 : Recieved: Sync
2022-04-19 11:16:02,143 : Sent: Ready
2022-04-19 11:16:07,158 : Recieved: Sync
2022-04-19 11:16:07,161 : Sent: Ready
2022-04-19 11:16:12,176 : Recieved: Sync
2022-04-19 11:16:12,178 : Sent: Ready
2022-04-19 11:16:17,194 : Recieved: Sync
2022-04-19 11:16:17,196 : Sent: Ready
2022-04-19 11:16:22,204 : Recieved: Sync
2022-04-19 11:16:22,206 : Sent: Ready
2022-04-19 11:16:27,220 : Recieved: Sync
2022-04-19 11:16:27,222 : Sent: Ready
2022-04-19 11:16:32,237 : Recieved: Sync
2022-04-19 11:16:32,239 : Sent: Ready
2022-04-19 11:16:37,249 : Recieved: Sync
2022-04-19 11:16:37,251 : Sent: Ready
2022-04-19 11:16:42,256 : Recieved: Sync
2022-04-19 11:16:42,258 : Sent: Ready
2022-04-19 11:16:47,269 : Recieved: Sync
2022-04-19 11:16:47,271 : Sent: Ready
2022-04-19 11:16:52,277 : Recieved: Sync
2022-04-19 11:16:52,280 : Sent: Ready
2022-04-19 11:16:57,285 : Recieved: Sync
2022-04-19 11:16:57,287 : Sent: Ready
2022-04-19 11:17:02,294 : Recieved: Sync
2022-04-19 11:17:02,299 : Sent: Ready
2022-04-19 11:17:07,329 : Recieved: Sync
2022-04-19 11:17:07,332 : Sent: Ready
2022-04-19 11:17:12,349 : Recieved: Sync
2022-04-19 11:17:12,352 : Sent: Ready
2022-04-19 11:17:17,366 : Recieved: Sync
2022-04-19 11:17:17,369 : Sent: Ready
2022-04-19 11:17:22,381 : Recieved: Sync
2022-04-19 11:17:22,384 : Sent: Ready
2022-04-19 11:17:27,418 : Recieved: Sync
2022-04-19 11:17:27,420 : Sent: Ready
2022-04-19 11:17:32,462 : Recieved: Sync
2022-04-19 11:17:32,464 : Sent: Ready
2022-04-19 11:17:37,501 : Recieved: Sync
2022-04-19 11:17:37,503 : Sent: Ready
2022-04-19 11:17:42,527 : Recieved: Sync
2022-04-19 11:17:42,529 : Sent: Ready
2022-04-19 11:17:47,565 : Recieved: Sync
2022-04-19 11:17:47,567 : Sent: Ready
2022-04-19 11:17:52,595 : Recieved: Sync
2022-04-19 11:17:52,597 : Sent: Ready
2022-04-19 11:17:57,646 : Recieved: Sync
2022-04-19 11:17:57,648 : Sent: Ready
2022-04-19 11:18:02,682 : Recieved: Sync
2022-04-19 11:18:02,683 : Sent: Ready
2022-04-19 11:18:07,696 : Recieved: Sync
2022-04-19 11:18:07,698 : Sent: Ready
2022-04-19 11:18:12,744 : Recieved: Sync
2022-04-19 11:18:12,744 : Sent: Ready
2022-04-19 11:18:17,792 : Recieved: Sync
2022-04-19 11:18:17,794 : Sent: Ready
2022-04-19 11:18:22,852 : Recieved: Sync
2022-04-19 11:18:22,854 : Sent: Ready
2022-04-19 11:18:27,911 : Recieved: Sync
2022-04-19 11:18:27,913 : Sent: Ready
2022-04-19 11:18:32,985 : Recieved: Sync
2022-04-19 11:18:32,986 : Sent: Ready
2022-04-19 11:18:38,041 : Recieved: Sync
2022-04-19 11:18:38,042 : Sent: Ready
2022-04-19 11:18:43,099 : Recieved: Sync
2022-04-19 11:18:43,101 : Sent: Ready
2022-04-19 11:18:48,160 : Recieved: Sync
2022-04-19 11:18:48,163 : Sent: Ready
2022-04-19 11:18:53,224 : Recieved: Sync
2022-04-19 11:18:53,226 : Sent: Ready
2022-04-19 11:18:58,295 : Recieved: Sync
2022-04-19 11:18:58,297 : Sent: Ready
2022-04-19 11:19:03,359 : Recieved: Sync
2022-04-19 11:19:03,361 : Sent: Ready
2022-04-19 11:19:08,414 : Recieved: Sync
2022-04-19 11:19:08,415 : Sent: Ready
2022-04-19 11:19:13,481 : Recieved: Sync
2022-04-19 11:19:13,484 : Sent: Ready
2022-04-19 11:19:18,585 : Recieved: Sync
2022-04-19 11:19:18,587 : Sent: Ready
2022-04-19 11:19:23,590 : Recieved: Sync
2022-04-19 11:19:23,593 : Sent: Ready
2022-04-19 11:19:28,596 : Recieved: Sync
2022-04-19 11:19:28,598 : Sent: Ready
2022-04-19 11:19:33,661 : Recieved: Sync
2022-04-19 11:19:33,664 : Sent: Ready
2022-04-19 11:19:38,686 : Recieved: Sync
2022-04-19 11:19:38,687 : Sent: Ready
2022-04-19 11:19:43,751 : Recieved: Sync
2022-04-19 11:19:43,753 : Sent: Ready
2022-04-19 11:19:48,795 : Recieved: Sync
2022-04-19 11:19:48,798 : Sent: Ready
2022-04-19 11:19:53,829 : Recieved: Sync
2022-04-19 11:19:53,831 : Sent: Ready
2022-04-19 11:19:58,877 : Recieved: Sync
2022-04-19 11:19:58,878 : Sent: Ready
2022-04-19 11:20:03,928 : Recieved: Sync
2022-04-19 11:20:03,931 : Sent: Ready
2022-04-19 11:20:08,983 : Recieved: Sync
2022-04-19 11:20:08,985 : Sent: Ready
2022-04-19 11:20:14,039 : Recieved: Sync
2022-04-19 11:20:14,040 : Sent: Ready
2022-04-19 11:20:19,082 : Recieved: Sync
2022-04-19 11:20:19,083 : Sent: Ready
2022-04-19 11:20:24,108 : Recieved: Sync
2022-04-19 11:20:24,110 : Sent: Ready
2022-04-19 11:20:29,151 : Recieved: Sync
2022-04-19 11:20:29,153 : Sent: Ready
2022-04-19 11:20:34,190 : Recieved: Sync
2022-04-19 11:20:34,193 : Sent: Ready
2022-04-19 11:20:39,218 : Recieved: Sync
2022-04-19 11:20:39,219 : Sent: Ready
2022-04-19 11:20:44,261 : Recieved: Sync
2022-04-19 11:20:44,263 : Sent: Ready
2022-04-19 11:20:49,317 : Recieved: Sync
2022-04-19 11:20:49,318 : Sent: Ready
2022-04-19 11:20:54,377 : Recieved: Sync
2022-04-19 11:20:54,379 : Sent: Ready
2022-04-19 11:20:59,439 : Recieved: Sync
2022-04-19 11:20:59,441 : Sent: Ready
2022-04-19 11:21:04,502 : Recieved: Sync
2022-04-19 11:21:04,502 : Sent: Ready
2022-04-19 11:21:09,564 : Recieved: Sync
2022-04-19 11:21:09,566 : Sent: Ready
2022-04-19 11:21:14,636 : Recieved: Sync
2022-04-19 11:21:14,638 : Sent: Ready
2022-04-19 11:21:19,706 : Recieved: Sync
2022-04-19 11:21:19,707 : Sent: Ready
2022-04-19 11:21:24,772 : Recieved: Sync
2022-04-19 11:21:24,774 : Sent: Ready
2022-04-19 11:21:29,854 : Recieved: Sync
2022-04-19 11:21:29,856 : Sent: Ready
2022-04-19 11:21:34,913 : Recieved: Sync
2022-04-19 11:21:34,915 : Sent: Ready
2022-04-19 11:21:39,983 : Recieved: Sync
2022-04-19 11:21:39,986 : Sent: Ready
2022-04-19 11:21:45,066 : Recieved: Sync
2022-04-19 11:21:45,067 : Sent: Ready
2022-04-19 11:21:50,128 : Recieved: Sync
2022-04-19 11:21:50,129 : Sent: Ready
2022-04-19 11:21:55,192 : Recieved: Sync
2022-04-19 11:21:55,194 : Sent: Ready
2022-04-19 11:22:00,251 : Recieved: Sync
2022-04-19 11:22:00,253 : Sent: Ready
2022-04-19 11:22:05,305 : Recieved: Sync
2022-04-19 11:22:05,307 : Sent: Ready
2022-04-19 11:22:10,374 : Recieved: Sync
2022-04-19 11:22:10,376 : Sent: Ready
2022-04-19 11:22:15,454 : Recieved: Sync
2022-04-19 11:22:15,456 : Sent: Ready
2022-04-19 11:22:20,526 : Recieved: Sync
2022-04-19 11:22:20,528 : Sent: Ready
2022-04-19 11:22:25,589 : Recieved: Sync
2022-04-19 11:22:25,591 : Sent: Ready
2022-04-19 11:22:30,662 : Recieved: Sync
2022-04-19 11:22:30,665 : Sent: Ready
2022-04-19 11:22:35,730 : Recieved: Sync
2022-04-19 11:22:35,732 : Sent: Ready
2022-04-19 11:22:40,788 : Recieved: Sync
2022-04-19 11:22:40,790 : Sent: Ready
2022-04-19 11:22:45,853 : Recieved: Sync
2022-04-19 11:22:45,855 : Sent: Ready
2022-04-19 11:22:50,920 : Recieved: Sync
2022-04-19 11:22:50,922 : Sent: Ready
2022-04-19 11:22:55,991 : Recieved: Sync
2022-04-19 11:22:55,993 : Sent: Ready
2022-04-19 11:23:01,056 : Recieved: Sync
2022-04-19 11:23:01,058 : Sent: Ready
2022-04-19 11:23:06,135 : Recieved: Sync
2022-04-19 11:23:06,137 : Sent: Ready
2022-04-19 11:23:11,200 : Recieved: Sync
2022-04-19 11:23:11,202 : Sent: Ready
2022-04-19 11:23:16,271 : Recieved: Sync
2022-04-19 11:23:16,273 : Sent: Ready
2022-04-19 11:23:21,337 : Recieved: Sync
2022-04-19 11:23:21,339 : Sent: Ready
2022-04-19 12:03:42,203 : Recieved: Sync
2022-04-19 12:03:42,205 : Sent: Ready
2022-04-19 12:03:47,239 : Recieved: Sync
2022-04-19 12:03:47,243 : Sent: Ready
2022-04-19 12:03:52,316 : Recieved: Sync
2022-04-19 12:03:52,317 : Sent: Ready
2022-04-19 12:03:57,343 : Recieved: Sync
2022-04-19 12:03:57,344 : Sent: Ready
2022-04-19 12:04:02,365 : Recieved: Sync
2022-04-19 12:04:02,406 : Sent: Ready
2022-04-19 12:04:07,519 : Recieved: Sync
2022-04-19 12:04:07,521 : Sent: Ready
2022-04-19 12:04:12,531 : Recieved: Sync
2022-04-19 12:04:12,533 : Sent: Ready
2022-04-19 12:04:17,535 : Recieved: Sync
2022-04-19 12:04:17,537 : Sent: Ready
2022-04-19 12:04:22,554 : Recieved: Sync
2022-04-19 12:04:22,556 : Sent: Ready
2022-04-19 12:04:27,565 : Recieved: Sync
2022-04-19 12:04:27,567 : Sent: Ready
2022-04-19 12:04:32,587 : Recieved: Sync
2022-04-19 12:04:32,589 : Sent: Ready
2022-04-19 12:04:37,618 : Recieved: Sync
2022-04-19 12:04:37,621 : Sent: Ready
2022-04-19 12:04:42,642 : Recieved: Sync
2022-04-19 12:04:42,644 : Sent: Ready
2022-04-19 12:04:47,664 : Recieved: Sync
2022-04-19 12:04:47,667 : Sent: Ready
2022-04-19 12:04:52,691 : Recieved: Sync
2022-04-19 12:04:52,692 : Sent: Ready
2022-04-19 12:04:57,725 : Recieved: Sync
2022-04-19 12:04:57,727 : Sent: Ready
2022-04-19 12:05:02,763 : Recieved: Sync
2022-04-19 12:05:02,765 : Sent: Ready
2022-04-19 12:05:07,792 : Recieved: Sync
2022-04-19 12:05:07,794 : Sent: Ready
2022-04-19 12:05:12,808 : Recieved: Sync
2022-04-19 12:05:12,810 : Sent: Ready
2022-04-19 12:05:17,827 : Recieved: Sync
2022-04-19 12:05:17,829 : Sent: Ready
2022-04-19 12:05:22,852 : Recieved: Sync
2022-04-19 12:05:22,854 : Sent: Ready
