2022-04-19 11:02:52,354 : Connected to: 127.0.0.1, 60867
2022-04-19 11:02:52,365 : Sent: Ready
2022-04-19 11:02:52,388 : Recieved: Yes
2022-04-19 11:02:52,846 : Recieved: E0.0
2022-04-19 11:02:52,983 : Recieved: DM-1
2022-04-19 11:02:52,988 : Recieved: DE1
2022-04-19 11:02:52,992 : Recieved: kP1.0
2022-04-19 11:02:53,000 : Recieved: kI0.0
2022-04-19 11:02:53,003 : Recieved: kD0.0
2022-04-19 11:02:53,014 : Recieved: Sync
2022-04-19 11:02:53,017 : Sent: Ready
2022-04-19 11:02:58,031 : Recieved: Sync
2022-04-19 11:02:58,032 : Sent: Ready
2022-04-19 11:03:03,090 : Recieved: Sync
2022-04-19 11:03:03,092 : Sent: Ready
2022-04-19 11:03:08,141 : Recieved: Sync
2022-04-19 11:03:08,142 : Sent: Ready
2022-04-19 11:03:13,189 : Recieved: Sync
2022-04-19 11:03:13,191 : Sent: Ready
2022-04-19 11:03:18,252 : Recieved: Sync
2022-04-19 11:03:18,254 : Sent: Ready
2022-04-19 11:03:23,307 : Recieved: Sync
2022-04-19 11:03:23,308 : Sent: Ready
2022-04-19 11:03:28,356 : Recieved: Sync
2022-04-19 11:03:28,357 : Sent: Ready
2022-04-19 11:03:33,418 : Recieved: Sync
2022-04-19 11:03:33,419 : Sent: Ready
2022-04-19 11:03:38,474 : Recieved: Sync
2022-04-19 11:03:38,475 : Sent: Ready
2022-04-19 11:03:43,542 : Recieved: Sync
2022-04-19 11:03:43,544 : Sent: Ready
2022-04-19 11:03:48,605 : Recieved: Sync
2022-04-19 11:03:48,607 : Sent: Ready
2022-04-19 11:03:53,672 : Recieved: Sync
2022-04-19 11:03:53,674 : Sent: Ready
2022-04-19 11:03:58,741 : Recieved: Sync
2022-04-19 11:03:58,743 : Sent: Ready
2022-04-19 11:04:03,802 : Recieved: Sync
2022-04-19 11:04:03,803 : Sent: Ready
2022-04-19 11:04:08,860 : Recieved: Sync
2022-04-19 11:04:08,861 : Sent: Ready
2022-04-19 11:04:13,916 : Recieved: Sync
2022-04-19 11:04:13,917 : Sent: Ready
2022-04-19 11:04:18,971 : Recieved: Sync
2022-04-19 11:04:18,973 : Sent: Ready
2022-04-19 11:04:23,997 : Recieved: Sync
2022-04-19 11:04:23,998 : Sent: Ready
2022-04-19 11:04:29,041 : Recieved: Sync
2022-04-19 11:04:29,044 : Sent: Ready
2022-04-19 11:04:34,077 : Recieved: Sync
2022-04-19 11:04:34,079 : Sent: Ready
2022-04-19 11:04:39,115 : Recieved: Sync
2022-04-19 11:04:39,118 : Sent: Ready
2022-04-19 11:04:44,164 : Recieved: Sync
2022-04-19 11:04:44,165 : Sent: Ready
2022-04-19 11:04:49,202 : Recieved: Sync
2022-04-19 11:04:49,204 : Sent: Ready
2022-04-19 11:04:54,238 : Recieved: Sync
2022-04-19 11:04:54,241 : Sent: Ready
2022-04-19 11:04:59,284 : Recieved: Sync
2022-04-19 11:04:59,285 : Sent: Ready
2022-04-19 11:05:04,344 : Recieved: Sync
2022-04-19 11:05:04,357 : Sent: Ready
2022-04-19 11:05:09,373 : Recieved: Sync
2022-04-19 11:05:09,375 : Sent: Ready
2022-04-19 11:05:14,403 : Recieved: Sync
2022-04-19 11:05:14,406 : Sent: Ready
2022-04-19 11:05:19,449 : Recieved: Sync
2022-04-19 11:05:19,451 : Sent: Ready
2022-04-19 11:05:24,494 : Recieved: Sync
2022-04-19 11:05:24,495 : Sent: Ready
2022-04-19 11:05:29,539 : Recieved: Sync
2022-04-19 11:05:29,540 : Sent: Ready
2022-04-19 11:05:34,598 : Recieved: Sync
2022-04-19 11:05:34,600 : Sent: Ready
2022-04-19 11:05:39,643 : Recieved: Sync
2022-04-19 11:05:39,644 : Sent: Ready
2022-04-19 11:05:44,682 : Recieved: Sync
2022-04-19 11:05:44,683 : Sent: Ready
2022-04-19 11:05:49,751 : Recieved: Sync
2022-04-19 11:05:49,753 : Sent: Ready
2022-04-19 11:05:54,801 : Recieved: Sync
2022-04-19 11:05:54,802 : Sent: Ready
2022-04-19 11:05:59,872 : Recieved: Sync
2022-04-19 11:05:59,873 : Sent: Ready
2022-04-19 11:06:04,935 : Recieved: Sync
2022-04-19 11:06:04,937 : Sent: Ready
2022-04-19 11:06:09,980 : Recieved: Sync
2022-04-19 11:06:09,982 : Sent: Ready
2022-04-19 11:06:15,019 : Recieved: Sync
2022-04-19 11:06:15,020 : Sent: Ready
2022-04-19 11:06:20,069 : Recieved: Sync
2022-04-19 11:06:20,071 : Sent: Ready
2022-04-19 11:06:25,125 : Recieved: Sync
2022-04-19 11:06:25,127 : Sent: Ready
2022-04-19 11:06:30,165 : Recieved: Sync
2022-04-19 11:06:30,166 : Sent: Ready
2022-04-19 11:06:35,215 : Recieved: Sync
2022-04-19 11:06:35,217 : Sent: Ready
2022-04-19 11:06:40,265 : Recieved: Sync
2022-04-19 11:06:40,267 : Sent: Ready
2022-04-19 11:06:45,312 : Recieved: Sync
2022-04-19 11:06:45,313 : Sent: Ready
2022-04-19 11:06:50,349 : Recieved: Sync
2022-04-19 11:06:50,350 : Sent: Ready
2022-04-19 11:06:55,399 : Recieved: Sync
2022-04-19 11:06:55,401 : Sent: Ready
2022-04-19 11:07:00,463 : Recieved: Sync
2022-04-19 11:07:00,465 : Sent: Ready
2022-04-19 11:07:05,524 : Recieved: Sync
2022-04-19 11:07:05,525 : Sent: Ready
2022-04-19 11:07:10,598 : Recieved: Sync
2022-04-19 11:07:10,601 : Sent: Ready
2022-04-19 11:07:15,671 : Recieved: Sync
2022-04-19 11:07:15,674 : Sent: Ready
2022-04-19 11:07:20,736 : Recieved: Sync
2022-04-19 11:07:20,738 : Sent: Ready
2022-04-19 11:07:25,781 : Recieved: Sync
2022-04-19 11:07:25,784 : Sent: Ready
2022-04-19 11:07:28,509 : Recieved: S1.0
2022-04-19 11:07:28,518 : Recieved: 22639.354086086594
2022-04-19 11:07:28,523 : Sent: Moving
2022-04-19 11:07:28,531 : Sent: 0.0
2022-04-19 11:07:28,797 : Sent: 2515.483787342955
2022-04-19 11:07:29,064 : Sent: 5030.96757468591
2022-04-19 11:07:29,320 : Sent: 7546.451362028865
2022-04-19 11:07:29,585 : Sent: 10061.93514937182
2022-04-19 11:07:29,851 : Sent: 12577.418936714776
2022-04-19 11:07:30,130 : Sent: 15092.90272405773
2022-04-19 11:07:30,382 : Sent: 17608.386511400684
2022-04-19 11:07:30,648 : Sent: 20123.87029874364
2022-04-19 11:07:30,992 : Sent: 22639.354086086594
2022-04-19 11:07:31,539 : Sent: 22639.354086086594
2022-04-19 11:07:31,618 : Sent: Ready
2022-04-19 11:07:32,327 : Recieved: Sync
2022-04-19 11:07:32,344 : Sent: Ready
2022-04-19 11:07:37,354 : Recieved: Sync
2022-04-19 11:07:37,356 : Sent: Ready
2022-04-19 11:07:42,390 : Recieved: Sync
2022-04-19 11:07:42,392 : Sent: Ready
2022-04-19 11:07:47,446 : Recieved: Sync
2022-04-19 11:07:47,448 : Sent: Ready
2022-04-19 11:07:52,481 : Recieved: Sync
2022-04-19 11:07:52,482 : Sent: Ready
2022-04-19 11:07:54,743 : Recieved: S1.0
2022-04-19 11:07:54,747 : Recieved: 19475.108814754414
2022-04-19 11:07:54,751 : Sent: Moving
2022-04-19 11:07:54,755 : Sent: 22639.354086086594
2022-04-19 11:07:55,019 : Sent: 22287.771278160795
2022-04-19 11:07:55,284 : Sent: 21936.188470235
2022-04-19 11:07:55,549 : Sent: 21584.6056623092
2022-04-19 11:07:55,815 : Sent: 21233.022854383402
2022-04-19 11:07:56,079 : Sent: 20881.440046457607
2022-04-19 11:07:56,341 : Sent: 20529.857238531808
2022-04-19 11:07:56,609 : Sent: 20178.27443060601
2022-04-19 11:07:56,875 : Sent: 19826.691622680213
2022-04-19 11:07:57,141 : Sent: 19475.108814754414
2022-04-19 11:07:57,409 : Sent: 19475.108814754414
2022-04-19 11:07:57,456 : Sent: Ready
2022-04-19 11:07:57,599 : Recieved: Sync
2022-04-19 11:07:57,601 : Sent: Ready
2022-04-19 11:08:02,708 : Recieved: Sync
2022-04-19 11:08:02,712 : Sent: Ready
2022-04-19 11:08:07,746 : Recieved: Sync
2022-04-19 11:08:07,749 : Sent: Ready
2022-04-19 11:08:12,819 : Recieved: Sync
2022-04-19 11:08:12,822 : Sent: Ready
2022-04-19 11:08:17,870 : Recieved: Sync
2022-04-19 11:08:17,872 : Sent: Ready
2022-04-19 11:08:22,927 : Recieved: Sync
2022-04-19 11:08:22,929 : Sent: Ready
2022-04-19 11:08:28,046 : Recieved: Sync
2022-04-19 11:08:28,128 : Sent: Ready
2022-04-19 11:08:33,208 : Recieved: Sync
2022-04-19 11:08:33,254 : Sent: Ready
2022-04-19 11:08:36,919 : Recieved: S1.0
2022-04-19 11:08:36,922 : Recieved: 19736.531359944653
2022-04-19 11:08:36,928 : Sent: Moving
2022-04-19 11:08:36,932 : Sent: 19475.108814754414
2022-04-19 11:08:37,191 : Sent: 19504.155764219995
2022-04-19 11:08:37,472 : Sent: 19533.20271368558
2022-04-19 11:08:37,739 : Sent: 19562.24966315116
2022-04-19 11:08:38,009 : Sent: 19591.29661261674
2022-04-19 11:08:38,339 : Sent: 19620.343562082326
2022-04-19 11:08:38,891 : Sent: 19649.390511547906
2022-04-19 11:08:39,301 : Sent: 19678.437461013487
2022-04-19 11:08:39,841 : Sent: 19707.48441047907
2022-04-19 11:08:40,260 : Sent: 19736.531359944653
2022-04-19 11:08:40,600 : Sent: 19736.531359944653
2022-04-19 11:08:40,620 : Sent: Ready
2022-04-19 11:08:40,636 : Recieved: S1.0
2022-04-19 11:08:40,652 : Recieved: 19736.531361573856
2022-04-19 11:08:40,686 : Sent: Moving
2022-04-19 11:08:40,735 : Sent: 19736.531359944653
2022-04-19 11:08:41,029 : Sent: 19736.531360125675
2022-04-19 11:08:41,325 : Sent: 19736.531360306697
2022-04-19 11:08:41,623 : Sent: 19736.53136048772
2022-04-19 11:08:41,906 : Sent: 19736.53136066874
2022-04-19 11:08:42,174 : Sent: 19736.531360849767
2022-04-19 11:08:42,489 : Sent: 19736.53136103079
2022-04-19 11:08:42,773 : Sent: 19736.53136121181
2022-04-19 11:08:43,064 : Sent: 19736.531361392834
2022-04-19 11:08:43,386 : Sent: 19736.531361573856
2022-04-19 11:08:43,761 : Sent: 19736.531361573856
2022-04-19 11:08:43,792 : Sent: Ready
2022-04-19 11:08:43,808 : Recieved: S1.0
2022-04-19 11:08:43,809 : Recieved: 19816.151743611696
2022-04-19 11:08:43,887 : Sent: Moving
2022-04-19 11:08:43,902 : Sent: 19736.531361573856
2022-04-19 11:08:44,167 : Sent: 19745.37807068917
2022-04-19 11:08:44,434 : Sent: 19754.22477980449
2022-04-19 11:08:44,698 : Sent: 19763.071488919803
2022-04-19 11:08:44,964 : Sent: 19771.918198035117
2022-04-19 11:08:45,229 : Sent: 19780.764907150435
2022-04-19 11:08:45,496 : Sent: 19789.61161626575
2022-04-19 11:08:45,777 : Sent: 19798.458325381063
2022-04-19 11:08:46,154 : Sent: 19807.30503449638
2022-04-19 11:08:46,590 : Sent: 19816.151743611696
2022-04-19 11:08:46,886 : Sent: 19816.151743611696
2022-04-19 11:08:46,918 : Sent: Ready
2022-04-19 11:08:46,998 : Recieved: S1.0
2022-04-19 11:08:47,044 : Recieved: 20500.807084194697
2022-04-19 11:08:47,108 : Sent: Moving
2022-04-19 11:08:47,139 : Sent: 19816.151743611696
2022-04-19 11:08:47,420 : Sent: 19892.22455923203
2022-04-19 11:08:47,688 : Sent: 19968.297374852362
2022-04-19 11:08:47,954 : Sent: 20044.370190472695
2022-04-19 11:08:48,221 : Sent: 20120.443006093028
2022-04-19 11:08:48,488 : Sent: 20196.515821713365
2022-04-19 11:08:48,740 : Sent: 20272.588637333698
2022-04-19 11:08:49,044 : Sent: 20348.66145295403
2022-04-19 11:08:49,369 : Sent: 20424.734268574364
2022-04-19 11:08:49,699 : Sent: 20500.807084194697
2022-04-19 11:08:50,027 : Sent: 20500.807084194697
2022-04-19 11:08:50,074 : Sent: Ready
2022-04-19 11:08:50,104 : Recieved: S1.0
2022-04-19 11:08:50,123 : Recieved: 20500.807084551237
2022-04-19 11:08:50,152 : Sent: Moving
2022-04-19 11:08:50,223 : Sent: 20500.807084194697
2022-04-19 11:08:50,511 : Sent: 20500.80708423431
2022-04-19 11:08:50,779 : Sent: 20500.80708427393
2022-04-19 11:08:51,044 : Sent: 20500.807084313543
2022-04-19 11:08:51,309 : Sent: 20500.80708435316
2022-04-19 11:08:51,576 : Sent: 20500.807084392774
2022-04-19 11:08:51,829 : Sent: 20500.807084432392
2022-04-19 11:08:52,222 : Sent: 20500.807084472006
2022-04-19 11:08:52,633 : Sent: 20500.807084511624
2022-04-19 11:08:53,049 : Sent: 20500.807084551237
2022-04-19 11:08:53,473 : Sent: 20500.807084551237
2022-04-19 11:08:53,552 : Sent: Ready
2022-04-19 11:08:53,553 : Recieved: S1.0
2022-04-19 11:08:53,625 : Recieved: 20500.807085161476
2022-04-19 11:08:53,797 : Sent: Moving
2022-04-19 11:08:53,875 : Sent: 20500.807084551237
2022-04-19 11:08:54,172 : Sent: 20500.807084619042
2022-04-19 11:08:54,461 : Sent: 20500.807084686847
2022-04-19 11:08:54,760 : Sent: 20500.80708475465
2022-04-19 11:08:55,038 : Sent: 20500.807084822456
2022-04-19 11:08:55,353 : Sent: 20500.807084890257
2022-04-19 11:08:55,840 : Sent: 20500.80708495806
2022-04-19 11:08:56,185 : Sent: 20500.807085025866
2022-04-19 11:08:56,454 : Sent: 20500.80708509367
2022-04-19 11:08:56,737 : Sent: 20500.807085161476
2022-04-19 11:08:57,130 : Sent: 20500.807085161476
2022-04-19 11:08:57,146 : Sent: Ready
2022-04-19 11:08:57,147 : Recieved: Sync
2022-04-19 11:08:57,224 : Sent: Ready
2022-04-19 11:08:57,229 : Recieved: Sync
2022-04-19 11:08:57,319 : Sent: Ready
2022-04-19 11:08:57,369 : Recieved: Sync
2022-04-19 11:08:57,371 : Sent: Ready
2022-04-19 11:09:02,387 : Recieved: Sync
2022-04-19 11:09:02,389 : Sent: Ready
2022-04-19 11:09:07,403 : Recieved: Sync
2022-04-19 11:09:07,407 : Sent: Ready
2022-04-19 11:09:12,414 : Recieved: Sync
2022-04-19 11:09:12,416 : Sent: Ready
2022-04-19 11:09:17,482 : Recieved: Sync
2022-04-19 11:09:17,485 : Sent: Ready
2022-04-19 11:09:22,524 : Recieved: Sync
2022-04-19 11:09:22,526 : Sent: Ready
2022-04-19 11:09:27,569 : Recieved: Sync
2022-04-19 11:09:27,573 : Sent: Ready
2022-04-19 11:09:32,616 : Recieved: Sync
2022-04-19 11:09:32,620 : Sent: Ready
2022-04-19 11:09:37,659 : Recieved: Sync
2022-04-19 11:09:37,664 : Sent: Ready
2022-04-19 11:09:42,726 : Recieved: Sync
2022-04-19 11:09:42,728 : Sent: Ready
2022-04-19 11:09:47,767 : Recieved: Sync
2022-04-19 11:09:47,767 : Sent: Ready
2022-04-19 11:09:52,817 : Recieved: Sync
2022-04-19 11:09:52,820 : Sent: Ready
2022-04-19 11:09:57,843 : Recieved: Sync
2022-04-19 11:09:57,847 : Sent: Ready
2022-04-19 11:10:02,888 : Recieved: Sync
2022-04-19 11:10:02,891 : Sent: Ready
2022-04-19 11:10:07,932 : Recieved: Sync
2022-04-19 11:10:07,934 : Sent: Ready
2022-04-19 11:10:12,972 : Recieved: Sync
2022-04-19 11:10:12,975 : Sent: Ready
2022-04-19 11:10:18,015 : Recieved: Sync
2022-04-19 11:10:18,020 : Sent: Ready
2022-04-19 11:10:23,041 : Recieved: Sync
2022-04-19 11:10:23,045 : Sent: Ready
2022-04-19 11:10:28,104 : Recieved: Sync
2022-04-19 11:10:28,105 : Sent: Ready
2022-04-19 11:10:33,137 : Recieved: Sync
2022-04-19 11:10:33,142 : Sent: Ready
2022-04-19 11:10:38,179 : Recieved: Sync
2022-04-19 11:10:38,181 : Sent: Ready
2022-04-19 11:10:43,206 : Recieved: Sync
2022-04-19 11:10:43,210 : Sent: Ready
2022-04-19 11:10:48,259 : Recieved: Sync
2022-04-19 11:10:48,262 : Sent: Ready
2022-04-19 11:10:53,310 : Recieved: Sync
2022-04-19 11:10:53,313 : Sent: Ready
2022-04-19 11:10:58,362 : Recieved: Sync
2022-04-19 11:10:58,365 : Sent: Ready
2022-04-19 11:11:03,416 : Recieved: Sync
2022-04-19 11:11:03,419 : Sent: Ready
2022-04-19 11:11:08,456 : Recieved: Sync
2022-04-19 11:11:08,459 : Sent: Ready
2022-04-19 11:11:13,507 : Recieved: Sync
2022-04-19 11:11:13,509 : Sent: Ready
2022-04-19 11:11:18,546 : Recieved: Sync
2022-04-19 11:11:18,549 : Sent: Ready
2022-04-19 11:11:23,602 : Recieved: Sync
2022-04-19 11:11:23,606 : Sent: Ready
2022-04-19 11:11:28,646 : Recieved: Sync
2022-04-19 11:11:28,649 : Sent: Ready
2022-04-19 11:11:33,692 : Recieved: Sync
2022-04-19 11:11:33,694 : Sent: Ready
2022-04-19 11:11:38,742 : Recieved: Sync
2022-04-19 11:11:38,744 : Sent: Ready
2022-04-19 11:11:43,786 : Recieved: Sync
2022-04-19 11:11:43,788 : Sent: Ready
2022-04-19 11:11:48,846 : Recieved: Sync
2022-04-19 11:11:48,849 : Sent: Ready
2022-04-19 11:11:53,880 : Recieved: Sync
2022-04-19 11:11:53,884 : Sent: Ready
2022-04-19 11:11:58,940 : Recieved: Sync
2022-04-19 11:11:58,941 : Sent: Ready
2022-04-19 11:12:03,991 : Recieved: Sync
2022-04-19 11:12:03,994 : Sent: Ready
2022-04-19 11:12:09,031 : Recieved: Sync
2022-04-19 11:12:09,035 : Sent: Ready
2022-04-19 11:12:14,082 : Recieved: Sync
2022-04-19 11:12:14,085 : Sent: Ready
2022-04-19 11:12:19,128 : Recieved: Sync
2022-04-19 11:12:19,131 : Sent: Ready
2022-04-19 11:12:24,171 : Recieved: Sync
2022-04-19 11:12:24,174 : Sent: Ready
2022-04-19 11:12:29,215 : Recieved: Sync
2022-04-19 11:12:29,217 : Sent: Ready
2022-04-19 11:12:34,273 : Recieved: Sync
2022-04-19 11:12:34,276 : Sent: Ready
2022-04-19 11:12:39,326 : Recieved: Sync
2022-04-19 11:12:39,329 : Sent: Ready
2022-04-19 11:12:44,362 : Recieved: Sync
2022-04-19 11:12:44,364 : Sent: Ready
2022-04-19 11:12:49,418 : Recieved: Sync
2022-04-19 11:12:49,422 : Sent: Ready
2022-04-19 11:12:54,474 : Recieved: Sync
2022-04-19 11:12:54,478 : Sent: Ready
2022-04-19 11:12:59,522 : Recieved: Sync
2022-04-19 11:12:59,526 : Sent: Ready
2022-04-19 11:13:04,580 : Recieved: Sync
2022-04-19 11:13:04,583 : Sent: Ready
2022-04-19 11:13:09,632 : Recieved: Sync
2022-04-19 11:13:09,636 : Sent: Ready
2022-04-19 11:13:14,678 : Recieved: Sync
2022-04-19 11:13:14,680 : Sent: Ready
2022-04-19 11:13:19,741 : Recieved: Sync
2022-04-19 11:13:19,743 : Sent: Ready
2022-04-19 11:13:24,770 : Recieved: Sync
2022-04-19 11:13:24,773 : Sent: Ready
2022-04-19 11:13:29,814 : Recieved: Sync
2022-04-19 11:13:29,819 : Sent: Ready
2022-04-19 11:13:34,854 : Recieved: Sync
2022-04-19 11:13:34,856 : Sent: Ready
2022-04-19 11:13:39,920 : Recieved: Sync
2022-04-19 11:13:39,921 : Sent: Ready
2022-04-19 11:13:44,953 : Recieved: Sync
2022-04-19 11:13:44,956 : Sent: Ready
2022-04-19 11:13:50,013 : Recieved: Sync
2022-04-19 11:13:50,015 : Sent: Ready
2022-04-19 11:13:55,052 : Recieved: Sync
2022-04-19 11:13:55,053 : Sent: Ready
2022-04-19 11:14:00,114 : Recieved: Sync
2022-04-19 11:14:00,116 : Sent: Ready
2022-04-19 11:14:05,172 : Recieved: Sync
2022-04-19 11:14:05,175 : Sent: Ready
2022-04-19 11:14:10,213 : Recieved: Sync
2022-04-19 11:14:10,214 : Sent: Ready
2022-04-19 11:14:15,263 : Recieved: Sync
2022-04-19 11:14:15,265 : Sent: Ready
2022-04-19 11:14:20,314 : Recieved: Sync
2022-04-19 11:14:20,316 : Sent: Ready
2022-04-19 11:14:25,353 : Recieved: Sync
2022-04-19 11:14:25,356 : Sent: Ready
2022-04-19 11:14:30,384 : Recieved: Sync
2022-04-19 11:14:30,386 : Sent: Ready
2022-04-19 11:14:35,417 : Recieved: Sync
2022-04-19 11:14:35,418 : Sent: Ready
2022-04-19 11:14:40,449 : Recieved: Sync
2022-04-19 11:14:40,451 : Sent: Ready
2022-04-19 11:14:45,470 : Recieved: Sync
2022-04-19 11:14:45,471 : Sent: Ready
2022-04-19 11:14:50,479 : Recieved: Sync
2022-04-19 11:14:50,481 : Sent: Ready
2022-04-19 11:14:55,503 : Recieved: Sync
2022-04-19 11:14:55,505 : Sent: Ready
2022-04-19 11:15:00,518 : Recieved: Sync
2022-04-19 11:15:00,521 : Sent: Ready
2022-04-19 11:15:05,558 : Recieved: Sync
2022-04-19 11:15:05,561 : Sent: Ready
2022-04-19 11:15:10,587 : Recieved: Sync
2022-04-19 11:15:10,590 : Sent: Ready
2022-04-19 11:15:15,601 : Recieved: Sync
2022-04-19 11:15:15,603 : Sent: Ready
2022-04-19 11:15:20,612 : Recieved: Sync
2022-04-19 11:15:20,614 : Sent: Ready
2022-04-19 11:15:25,619 : Recieved: Sync
2022-04-19 11:15:25,620 : Sent: Ready
2022-04-19 11:15:30,630 : Recieved: Sync
2022-04-19 11:15:30,631 : Sent: Ready
2022-04-19 11:15:35,642 : Recieved: Sync
2022-04-19 11:15:35,644 : Sent: Ready
2022-04-19 11:15:40,661 : Recieved: Sync
2022-04-19 11:15:40,664 : Sent: Ready
2022-04-19 11:15:45,672 : Recieved: Sync
2022-04-19 11:15:45,674 : Sent: Ready
2022-04-19 11:15:50,692 : Recieved: Sync
2022-04-19 11:15:50,694 : Sent: Ready
2022-04-19 11:15:55,697 : Recieved: Sync
2022-04-19 11:15:55,698 : Sent: Ready
2022-04-19 11:16:00,820 : Recieved: Sync
2022-04-19 11:16:00,822 : Sent: Ready
2022-04-19 11:16:05,836 : Recieved: Sync
2022-04-19 11:16:05,838 : Sent: Ready
2022-04-19 11:16:10,853 : Recieved: Sync
2022-04-19 11:16:10,856 : Sent: Ready
2022-04-19 11:16:15,870 : Recieved: Sync
2022-04-19 11:16:15,871 : Sent: Ready
2022-04-19 11:16:20,894 : Recieved: Sync
2022-04-19 11:16:20,896 : Sent: Ready
2022-04-19 11:16:25,915 : Recieved: Sync
2022-04-19 11:16:25,916 : Sent: Ready
2022-04-19 11:16:30,928 : Recieved: Sync
2022-04-19 11:16:30,930 : Sent: Ready
2022-04-19 11:16:35,951 : Recieved: Sync
2022-04-19 11:16:35,953 : Sent: Ready
2022-04-19 11:16:40,981 : Recieved: Sync
2022-04-19 11:16:40,982 : Sent: Ready
2022-04-19 11:16:45,995 : Recieved: Sync
2022-04-19 11:16:45,997 : Sent: Ready
2022-04-19 11:16:51,007 : Recieved: Sync
2022-04-19 11:16:51,010 : Sent: Ready
2022-04-19 11:16:56,039 : Recieved: Sync
2022-04-19 11:16:56,041 : Sent: Ready
2022-04-19 11:17:01,059 : Recieved: Sync
2022-04-19 11:17:01,063 : Sent: Ready
2022-04-19 11:17:06,080 : Recieved: Sync
2022-04-19 11:17:06,083 : Sent: Ready
2022-04-19 11:17:11,107 : Recieved: Sync
2022-04-19 11:17:11,109 : Sent: Ready
2022-04-19 11:17:16,118 : Recieved: Sync
2022-04-19 11:17:16,120 : Sent: Ready
2022-04-19 11:17:21,136 : Recieved: Sync
2022-04-19 11:17:21,138 : Sent: Ready
2022-04-19 11:17:26,164 : Recieved: Sync
2022-04-19 11:17:26,166 : Sent: Ready
2022-04-19 11:17:31,212 : Recieved: Sync
2022-04-19 11:17:31,214 : Sent: Ready
2022-04-19 11:17:36,249 : Recieved: Sync
2022-04-19 11:17:36,251 : Sent: Ready
2022-04-19 11:17:41,283 : Recieved: Sync
2022-04-19 11:17:41,289 : Sent: Ready
2022-04-19 11:17:46,312 : Recieved: Sync
2022-04-19 11:17:46,314 : Sent: Ready
2022-04-19 11:17:51,342 : Recieved: Sync
2022-04-19 11:17:51,344 : Sent: Ready
2022-04-19 11:17:56,392 : Recieved: Sync
2022-04-19 11:17:56,395 : Sent: Ready
2022-04-19 11:18:01,492 : Recieved: Sync
2022-04-19 11:18:01,515 : Sent: Ready
2022-04-19 11:18:06,667 : Recieved: Sync
2022-04-19 11:18:06,672 : Sent: Ready
2022-04-19 11:18:11,711 : Recieved: Sync
2022-04-19 11:18:11,713 : Sent: Ready
2022-04-19 11:18:16,760 : Recieved: Sync
2022-04-19 11:18:16,763 : Sent: Ready
2022-04-19 11:18:21,818 : Recieved: Sync
2022-04-19 11:18:21,882 : Sent: Ready
2022-04-19 11:18:26,896 : Recieved: Sync
2022-04-19 11:18:26,907 : Sent: Ready
2022-04-19 11:18:31,948 : Recieved: Sync
2022-04-19 11:18:31,950 : Sent: Ready
2022-04-19 11:18:37,008 : Recieved: Sync
2022-04-19 11:18:37,013 : Sent: Ready
2022-04-19 11:18:42,068 : Recieved: Sync
2022-04-19 11:18:42,072 : Sent: Ready
2022-04-19 11:18:47,122 : Recieved: Sync
2022-04-19 11:18:47,125 : Sent: Ready
2022-04-19 11:18:52,191 : Recieved: Sync
2022-04-19 11:18:52,194 : Sent: Ready
2022-04-19 11:18:57,263 : Recieved: Sync
2022-04-19 11:18:57,266 : Sent: Ready
2022-04-19 11:19:02,328 : Recieved: Sync
2022-04-19 11:19:02,332 : Sent: Ready
2022-04-19 11:19:07,376 : Recieved: Sync
2022-04-19 11:19:07,380 : Sent: Ready
2022-04-19 11:19:12,452 : Recieved: Sync
2022-04-19 11:19:12,454 : Sent: Ready
2022-04-19 11:19:17,543 : Recieved: Sync
2022-04-19 11:19:17,546 : Sent: Ready
2022-04-19 11:19:22,556 : Recieved: Sync
2022-04-19 11:19:22,559 : Sent: Ready
2022-04-19 11:19:27,577 : Recieved: Sync
2022-04-19 11:19:27,579 : Sent: Ready
2022-04-19 11:19:32,645 : Recieved: Sync
2022-04-19 11:19:32,648 : Sent: Ready
2022-04-19 11:19:37,669 : Recieved: Sync
2022-04-19 11:19:37,672 : Sent: Ready
2022-04-19 11:19:42,729 : Recieved: Sync
2022-04-19 11:19:42,732 : Sent: Ready
2022-04-19 11:19:47,780 : Recieved: Sync
2022-04-19 11:19:47,783 : Sent: Ready
2022-04-19 11:19:52,818 : Recieved: Sync
2022-04-19 11:19:52,822 : Sent: Ready
2022-04-19 11:19:57,857 : Recieved: Sync
2022-04-19 11:19:57,859 : Sent: Ready
2022-04-19 11:20:02,908 : Recieved: Sync
2022-04-19 11:20:02,912 : Sent: Ready
2022-04-19 11:20:07,967 : Recieved: Sync
2022-04-19 11:20:07,969 : Sent: Ready
2022-04-19 11:20:13,022 : Recieved: Sync
2022-04-19 11:20:13,024 : Sent: Ready
2022-04-19 11:20:18,064 : Recieved: Sync
2022-04-19 11:20:18,069 : Sent: Ready
2022-04-19 11:20:23,096 : Recieved: Sync
2022-04-19 11:20:23,099 : Sent: Ready
2022-04-19 11:20:28,132 : Recieved: Sync
2022-04-19 11:20:28,135 : Sent: Ready
2022-04-19 11:20:33,176 : Recieved: Sync
2022-04-19 11:20:33,179 : Sent: Ready
2022-04-19 11:20:38,209 : Recieved: Sync
2022-04-19 11:20:38,213 : Sent: Ready
2022-04-19 11:20:43,241 : Recieved: Sync
2022-04-19 11:20:43,244 : Sent: Ready
2022-04-19 11:20:48,293 : Recieved: Sync
2022-04-19 11:20:48,295 : Sent: Ready
2022-04-19 11:20:53,359 : Recieved: Sync
2022-04-19 11:20:53,362 : Sent: Ready
2022-04-19 11:20:58,417 : Recieved: Sync
2022-04-19 11:20:58,421 : Sent: Ready
2022-04-19 11:21:03,478 : Recieved: Sync
2022-04-19 11:21:03,482 : Sent: Ready
2022-04-19 11:21:08,544 : Recieved: Sync
2022-04-19 11:21:08,546 : Sent: Ready
2022-04-19 11:21:13,606 : Recieved: Sync
2022-04-19 11:21:13,610 : Sent: Ready
2022-04-19 11:21:18,679 : Recieved: Sync
2022-04-19 11:21:18,682 : Sent: Ready
2022-04-19 11:21:23,753 : Recieved: Sync
2022-04-19 11:21:23,756 : Sent: Ready
2022-04-19 11:21:28,827 : Recieved: Sync
2022-04-19 11:21:28,830 : Sent: Ready
2022-04-19 11:21:33,893 : Recieved: Sync
2022-04-19 11:21:33,895 : Sent: Ready
2022-04-19 11:21:38,962 : Recieved: Sync
2022-04-19 11:21:38,965 : Sent: Ready
2022-04-19 11:21:44,040 : Recieved: Sync
2022-04-19 11:21:44,044 : Sent: Ready
2022-04-19 11:21:49,112 : Recieved: Sync
2022-04-19 11:21:49,115 : Sent: Ready
2022-04-19 11:21:54,173 : Recieved: Sync
2022-04-19 11:21:54,175 : Sent: Ready
2022-04-19 11:21:59,234 : Recieved: Sync
2022-04-19 11:21:59,236 : Sent: Ready
2022-04-19 11:22:04,282 : Recieved: Sync
2022-04-19 11:22:04,286 : Sent: Ready
2022-04-19 11:22:09,350 : Recieved: Sync
2022-04-19 11:22:09,354 : Sent: Ready
2022-04-19 11:22:14,432 : Recieved: Sync
2022-04-19 11:22:14,435 : Sent: Ready
2022-04-19 11:22:19,505 : Recieved: Sync
2022-04-19 11:22:19,509 : Sent: Ready
2022-04-19 11:22:24,566 : Recieved: Sync
2022-04-19 11:22:24,569 : Sent: Ready
2022-04-19 11:22:29,642 : Recieved: Sync
2022-04-19 11:22:29,645 : Sent: Ready
2022-04-19 11:22:34,708 : Recieved: Sync
2022-04-19 11:22:34,711 : Sent: Ready
2022-04-19 11:22:39,771 : Recieved: Sync
2022-04-19 11:22:39,773 : Sent: Ready
2022-04-19 11:22:44,830 : Recieved: Sync
2022-04-19 11:22:44,834 : Sent: Ready
2022-04-19 11:22:49,900 : Recieved: Sync
2022-04-19 11:22:49,903 : Sent: Ready
2022-04-19 11:22:54,971 : Recieved: Sync
2022-04-19 11:22:54,975 : Sent: Ready
2022-04-19 11:23:00,038 : Recieved: Sync
2022-04-19 11:23:00,041 : Sent: Ready
2022-04-19 11:23:05,111 : Recieved: Sync
2022-04-19 11:23:05,115 : Sent: Ready
2022-04-19 11:23:10,182 : Recieved: Sync
2022-04-19 11:23:10,184 : Sent: Ready
2022-04-19 11:23:15,250 : Recieved: Sync
2022-04-19 11:23:15,254 : Sent: Ready
2022-04-19 11:23:20,316 : Recieved: Sync
2022-04-19 11:23:20,319 : Sent: Ready
2022-04-19 12:03:41,204 : Recieved: Sync
2022-04-19 12:03:41,848 : Sent: Ready
2022-04-19 12:03:46,895 : Recieved: Sync
2022-04-19 12:03:46,897 : Sent: Ready
2022-04-19 12:03:51,915 : Recieved: Sync
2022-04-19 12:03:51,923 : Sent: Ready
2022-04-19 12:03:57,157 : Recieved: Sync
2022-04-19 12:03:57,159 : Sent: Ready
2022-04-19 12:04:02,181 : Recieved: Sync
2022-04-19 12:04:02,199 : Sent: Ready
2022-04-19 12:04:07,216 : Recieved: Sync
2022-04-19 12:04:07,224 : Sent: Ready
2022-04-19 12:04:12,238 : Recieved: Sync
2022-04-19 12:04:12,245 : Sent: Ready
2022-04-19 12:04:17,254 : Recieved: Sync
2022-04-19 12:04:17,262 : Sent: Ready
2022-04-19 12:04:22,275 : Recieved: Sync
2022-04-19 12:04:22,282 : Sent: Ready
2022-04-19 12:04:27,301 : Recieved: Sync
2022-04-19 12:04:27,304 : Sent: Ready
2022-04-19 12:04:32,309 : Recieved: Sync
2022-04-19 12:04:32,313 : Sent: Ready
2022-04-19 12:04:37,326 : Recieved: Sync
2022-04-19 12:04:37,329 : Sent: Ready
2022-04-19 12:04:42,343 : Recieved: Sync
2022-04-19 12:04:42,347 : Sent: Ready
2022-04-19 12:04:47,355 : Recieved: Sync
2022-04-19 12:04:47,360 : Sent: Ready
2022-04-19 12:04:52,373 : Recieved: Sync
2022-04-19 12:04:52,394 : Sent: Ready
2022-04-19 12:04:57,413 : Recieved: Sync
2022-04-19 12:04:57,420 : Sent: Ready
2022-04-19 12:05:02,453 : Recieved: Sync
2022-04-19 12:05:02,457 : Sent: Ready
2022-04-19 12:05:07,482 : Recieved: Sync
2022-04-19 12:05:07,484 : Sent: Ready
2022-04-19 12:05:12,501 : Recieved: Sync
2022-04-19 12:05:12,504 : Sent: Ready
2022-04-19 12:05:17,515 : Recieved: Sync
2022-04-19 12:05:17,520 : Sent: Ready
2022-04-19 12:05:22,547 : Recieved: Sync
2022-04-19 12:05:22,550 : Sent: Ready
2022-04-19 12:05:27,569 : Recieved: Sync
2022-04-19 12:05:27,572 : Sent: Ready
