2022-04-19 11:02:52,392 : Connected to: 127.0.0.1, 60868
2022-04-19 11:02:52,434 : Sent: Ready
2022-04-19 11:02:52,465 : Recieved: Yes
2022-04-19 11:02:52,824 : Recieved: E0.0
2022-04-19 11:02:52,857 : Recieved: DM-1
2022-04-19 11:02:52,907 : Recieved: DE1
2022-04-19 11:02:53,030 : Recieved: kP1.0
2022-04-19 11:02:53,036 : Recieved: kI0.0
2022-04-19 11:02:53,038 : Recieved: kD0.0
2022-04-19 11:02:53,062 : Recieved: Sync
2022-04-19 11:02:53,068 : Sent: Ready
2022-04-19 11:02:58,080 : Recieved: Sync
2022-04-19 11:02:58,083 : Sent: Ready
2022-04-19 11:03:03,136 : Recieved: Sync
2022-04-19 11:03:03,140 : Sent: Ready
2022-04-19 11:03:08,192 : Recieved: Sync
2022-04-19 11:03:08,193 : Sent: Ready
2022-04-19 11:03:13,236 : Recieved: Sync
2022-04-19 11:03:13,240 : Sent: Ready
2022-04-19 11:03:18,301 : Recieved: Sync
2022-04-19 11:03:18,305 : Sent: Ready
2022-04-19 11:03:23,354 : Recieved: Sync
2022-04-19 11:03:23,359 : Sent: Ready
2022-04-19 11:03:28,404 : Recieved: Sync
2022-04-19 11:03:28,406 : Sent: Ready
2022-04-19 11:03:33,465 : Recieved: Sync
2022-04-19 11:03:33,467 : Sent: Ready
2022-04-19 11:03:38,522 : Recieved: Sync
2022-04-19 11:03:38,525 : Sent: Ready
2022-04-19 11:03:43,591 : Recieved: Sync
2022-04-19 11:03:43,595 : Sent: Ready
2022-04-19 11:03:48,654 : Recieved: Sync
2022-04-19 11:03:48,657 : Sent: Ready
2022-04-19 11:03:53,724 : Recieved: Sync
2022-04-19 11:03:53,726 : Sent: Ready
2022-04-19 11:03:58,789 : Recieved: Sync
2022-04-19 11:03:58,794 : Sent: Ready
2022-04-19 11:04:03,850 : Recieved: Sync
2022-04-19 11:04:03,854 : Sent: Ready
2022-04-19 11:04:08,908 : Recieved: Sync
2022-04-19 11:04:08,910 : Sent: Ready
2022-04-19 11:04:13,964 : Recieved: Sync
2022-04-19 11:04:13,966 : Sent: Ready
2022-04-19 11:04:19,020 : Recieved: Sync
2022-04-19 11:04:19,022 : Sent: Ready
2022-04-19 11:04:24,047 : Recieved: Sync
2022-04-19 11:04:24,048 : Sent: Ready
2022-04-19 11:04:29,090 : Recieved: Sync
2022-04-19 11:04:29,096 : Sent: Ready
2022-04-19 11:04:34,128 : Recieved: Sync
2022-04-19 11:04:34,131 : Sent: Ready
2022-04-19 11:04:39,165 : Recieved: Sync
2022-04-19 11:04:39,171 : Sent: Ready
2022-04-19 11:04:44,210 : Recieved: Sync
2022-04-19 11:04:44,213 : Sent: Ready
2022-04-19 11:04:49,250 : Recieved: Sync
2022-04-19 11:04:49,253 : Sent: Ready
2022-04-19 11:04:54,333 : Recieved: Sync
2022-04-19 11:04:54,342 : Sent: Ready
2022-04-19 11:04:59,385 : Recieved: Sync
2022-04-19 11:04:59,389 : Sent: Ready
2022-04-19 11:05:04,441 : Recieved: Sync
2022-04-19 11:05:04,447 : Sent: Ready
2022-04-19 11:05:09,470 : Recieved: Sync
2022-04-19 11:05:09,478 : Sent: Ready
2022-04-19 11:05:14,498 : Recieved: Sync
2022-04-19 11:05:14,507 : Sent: Ready
2022-04-19 11:05:19,549 : Recieved: Sync
2022-04-19 11:05:19,554 : Sent: Ready
2022-04-19 11:05:24,588 : Recieved: Sync
2022-04-19 11:05:24,596 : Sent: Ready
2022-04-19 11:05:29,639 : Recieved: Sync
2022-04-19 11:05:29,643 : Sent: Ready
2022-04-19 11:05:34,691 : Recieved: Sync
2022-04-19 11:05:34,698 : Sent: Ready
2022-04-19 11:05:39,743 : Recieved: Sync
2022-04-19 11:05:39,746 : Sent: Ready
2022-04-19 11:05:44,778 : Recieved: Sync
2022-04-19 11:05:44,783 : Sent: Ready
2022-04-19 11:05:49,844 : Recieved: Sync
2022-04-19 11:05:49,850 : Sent: Ready
2022-04-19 11:05:54,898 : Recieved: Sync
2022-04-19 11:05:54,904 : Sent: Ready
2022-04-19 11:05:59,975 : Recieved: Sync
2022-04-19 11:05:59,977 : Sent: Ready
2022-04-19 11:06:05,035 : Recieved: Sync
2022-04-19 11:06:05,039 : Sent: Ready
2022-04-19 11:06:10,081 : Recieved: Sync
2022-04-19 11:06:10,085 : Sent: Ready
2022-04-19 11:06:15,112 : Recieved: Sync
2022-04-19 11:06:15,120 : Sent: Ready
2022-04-19 11:06:20,163 : Recieved: Sync
2022-04-19 11:06:20,171 : Sent: Ready
2022-04-19 11:06:25,221 : Recieved: Sync
2022-04-19 11:06:25,228 : Sent: Ready
2022-04-19 11:06:30,263 : Recieved: Sync
2022-04-19 11:06:30,268 : Sent: Ready
2022-04-19 11:06:35,311 : Recieved: Sync
2022-04-19 11:06:35,316 : Sent: Ready
2022-04-19 11:06:40,364 : Recieved: Sync
2022-04-19 11:06:40,369 : Sent: Ready
2022-04-19 11:06:45,408 : Recieved: Sync
2022-04-19 11:06:45,415 : Sent: Ready
2022-04-19 11:06:50,450 : Recieved: Sync
2022-04-19 11:06:50,455 : Sent: Ready
2022-04-19 11:06:55,497 : Recieved: Sync
2022-04-19 11:06:55,502 : Sent: Ready
2022-04-19 11:07:00,564 : Recieved: Sync
2022-04-19 11:07:00,569 : Sent: Ready
2022-04-19 11:07:05,619 : Recieved: Sync
2022-04-19 11:07:05,626 : Sent: Ready
2022-04-19 11:07:10,693 : Recieved: Sync
2022-04-19 11:07:10,698 : Sent: Ready
2022-04-19 11:07:15,766 : Recieved: Sync
2022-04-19 11:07:15,772 : Sent: Ready
2022-04-19 11:07:20,834 : Recieved: Sync
2022-04-19 11:07:20,839 : Sent: Ready
2022-04-19 11:07:25,878 : Recieved: Sync
2022-04-19 11:07:25,883 : Sent: Ready
2022-04-19 11:07:28,517 : Recieved: S1.0
2022-04-19 11:07:28,524 : Recieved: 52273.13611456118
2022-04-19 11:07:28,532 : Sent: Moving
2022-04-19 11:07:28,534 : Sent: 0.0
2022-04-19 11:07:28,796 : Sent: 5808.126234951243
2022-04-19 11:07:29,064 : Sent: 11616.252469902485
2022-04-19 11:07:29,318 : Sent: 17424.378704853727
2022-04-19 11:07:29,585 : Sent: 23232.50493980497
2022-04-19 11:07:29,851 : Sent: 29040.631174756214
2022-04-19 11:07:30,130 : Sent: 34848.757409707454
2022-04-19 11:07:30,398 : Sent: 40656.8836446587
2022-04-19 11:07:30,664 : Sent: 46465.00987960994
2022-04-19 11:07:30,943 : Sent: 52273.13611456118
2022-04-19 11:07:31,334 : Sent: 52273.13611456118
2022-04-19 11:07:31,428 : Sent: Ready
2022-04-19 11:07:32,155 : Recieved: Sync
2022-04-19 11:07:32,185 : Sent: Ready
2022-04-19 11:07:37,229 : Recieved: Sync
2022-04-19 11:07:37,231 : Sent: Ready
2022-04-19 11:07:42,280 : Recieved: Sync
2022-04-19 11:07:42,281 : Sent: Ready
2022-04-19 11:07:47,335 : Recieved: Sync
2022-04-19 11:07:47,337 : Sent: Ready
2022-04-19 11:07:52,370 : Recieved: Sync
2022-04-19 11:07:52,371 : Sent: Ready
2022-04-19 11:07:54,770 : Recieved: S1.0
2022-04-19 11:07:54,785 : Recieved: 50982.54864964062
2022-04-19 11:07:54,787 : Sent: Moving
2022-04-19 11:07:54,789 : Sent: 52273.13611456118
2022-04-19 11:07:55,049 : Sent: 52129.73750734779
2022-04-19 11:07:55,314 : Sent: 51986.33890013439
2022-04-19 11:07:55,580 : Sent: 51842.940292921
2022-04-19 11:07:55,846 : Sent: 51699.5416857076
2022-04-19 11:07:56,110 : Sent: 51556.143078494206
2022-04-19 11:07:56,372 : Sent: 51412.74447128081
2022-04-19 11:07:56,640 : Sent: 51269.345864067414
2022-04-19 11:07:56,907 : Sent: 51125.947256854015
2022-04-19 11:07:57,173 : Sent: 50982.54864964062
2022-04-19 11:07:57,457 : Sent: 50982.54864964062
2022-04-19 11:07:57,472 : Sent: Ready
2022-04-19 11:07:57,665 : Recieved: Sync
2022-04-19 11:07:57,669 : Sent: Ready
2022-04-19 11:08:02,725 : Recieved: Sync
2022-04-19 11:08:02,727 : Sent: Ready
2022-04-19 11:08:07,762 : Recieved: Sync
2022-04-19 11:08:07,764 : Sent: Ready
2022-04-19 11:08:12,836 : Recieved: Sync
2022-04-19 11:08:12,838 : Sent: Ready
2022-04-19 11:08:17,885 : Recieved: Sync
2022-04-19 11:08:17,887 : Sent: Ready
2022-04-19 11:08:22,943 : Recieved: Sync
2022-04-19 11:08:22,944 : Sent: Ready
2022-04-19 11:08:28,009 : Recieved: Sync
2022-04-19 11:08:28,032 : Sent: Ready
2022-04-19 11:08:33,209 : Recieved: Sync
2022-04-19 11:08:33,240 : Sent: Ready
2022-04-19 11:08:36,966 : Recieved: S1.0
2022-04-19 11:08:36,968 : Recieved: 51082.98223087125
2022-04-19 11:08:36,970 : Sent: Moving
2022-04-19 11:08:36,973 : Sent: 50982.54864964062
2022-04-19 11:08:37,238 : Sent: 50993.70793644403
2022-04-19 11:08:37,507 : Sent: 51004.86722324743
2022-04-19 11:08:37,776 : Sent: 51016.02651005083
2022-04-19 11:08:38,066 : Sent: 51027.18579685423
2022-04-19 11:08:38,338 : Sent: 51038.34508365764
2022-04-19 11:08:38,638 : Sent: 51049.504370461036
2022-04-19 11:08:39,175 : Sent: 51060.66365726444
2022-04-19 11:08:39,615 : Sent: 51071.82294406784
2022-04-19 11:08:40,007 : Sent: 51082.98223087125
2022-04-19 11:08:40,511 : Sent: 51082.98223087125
2022-04-19 11:08:40,560 : Sent: Ready
2022-04-19 11:08:40,592 : Recieved: S1.0
2022-04-19 11:08:40,593 : Recieved: 51082.98223140652
2022-04-19 11:08:40,599 : Sent: Moving
2022-04-19 11:08:40,669 : Sent: 51082.98223087125
2022-04-19 11:08:40,936 : Sent: 51082.98223093072
2022-04-19 11:08:41,262 : Sent: 51082.982230990194
2022-04-19 11:08:41,575 : Sent: 51082.98223104967
2022-04-19 11:08:41,842 : Sent: 51082.98223110914
2022-04-19 11:08:42,158 : Sent: 51082.98223116862
2022-04-19 11:08:42,425 : Sent: 51082.982231228096
2022-04-19 11:08:42,709 : Sent: 51082.98223128757
2022-04-19 11:08:43,009 : Sent: 51082.98223134704
2022-04-19 11:08:43,290 : Sent: 51082.98223140652
2022-04-19 11:08:43,589 : Sent: 51082.98223140652
2022-04-19 11:08:43,609 : Sent: Ready
2022-04-19 11:08:43,621 : Recieved: S1.0
2022-04-19 11:08:43,698 : Recieved: 51114.25228027027
2022-04-19 11:08:43,745 : Sent: Moving
2022-04-19 11:08:43,776 : Sent: 51082.98223140652
2022-04-19 11:08:44,058 : Sent: 51086.456681280266
2022-04-19 11:08:44,325 : Sent: 51089.931131154015
2022-04-19 11:08:44,589 : Sent: 51093.40558102777
2022-04-19 11:08:44,853 : Sent: 51096.88003090152
2022-04-19 11:08:45,120 : Sent: 51100.35448077527
2022-04-19 11:08:45,385 : Sent: 51103.82893064902
2022-04-19 11:08:45,653 : Sent: 51107.303380522775
2022-04-19 11:08:45,996 : Sent: 51110.777830396524
2022-04-19 11:08:46,312 : Sent: 51114.25228027027
2022-04-19 11:08:46,794 : Sent: 51114.25228027027
2022-04-19 11:08:46,870 : Sent: Ready
2022-04-19 11:08:46,886 : Recieved: Sync
2022-04-19 11:08:46,965 : Sent: Ready
2022-04-19 11:08:46,997 : Recieved: S1.0
2022-04-19 11:08:47,012 : Recieved: 51383.105147280854
2022-04-19 11:08:47,045 : Sent: Moving
2022-04-19 11:08:47,107 : Sent: 51114.25228027027
2022-04-19 11:08:47,423 : Sent: 51144.12482104923
2022-04-19 11:08:47,712 : Sent: 51173.99736182818
2022-04-19 11:08:47,985 : Sent: 51203.86990260713
2022-04-19 11:08:48,253 : Sent: 51233.74244338609
2022-04-19 11:08:48,520 : Sent: 51263.61498416504
2022-04-19 11:08:48,787 : Sent: 51293.487524943994
2022-04-19 11:08:49,072 : Sent: 51323.36006572295
2022-04-19 11:08:49,348 : Sent: 51353.2326065019
2022-04-19 11:08:49,730 : Sent: 51383.105147280854
2022-04-19 11:08:50,013 : Sent: 51383.105147280854
2022-04-19 11:08:50,073 : Sent: Ready
2022-04-19 11:08:50,121 : Recieved: S1.0
2022-04-19 11:08:50,136 : Recieved: 51383.10514741146
2022-04-19 11:08:50,153 : Sent: Moving
2022-04-19 11:08:50,202 : Sent: 51383.105147280854
2022-04-19 11:08:50,480 : Sent: 51383.10514729536
2022-04-19 11:08:50,747 : Sent: 51383.10514730988
2022-04-19 11:08:51,012 : Sent: 51383.105147324386
2022-04-19 11:08:51,279 : Sent: 51383.1051473389
2022-04-19 11:08:51,546 : Sent: 51383.10514735341
2022-04-19 11:08:51,812 : Sent: 51383.105147367925
2022-04-19 11:08:52,079 : Sent: 51383.105147382434
2022-04-19 11:08:52,489 : Sent: 51383.10514739695
2022-04-19 11:08:53,011 : Sent: 51383.10514741146
2022-04-19 11:08:53,436 : Sent: 51383.10514741146
2022-04-19 11:08:53,471 : Sent: Ready
2022-04-19 11:08:53,477 : Recieved: S1.0
2022-04-19 11:08:53,500 : Recieved: 51383.105147634116
2022-04-19 11:08:53,554 : Sent: Moving
2022-04-19 11:08:53,627 : Sent: 51383.10514741146
2022-04-19 11:08:53,971 : Sent: 51383.105147436196
2022-04-19 11:08:54,267 : Sent: 51383.105147460934
2022-04-19 11:08:54,583 : Sent: 51383.10514748568
2022-04-19 11:08:54,873 : Sent: 51383.10514751042
2022-04-19 11:08:55,212 : Sent: 51383.105147535156
2022-04-19 11:08:55,558 : Sent: 51383.105147559894
2022-04-19 11:08:56,046 : Sent: 51383.10514758464
2022-04-19 11:08:56,422 : Sent: 51383.10514760938
2022-04-19 11:08:56,831 : Sent: 51383.105147634116
2022-04-19 11:08:57,145 : Sent: 51383.105147634116
2022-04-19 11:08:57,320 : Sent: Ready
2022-04-19 11:08:57,367 : Recieved: Sync
2022-04-19 11:08:57,369 : Sent: Ready
2022-04-19 11:08:57,372 : Recieved: Sync
2022-04-19 11:08:57,374 : Sent: Ready
2022-04-19 11:09:02,388 : Recieved: Sync
2022-04-19 11:09:02,390 : Sent: Ready
2022-04-19 11:09:07,405 : Recieved: Sync
2022-04-19 11:09:07,407 : Sent: Ready
2022-04-19 11:09:12,415 : Recieved: Sync
2022-04-19 11:09:12,417 : Sent: Ready
2022-04-19 11:09:17,482 : Recieved: Sync
2022-04-19 11:09:17,484 : Sent: Ready
2022-04-19 11:09:22,523 : Recieved: Sync
2022-04-19 11:09:22,526 : Sent: Ready
2022-04-19 11:09:27,570 : Recieved: Sync
2022-04-19 11:09:27,574 : Sent: Ready
2022-04-19 11:09:32,618 : Recieved: Sync
2022-04-19 11:09:32,621 : Sent: Ready
2022-04-19 11:09:37,660 : Recieved: Sync
2022-04-19 11:09:37,665 : Sent: Ready
2022-04-19 11:09:42,725 : Recieved: Sync
2022-04-19 11:09:42,727 : Sent: Ready
2022-04-19 11:09:47,767 : Recieved: Sync
2022-04-19 11:09:47,768 : Sent: Ready
2022-04-19 11:09:52,815 : Recieved: Sync
2022-04-19 11:09:52,818 : Sent: Ready
2022-04-19 11:09:57,844 : Recieved: Sync
2022-04-19 11:09:57,847 : Sent: Ready
2022-04-19 11:10:02,885 : Recieved: Sync
2022-04-19 11:10:02,889 : Sent: Ready
2022-04-19 11:10:07,933 : Recieved: Sync
2022-04-19 11:10:07,936 : Sent: Ready
2022-04-19 11:10:12,974 : Recieved: Sync
2022-04-19 11:10:12,977 : Sent: Ready
2022-04-19 11:10:18,016 : Recieved: Sync
2022-04-19 11:10:18,021 : Sent: Ready
2022-04-19 11:10:23,043 : Recieved: Sync
2022-04-19 11:10:23,046 : Sent: Ready
2022-04-19 11:10:28,103 : Recieved: Sync
2022-04-19 11:10:28,104 : Sent: Ready
2022-04-19 11:10:33,137 : Recieved: Sync
2022-04-19 11:10:33,141 : Sent: Ready
2022-04-19 11:10:38,176 : Recieved: Sync
2022-04-19 11:10:38,180 : Sent: Ready
2022-04-19 11:10:43,209 : Recieved: Sync
2022-04-19 11:10:43,212 : Sent: Ready
2022-04-19 11:10:48,257 : Recieved: Sync
2022-04-19 11:10:48,261 : Sent: Ready
2022-04-19 11:10:53,312 : Recieved: Sync
2022-04-19 11:10:53,315 : Sent: Ready
2022-04-19 11:10:58,360 : Recieved: Sync
2022-04-19 11:10:58,364 : Sent: Ready
2022-04-19 11:11:03,418 : Recieved: Sync
2022-04-19 11:11:03,421 : Sent: Ready
2022-04-19 11:11:08,454 : Recieved: Sync
2022-04-19 11:11:08,458 : Sent: Ready
2022-04-19 11:11:13,504 : Recieved: Sync
2022-04-19 11:11:13,509 : Sent: Ready
2022-04-19 11:11:18,544 : Recieved: Sync
2022-04-19 11:11:18,547 : Sent: Ready
2022-04-19 11:11:23,604 : Recieved: Sync
2022-04-19 11:11:23,607 : Sent: Ready
2022-04-19 11:11:28,646 : Recieved: Sync
2022-04-19 11:11:28,648 : Sent: Ready
2022-04-19 11:11:33,693 : Recieved: Sync
2022-04-19 11:11:33,695 : Sent: Ready
2022-04-19 11:11:38,740 : Recieved: Sync
2022-04-19 11:11:38,743 : Sent: Ready
2022-04-19 11:11:43,783 : Recieved: Sync
2022-04-19 11:11:43,787 : Sent: Ready
2022-04-19 11:11:48,845 : Recieved: Sync
2022-04-19 11:11:48,848 : Sent: Ready
2022-04-19 11:11:53,879 : Recieved: Sync
2022-04-19 11:11:53,883 : Sent: Ready
2022-04-19 11:11:58,940 : Recieved: Sync
2022-04-19 11:11:58,942 : Sent: Ready
2022-04-19 11:12:03,992 : Recieved: Sync
2022-04-19 11:12:03,995 : Sent: Ready
2022-04-19 11:12:09,031 : Recieved: Sync
2022-04-19 11:12:09,035 : Sent: Ready
2022-04-19 11:12:14,080 : Recieved: Sync
2022-04-19 11:12:14,084 : Sent: Ready
2022-04-19 11:12:19,126 : Recieved: Sync
2022-04-19 11:12:19,130 : Sent: Ready
2022-04-19 11:12:24,169 : Recieved: Sync
2022-04-19 11:12:24,173 : Sent: Ready
2022-04-19 11:12:29,216 : Recieved: Sync
2022-04-19 11:12:29,218 : Sent: Ready
2022-04-19 11:12:34,272 : Recieved: Sync
2022-04-19 11:12:34,275 : Sent: Ready
2022-04-19 11:12:39,325 : Recieved: Sync
2022-04-19 11:12:39,330 : Sent: Ready
2022-04-19 11:12:44,359 : Recieved: Sync
2022-04-19 11:12:44,363 : Sent: Ready
2022-04-19 11:12:49,419 : Recieved: Sync
2022-04-19 11:12:49,423 : Sent: Ready
2022-04-19 11:12:54,476 : Recieved: Sync
2022-04-19 11:12:54,479 : Sent: Ready
2022-04-19 11:12:59,525 : Recieved: Sync
2022-04-19 11:12:59,527 : Sent: Ready
2022-04-19 11:13:04,577 : Recieved: Sync
2022-04-19 11:13:04,581 : Sent: Ready
2022-04-19 11:13:09,630 : Recieved: Sync
2022-04-19 11:13:09,635 : Sent: Ready
2022-04-19 11:13:14,677 : Recieved: Sync
2022-04-19 11:13:14,679 : Sent: Ready
2022-04-19 11:13:19,738 : Recieved: Sync
2022-04-19 11:13:19,742 : Sent: Ready
2022-04-19 11:13:24,770 : Recieved: Sync
2022-04-19 11:13:24,774 : Sent: Ready
2022-04-19 11:13:29,816 : Recieved: Sync
2022-04-19 11:13:29,819 : Sent: Ready
2022-04-19 11:13:34,853 : Recieved: Sync
2022-04-19 11:13:34,855 : Sent: Ready
2022-04-19 11:13:39,903 : Recieved: Sync
2022-04-19 11:13:39,905 : Sent: Ready
2022-04-19 11:13:44,937 : Recieved: Sync
2022-04-19 11:13:44,939 : Sent: Ready
2022-04-19 11:13:49,998 : Recieved: Sync
2022-04-19 11:13:49,999 : Sent: Ready
2022-04-19 11:13:55,035 : Recieved: Sync
2022-04-19 11:13:55,037 : Sent: Ready
2022-04-19 11:14:00,098 : Recieved: Sync
2022-04-19 11:14:00,100 : Sent: Ready
2022-04-19 11:14:05,157 : Recieved: Sync
2022-04-19 11:14:05,163 : Sent: Ready
2022-04-19 11:14:10,196 : Recieved: Sync
2022-04-19 11:14:10,199 : Sent: Ready
2022-04-19 11:14:15,246 : Recieved: Sync
2022-04-19 11:14:15,248 : Sent: Ready
2022-04-19 11:14:20,298 : Recieved: Sync
2022-04-19 11:14:20,300 : Sent: Ready
2022-04-19 11:14:25,337 : Recieved: Sync
2022-04-19 11:14:25,339 : Sent: Ready
2022-04-19 11:14:30,369 : Recieved: Sync
2022-04-19 11:14:30,372 : Sent: Ready
2022-04-19 11:14:35,402 : Recieved: Sync
2022-04-19 11:14:35,404 : Sent: Ready
2022-04-19 11:14:40,433 : Recieved: Sync
2022-04-19 11:14:40,436 : Sent: Ready
2022-04-19 11:14:45,454 : Recieved: Sync
2022-04-19 11:14:45,454 : Sent: Ready
2022-04-19 11:14:50,464 : Recieved: Sync
2022-04-19 11:14:50,466 : Sent: Ready
2022-04-19 11:14:55,487 : Recieved: Sync
2022-04-19 11:14:55,490 : Sent: Ready
2022-04-19 11:15:00,503 : Recieved: Sync
2022-04-19 11:15:00,505 : Sent: Ready
2022-04-19 11:15:05,542 : Recieved: Sync
2022-04-19 11:15:05,545 : Sent: Ready
2022-04-19 11:15:10,571 : Recieved: Sync
2022-04-19 11:15:10,573 : Sent: Ready
2022-04-19 11:15:15,587 : Recieved: Sync
2022-04-19 11:15:15,588 : Sent: Ready
2022-04-19 11:15:20,597 : Recieved: Sync
2022-04-19 11:15:20,598 : Sent: Ready
2022-04-19 11:15:25,604 : Recieved: Sync
2022-04-19 11:15:25,605 : Sent: Ready
2022-04-19 11:15:30,614 : Recieved: Sync
2022-04-19 11:15:30,615 : Sent: Ready
2022-04-19 11:15:35,627 : Recieved: Sync
2022-04-19 11:15:35,630 : Sent: Ready
2022-04-19 11:15:40,643 : Recieved: Sync
2022-04-19 11:15:40,646 : Sent: Ready
2022-04-19 11:15:45,657 : Recieved: Sync
2022-04-19 11:15:45,660 : Sent: Ready
2022-04-19 11:15:50,673 : Recieved: Sync
2022-04-19 11:15:50,676 : Sent: Ready
2022-04-19 11:15:55,681 : Recieved: Sync
2022-04-19 11:15:55,683 : Sent: Ready
2022-04-19 11:16:00,804 : Recieved: Sync
2022-04-19 11:16:00,807 : Sent: Ready
2022-04-19 11:16:05,820 : Recieved: Sync
2022-04-19 11:16:05,823 : Sent: Ready
2022-04-19 11:16:10,838 : Recieved: Sync
2022-04-19 11:16:10,841 : Sent: Ready
2022-04-19 11:16:15,853 : Recieved: Sync
2022-04-19 11:16:15,856 : Sent: Ready
2022-04-19 11:16:20,879 : Recieved: Sync
2022-04-19 11:16:20,880 : Sent: Ready
2022-04-19 11:16:25,899 : Recieved: Sync
2022-04-19 11:16:25,901 : Sent: Ready
2022-04-19 11:16:30,912 : Recieved: Sync
2022-04-19 11:16:30,914 : Sent: Ready
2022-04-19 11:16:35,935 : Recieved: Sync
2022-04-19 11:16:35,938 : Sent: Ready
2022-04-19 11:16:40,964 : Recieved: Sync
2022-04-19 11:16:40,965 : Sent: Ready
2022-04-19 11:16:45,979 : Recieved: Sync
2022-04-19 11:16:45,981 : Sent: Ready
2022-04-19 11:16:50,991 : Recieved: Sync
2022-04-19 11:16:50,993 : Sent: Ready
2022-04-19 11:16:56,023 : Recieved: Sync
2022-04-19 11:16:56,025 : Sent: Ready
2022-04-19 11:17:01,043 : Recieved: Sync
2022-04-19 11:17:01,046 : Sent: Ready
2022-04-19 11:17:06,065 : Recieved: Sync
2022-04-19 11:17:06,068 : Sent: Ready
2022-04-19 11:17:11,092 : Recieved: Sync
2022-04-19 11:17:11,095 : Sent: Ready
2022-04-19 11:17:16,103 : Recieved: Sync
2022-04-19 11:17:16,105 : Sent: Ready
2022-04-19 11:17:21,120 : Recieved: Sync
2022-04-19 11:17:21,122 : Sent: Ready
2022-04-19 11:17:26,147 : Recieved: Sync
2022-04-19 11:17:26,149 : Sent: Ready
2022-04-19 11:17:31,196 : Recieved: Sync
2022-04-19 11:17:31,198 : Sent: Ready
2022-04-19 11:17:36,234 : Recieved: Sync
2022-04-19 11:17:36,235 : Sent: Ready
2022-04-19 11:17:41,266 : Recieved: Sync
2022-04-19 11:17:41,270 : Sent: Ready
2022-04-19 11:17:46,297 : Recieved: Sync
2022-04-19 11:17:46,298 : Sent: Ready
2022-04-19 11:17:51,327 : Recieved: Sync
2022-04-19 11:17:51,328 : Sent: Ready
2022-04-19 11:17:56,377 : Recieved: Sync
2022-04-19 11:17:56,378 : Sent: Ready
2022-04-19 11:18:01,433 : Recieved: Sync
2022-04-19 11:18:01,512 : Sent: Ready
2022-04-19 11:18:06,670 : Recieved: Sync
2022-04-19 11:18:06,675 : Sent: Ready
2022-04-19 11:18:11,710 : Recieved: Sync
2022-04-19 11:18:11,712 : Sent: Ready
2022-04-19 11:18:16,758 : Recieved: Sync
2022-04-19 11:18:16,762 : Sent: Ready
2022-04-19 11:18:21,821 : Recieved: Sync
2022-04-19 11:18:21,884 : Sent: Ready
2022-04-19 11:18:26,895 : Recieved: Sync
2022-04-19 11:18:26,906 : Sent: Ready
2022-04-19 11:18:31,946 : Recieved: Sync
2022-04-19 11:18:31,949 : Sent: Ready
2022-04-19 11:18:37,007 : Recieved: Sync
2022-04-19 11:18:37,013 : Sent: Ready
2022-04-19 11:18:42,069 : Recieved: Sync
2022-04-19 11:18:42,072 : Sent: Ready
2022-04-19 11:18:47,121 : Recieved: Sync
2022-04-19 11:18:47,126 : Sent: Ready
2022-04-19 11:18:52,189 : Recieved: Sync
2022-04-19 11:18:52,193 : Sent: Ready
2022-04-19 11:18:57,262 : Recieved: Sync
2022-04-19 11:18:57,266 : Sent: Ready
2022-04-19 11:19:02,330 : Recieved: Sync
2022-04-19 11:19:02,333 : Sent: Ready
2022-04-19 11:19:07,377 : Recieved: Sync
2022-04-19 11:19:07,380 : Sent: Ready
2022-04-19 11:19:12,454 : Recieved: Sync
2022-04-19 11:19:12,455 : Sent: Ready
2022-04-19 11:19:17,541 : Recieved: Sync
2022-04-19 11:19:17,544 : Sent: Ready
2022-04-19 11:19:22,556 : Recieved: Sync
2022-04-19 11:19:22,559 : Sent: Ready
2022-04-19 11:19:27,575 : Recieved: Sync
2022-04-19 11:19:27,578 : Sent: Ready
2022-04-19 11:19:32,644 : Recieved: Sync
2022-04-19 11:19:32,650 : Sent: Ready
2022-04-19 11:19:37,669 : Recieved: Sync
2022-04-19 11:19:37,673 : Sent: Ready
2022-04-19 11:19:42,731 : Recieved: Sync
2022-04-19 11:19:42,732 : Sent: Ready
2022-04-19 11:19:47,777 : Recieved: Sync
2022-04-19 11:19:47,781 : Sent: Ready
2022-04-19 11:19:52,816 : Recieved: Sync
2022-04-19 11:19:52,821 : Sent: Ready
2022-04-19 11:19:57,856 : Recieved: Sync
2022-04-19 11:19:57,859 : Sent: Ready
2022-04-19 11:20:02,910 : Recieved: Sync
2022-04-19 11:20:02,914 : Sent: Ready
2022-04-19 11:20:07,967 : Recieved: Sync
2022-04-19 11:20:07,970 : Sent: Ready
2022-04-19 11:20:13,024 : Recieved: Sync
2022-04-19 11:20:13,025 : Sent: Ready
2022-04-19 11:20:18,066 : Recieved: Sync
2022-04-19 11:20:18,070 : Sent: Ready
2022-04-19 11:20:23,094 : Recieved: Sync
2022-04-19 11:20:23,099 : Sent: Ready
2022-04-19 11:20:28,134 : Recieved: Sync
2022-04-19 11:20:28,136 : Sent: Ready
2022-04-19 11:20:33,177 : Recieved: Sync
2022-04-19 11:20:33,180 : Sent: Ready
2022-04-19 11:20:38,211 : Recieved: Sync
2022-04-19 11:20:38,213 : Sent: Ready
2022-04-19 11:20:43,239 : Recieved: Sync
2022-04-19 11:20:43,242 : Sent: Ready
2022-04-19 11:20:48,295 : Recieved: Sync
2022-04-19 11:20:48,296 : Sent: Ready
2022-04-19 11:20:53,360 : Recieved: Sync
2022-04-19 11:20:53,362 : Sent: Ready
2022-04-19 11:20:58,420 : Recieved: Sync
2022-04-19 11:20:58,422 : Sent: Ready
2022-04-19 11:21:03,480 : Recieved: Sync
2022-04-19 11:21:03,483 : Sent: Ready
2022-04-19 11:21:08,543 : Recieved: Sync
2022-04-19 11:21:08,545 : Sent: Ready
2022-04-19 11:21:13,607 : Recieved: Sync
2022-04-19 11:21:13,612 : Sent: Ready
2022-04-19 11:21:18,681 : Recieved: Sync
2022-04-19 11:21:18,683 : Sent: Ready
2022-04-19 11:21:23,752 : Recieved: Sync
2022-04-19 11:21:23,757 : Sent: Ready
2022-04-19 11:21:28,826 : Recieved: Sync
2022-04-19 11:21:28,831 : Sent: Ready
2022-04-19 11:21:33,891 : Recieved: Sync
2022-04-19 11:21:33,894 : Sent: Ready
2022-04-19 11:21:38,960 : Recieved: Sync
2022-04-19 11:21:38,963 : Sent: Ready
2022-04-19 11:21:44,039 : Recieved: Sync
2022-04-19 11:21:44,043 : Sent: Ready
2022-04-19 11:21:49,113 : Recieved: Sync
2022-04-19 11:21:49,116 : Sent: Ready
2022-04-19 11:21:54,171 : Recieved: Sync
2022-04-19 11:21:54,174 : Sent: Ready
2022-04-19 11:21:59,233 : Recieved: Sync
2022-04-19 11:21:59,235 : Sent: Ready
2022-04-19 11:22:04,283 : Recieved: Sync
2022-04-19 11:22:04,286 : Sent: Ready
2022-04-19 11:22:09,350 : Recieved: Sync
2022-04-19 11:22:09,355 : Sent: Ready
2022-04-19 11:22:14,430 : Recieved: Sync
2022-04-19 11:22:14,434 : Sent: Ready
2022-04-19 11:22:19,507 : Recieved: Sync
2022-04-19 11:22:19,510 : Sent: Ready
2022-04-19 11:22:24,565 : Recieved: Sync
2022-04-19 11:22:24,568 : Sent: Ready
2022-04-19 11:22:29,641 : Recieved: Sync
2022-04-19 11:22:29,644 : Sent: Ready
2022-04-19 11:22:34,707 : Recieved: Sync
2022-04-19 11:22:34,710 : Sent: Ready
2022-04-19 11:22:39,769 : Recieved: Sync
2022-04-19 11:22:39,771 : Sent: Ready
2022-04-19 11:22:44,832 : Recieved: Sync
2022-04-19 11:22:44,835 : Sent: Ready
2022-04-19 11:22:49,898 : Recieved: Sync
2022-04-19 11:22:49,902 : Sent: Ready
2022-04-19 11:22:54,973 : Recieved: Sync
2022-04-19 11:22:54,976 : Sent: Ready
2022-04-19 11:23:00,035 : Recieved: Sync
2022-04-19 11:23:00,040 : Sent: Ready
2022-04-19 11:23:05,114 : Recieved: Sync
2022-04-19 11:23:05,116 : Sent: Ready
2022-04-19 11:23:10,179 : Recieved: Sync
2022-04-19 11:23:10,183 : Sent: Ready
2022-04-19 11:23:15,252 : Recieved: Sync
2022-04-19 11:23:15,255 : Sent: Ready
2022-04-19 11:23:20,315 : Recieved: Sync
2022-04-19 11:23:20,320 : Sent: Ready
2022-04-19 12:03:41,220 : Recieved: Sync
2022-04-19 12:03:41,850 : Sent: Ready
2022-04-19 12:03:46,894 : Recieved: Sync
2022-04-19 12:03:46,897 : Sent: Ready
2022-04-19 12:03:51,917 : Recieved: Sync
2022-04-19 12:03:51,929 : Sent: Ready
2022-04-19 12:03:57,158 : Recieved: Sync
2022-04-19 12:03:57,161 : Sent: Ready
2022-04-19 12:04:02,174 : Recieved: Sync
2022-04-19 12:04:02,197 : Sent: Ready
2022-04-19 12:04:07,215 : Recieved: Sync
2022-04-19 12:04:07,222 : Sent: Ready
2022-04-19 12:04:12,239 : Recieved: Sync
2022-04-19 12:04:12,246 : Sent: Ready
2022-04-19 12:04:17,256 : Recieved: Sync
2022-04-19 12:04:17,261 : Sent: Ready
2022-04-19 12:04:22,280 : Recieved: Sync
2022-04-19 12:04:22,284 : Sent: Ready
2022-04-19 12:04:27,300 : Recieved: Sync
2022-04-19 12:04:27,304 : Sent: Ready
2022-04-19 12:04:32,309 : Recieved: Sync
2022-04-19 12:04:32,313 : Sent: Ready
2022-04-19 12:04:37,322 : Recieved: Sync
2022-04-19 12:04:37,327 : Sent: Ready
2022-04-19 12:04:42,346 : Recieved: Sync
2022-04-19 12:04:42,349 : Sent: Ready
2022-04-19 12:04:47,357 : Recieved: Sync
2022-04-19 12:04:47,361 : Sent: Ready
2022-04-19 12:04:52,371 : Recieved: Sync
2022-04-19 12:04:52,392 : Sent: Ready
2022-04-19 12:04:57,412 : Recieved: Sync
2022-04-19 12:04:57,419 : Sent: Ready
2022-04-19 12:05:02,453 : Recieved: Sync
2022-04-19 12:05:02,456 : Sent: Ready
2022-04-19 12:05:07,485 : Recieved: Sync
2022-04-19 12:05:07,488 : Sent: Ready
2022-04-19 12:05:12,502 : Recieved: Sync
2022-04-19 12:05:12,504 : Sent: Ready
2022-04-19 12:05:17,518 : Recieved: Sync
2022-04-19 12:05:17,521 : Sent: Ready
2022-04-19 12:05:22,543 : Recieved: Sync
2022-04-19 12:05:22,547 : Sent: Ready
2022-04-19 12:05:27,570 : Recieved: Sync
2022-04-19 12:05:27,573 : Sent: Ready
