2022-04-19 11:02:52,386 : Connected to: 127.0.0.1, 60870
2022-04-19 11:02:52,431 : Sent: Ready
2022-04-19 11:02:52,462 : Recieved: Yes
2022-04-19 11:02:52,873 : Recieved: E0.0
2022-04-19 11:02:52,887 : Recieved: DM1
2022-04-19 11:02:52,923 : Recieved: DE-1
2022-04-19 11:02:52,929 : Recieved: kP1.0
2022-04-19 11:02:52,935 : Recieved: kI0.0
2022-04-19 11:02:52,943 : Recieved: kD0.0
2022-04-19 11:02:53,061 : Recieved: Sync
2022-04-19 11:02:53,064 : Sent: Ready
2022-04-19 11:02:58,110 : Recieved: Sync
2022-04-19 11:02:58,112 : Sent: Ready
2022-04-19 11:03:03,169 : Recieved: Sync
2022-04-19 11:03:03,170 : Sent: Ready
2022-04-19 11:03:08,219 : Recieved: Sync
2022-04-19 11:03:08,221 : Sent: Ready
2022-04-19 11:03:13,267 : Recieved: Sync
2022-04-19 11:03:13,269 : Sent: Ready
2022-04-19 11:03:18,331 : Recieved: Sync
2022-04-19 11:03:18,333 : Sent: Ready
2022-04-19 11:03:23,384 : Recieved: Sync
2022-04-19 11:03:23,387 : Sent: Ready
2022-04-19 11:03:28,433 : Recieved: Sync
2022-04-19 11:03:28,434 : Sent: Ready
2022-04-19 11:03:33,496 : Recieved: Sync
2022-04-19 11:03:33,497 : Sent: Ready
2022-04-19 11:03:38,553 : Recieved: Sync
2022-04-19 11:03:38,555 : Sent: Ready
2022-04-19 11:03:43,622 : Recieved: Sync
2022-04-19 11:03:43,624 : Sent: Ready
2022-04-19 11:03:48,683 : Recieved: Sync
2022-04-19 11:03:48,684 : Sent: Ready
2022-04-19 11:03:53,751 : Recieved: Sync
2022-04-19 11:03:53,752 : Sent: Ready
2022-04-19 11:03:58,820 : Recieved: Sync
2022-04-19 11:03:58,822 : Sent: Ready
2022-04-19 11:04:03,879 : Recieved: Sync
2022-04-19 11:04:03,881 : Sent: Ready
2022-04-19 11:04:08,937 : Recieved: Sync
2022-04-19 11:04:08,939 : Sent: Ready
2022-04-19 11:04:13,993 : Recieved: Sync
2022-04-19 11:04:13,994 : Sent: Ready
2022-04-19 11:04:19,049 : Recieved: Sync
2022-04-19 11:04:19,050 : Sent: Ready
2022-04-19 11:04:24,076 : Recieved: Sync
2022-04-19 11:04:24,079 : Sent: Ready
2022-04-19 11:04:29,122 : Recieved: Sync
2022-04-19 11:04:29,126 : Sent: Ready
2022-04-19 11:04:34,157 : Recieved: Sync
2022-04-19 11:04:34,161 : Sent: Ready
2022-04-19 11:04:39,197 : Recieved: Sync
2022-04-19 11:04:39,202 : Sent: Ready
2022-04-19 11:04:44,242 : Recieved: Sync
2022-04-19 11:04:44,245 : Sent: Ready
2022-04-19 11:04:49,280 : Recieved: Sync
2022-04-19 11:04:49,285 : Sent: Ready
2022-04-19 11:04:54,335 : Recieved: Sync
2022-04-19 11:04:54,343 : Sent: Ready
2022-04-19 11:04:59,381 : Recieved: Sync
2022-04-19 11:04:59,387 : Sent: Ready
2022-04-19 11:05:04,444 : Recieved: Sync
2022-04-19 11:05:04,450 : Sent: Ready
2022-04-19 11:05:09,474 : Recieved: Sync
2022-04-19 11:05:09,479 : Sent: Ready
2022-04-19 11:05:14,505 : Recieved: Sync
2022-04-19 11:05:14,508 : Sent: Ready
2022-04-19 11:05:19,544 : Recieved: Sync
2022-04-19 11:05:19,550 : Sent: Ready
2022-04-19 11:05:24,591 : Recieved: Sync
2022-04-19 11:05:24,598 : Sent: Ready
2022-04-19 11:05:29,637 : Recieved: Sync
2022-04-19 11:05:29,642 : Sent: Ready
2022-04-19 11:05:34,697 : Recieved: Sync
2022-04-19 11:05:34,700 : Sent: Ready
2022-04-19 11:05:39,740 : Recieved: Sync
2022-04-19 11:05:39,741 : Sent: Ready
2022-04-19 11:05:44,782 : Recieved: Sync
2022-04-19 11:05:44,785 : Sent: Ready
2022-04-19 11:05:49,853 : Recieved: Sync
2022-04-19 11:05:49,855 : Sent: Ready
2022-04-19 11:05:54,902 : Recieved: Sync
2022-04-19 11:05:54,905 : Sent: Ready
2022-04-19 11:05:59,968 : Recieved: Sync
2022-04-19 11:05:59,971 : Sent: Ready
2022-04-19 11:06:05,034 : Recieved: Sync
2022-04-19 11:06:05,038 : Sent: Ready
2022-04-19 11:06:10,077 : Recieved: Sync
2022-04-19 11:06:10,083 : Sent: Ready
2022-04-19 11:06:15,113 : Recieved: Sync
2022-04-19 11:06:15,118 : Sent: Ready
2022-04-19 11:06:20,169 : Recieved: Sync
2022-04-19 11:06:20,174 : Sent: Ready
2022-04-19 11:06:25,223 : Recieved: Sync
2022-04-19 11:06:25,228 : Sent: Ready
2022-04-19 11:06:30,258 : Recieved: Sync
2022-04-19 11:06:30,264 : Sent: Ready
2022-04-19 11:06:35,316 : Recieved: Sync
2022-04-19 11:06:35,320 : Sent: Ready
2022-04-19 11:06:40,358 : Recieved: Sync
2022-04-19 11:06:40,366 : Sent: Ready
2022-04-19 11:06:45,411 : Recieved: Sync
2022-04-19 11:06:45,415 : Sent: Ready
2022-04-19 11:06:50,449 : Recieved: Sync
2022-04-19 11:06:50,454 : Sent: Ready
2022-04-19 11:06:55,497 : Recieved: Sync
2022-04-19 11:06:55,502 : Sent: Ready
2022-04-19 11:07:00,563 : Recieved: Sync
2022-04-19 11:07:00,568 : Sent: Ready
2022-04-19 11:07:05,617 : Recieved: Sync
2022-04-19 11:07:05,622 : Sent: Ready
2022-04-19 11:07:10,694 : Recieved: Sync
2022-04-19 11:07:10,697 : Sent: Ready
2022-04-19 11:07:15,764 : Recieved: Sync
2022-04-19 11:07:15,771 : Sent: Ready
2022-04-19 11:07:20,835 : Recieved: Sync
2022-04-19 11:07:20,839 : Sent: Ready
2022-04-19 11:07:25,880 : Recieved: Sync
2022-04-19 11:07:25,884 : Sent: Ready
2022-04-19 11:07:28,529 : Recieved: S1.0
2022-04-19 11:07:28,535 : Recieved: 10836.3287318083
2022-04-19 11:07:28,539 : Sent: Moving
2022-04-19 11:07:28,548 : Sent: 0.0
2022-04-19 11:07:28,844 : Sent: 1204.0365257564779
2022-04-19 11:07:29,140 : Sent: 2408.0730515129558
2022-04-19 11:07:29,437 : Sent: 3612.1095772694334
2022-04-19 11:07:29,722 : Sent: 4816.1461030259115
2022-04-19 11:07:29,978 : Sent: 6020.18262878239
2022-04-19 11:07:30,241 : Sent: 7224.219154538867
2022-04-19 11:07:30,506 : Sent: 8428.255680295346
2022-04-19 11:07:30,773 : Sent: 9632.292206051823
2022-04-19 11:07:31,203 : Sent: 10836.3287318083
2022-04-19 11:07:31,698 : Sent: 10836.3287318083
2022-04-19 11:07:31,776 : Sent: Ready
2022-04-19 11:07:32,453 : Recieved: Sync
2022-04-19 11:07:32,454 : Sent: Ready
2022-04-19 11:07:37,527 : Recieved: Sync
2022-04-19 11:07:37,528 : Sent: Ready
2022-04-19 11:07:42,574 : Recieved: Sync
2022-04-19 11:07:42,576 : Sent: Ready
2022-04-19 11:07:47,632 : Recieved: Sync
2022-04-19 11:07:47,633 : Sent: Ready
2022-04-19 11:07:52,670 : Recieved: Sync
2022-04-19 11:07:52,672 : Sent: Ready
2022-04-19 11:07:54,847 : Recieved: S1.0
2022-04-19 11:07:54,849 : Recieved: 8839.188914945184
2022-04-19 11:07:54,851 : Sent: Moving
2022-04-19 11:07:54,853 : Sent: 10836.3287318083
2022-04-19 11:07:55,112 : Sent: 10614.4243077124
2022-04-19 11:07:55,377 : Sent: 10392.519883616496
2022-04-19 11:07:55,643 : Sent: 10170.615459520595
2022-04-19 11:07:55,909 : Sent: 9948.711035424692
2022-04-19 11:07:56,172 : Sent: 9726.806611328791
2022-04-19 11:07:56,437 : Sent: 9504.902187232889
2022-04-19 11:07:56,705 : Sent: 9282.997763136987
2022-04-19 11:07:56,970 : Sent: 9061.093339041086
2022-04-19 11:07:57,236 : Sent: 8839.188914945184
2022-04-19 11:07:57,552 : Sent: 8839.188914945184
2022-04-19 11:07:57,554 : Sent: Ready
2022-04-19 11:07:57,678 : Recieved: Sync
2022-04-19 11:07:57,680 : Sent: Ready
2022-04-19 11:08:02,759 : Recieved: Sync
2022-04-19 11:08:02,761 : Sent: Ready
2022-04-19 11:08:07,794 : Recieved: Sync
2022-04-19 11:08:07,798 : Sent: Ready
2022-04-19 11:08:12,869 : Recieved: Sync
2022-04-19 11:08:12,871 : Sent: Ready
2022-04-19 11:08:17,916 : Recieved: Sync
2022-04-19 11:08:17,919 : Sent: Ready
2022-04-19 11:08:22,975 : Recieved: Sync
2022-04-19 11:08:22,977 : Sent: Ready
2022-04-19 11:08:28,073 : Recieved: Sync
2022-04-19 11:08:28,130 : Sent: Ready
2022-04-19 11:08:33,303 : Recieved: Sync
2022-04-19 11:08:33,334 : Sent: Ready
2022-04-19 11:08:36,940 : Recieved: S1.0
2022-04-19 11:08:36,943 : Recieved: 6789.5131209521805
2022-04-19 11:08:36,956 : Sent: Moving
2022-04-19 11:08:36,963 : Sent: 8839.188914945184
2022-04-19 11:08:37,222 : Sent: 8611.447160057072
2022-04-19 11:08:37,490 : Sent: 8383.705405168961
2022-04-19 11:08:37,754 : Sent: 8155.963650280849
2022-04-19 11:08:38,042 : Sent: 7928.221895392738
2022-04-19 11:08:38,340 : Sent: 7700.480140504626
2022-04-19 11:08:38,648 : Sent: 7472.738385616515
2022-04-19 11:08:39,113 : Sent: 7244.996630728403
2022-04-19 11:08:39,457 : Sent: 7017.254875840292
2022-04-19 11:08:39,802 : Sent: 6789.5131209521805
2022-04-19 11:08:40,335 : Sent: 6789.5131209521805
2022-04-19 11:08:40,433 : Sent: Ready
2022-04-19 11:08:40,558 : Recieved: S1.0
2022-04-19 11:08:40,591 : Recieved: 6789.513117404785
2022-04-19 11:08:40,779 : Sent: Moving
2022-04-19 11:08:40,780 : Sent: 6789.5131209521805
2022-04-19 11:08:41,045 : Sent: 6789.513120558026
2022-04-19 11:08:41,325 : Sent: 6789.513120163871
2022-04-19 11:08:41,645 : Sent: 6789.513119769716
2022-04-19 11:08:41,993 : Sent: 6789.513119375561
2022-04-19 11:08:42,272 : Sent: 6789.513118981405
2022-04-19 11:08:42,566 : Sent: 6789.51311858725
2022-04-19 11:08:42,915 : Sent: 6789.513118193095
2022-04-19 11:08:43,228 : Sent: 6789.51311779894
2022-04-19 11:08:43,526 : Sent: 6789.513117404785
2022-04-19 11:08:43,809 : Sent: 6789.513117404785
2022-04-19 11:08:43,840 : Sent: Ready
2022-04-19 11:08:43,857 : Recieved: S1.0
2022-04-19 11:08:43,871 : Recieved: 6646.541758450659
2022-04-19 11:08:43,887 : Sent: Moving
2022-04-19 11:08:43,907 : Sent: 6789.513117404785
2022-04-19 11:08:44,183 : Sent: 6773.627410854327
2022-04-19 11:08:44,449 : Sent: 6757.741704303868
2022-04-19 11:08:44,712 : Sent: 6741.85599775341
2022-04-19 11:08:44,980 : Sent: 6725.970291202951
2022-04-19 11:08:45,245 : Sent: 6710.084584652493
2022-04-19 11:08:45,512 : Sent: 6694.198878102034
2022-04-19 11:08:45,780 : Sent: 6678.313171551576
2022-04-19 11:08:46,107 : Sent: 6662.427465001117
2022-04-19 11:08:46,527 : Sent: 6646.541758450659
2022-04-19 11:08:46,934 : Sent: 6646.541758450659
2022-04-19 11:08:47,013 : Sent: Ready
2022-04-19 11:08:47,065 : Recieved: Sync
2022-04-19 11:08:47,154 : Sent: Ready
2022-04-19 11:08:47,157 : Recieved: S1.0
2022-04-19 11:08:47,159 : Recieved: 5879.228707277441
2022-04-19 11:08:47,165 : Sent: Moving
2022-04-19 11:08:47,172 : Sent: 6646.541758450659
2022-04-19 11:08:47,441 : Sent: 6561.2847527647455
2022-04-19 11:08:47,704 : Sent: 6476.027747078832
2022-04-19 11:08:47,970 : Sent: 6390.770741392919
2022-04-19 11:08:48,237 : Sent: 6305.513735707006
2022-04-19 11:08:48,504 : Sent: 6220.256730021093
2022-04-19 11:08:48,772 : Sent: 6134.99972433518
2022-04-19 11:08:49,053 : Sent: 6049.742718649267
2022-04-19 11:08:49,384 : Sent: 5964.485712963354
2022-04-19 11:08:49,746 : Sent: 5879.228707277441
2022-04-19 11:08:50,044 : Sent: 5879.228707277441
2022-04-19 11:08:50,075 : Sent: Ready
2022-04-19 11:08:50,088 : Recieved: S1.0
2022-04-19 11:08:50,106 : Recieved: 5879.228707230101
2022-04-19 11:08:50,154 : Sent: Moving
2022-04-19 11:08:50,200 : Sent: 5879.228707277441
2022-04-19 11:08:50,481 : Sent: 5879.228707272181
2022-04-19 11:08:50,746 : Sent: 5879.2287072669205
2022-04-19 11:08:51,012 : Sent: 5879.228707261661
2022-04-19 11:08:51,278 : Sent: 5879.2287072564
2022-04-19 11:08:51,532 : Sent: 5879.228707251141
2022-04-19 11:08:51,797 : Sent: 5879.22870724588
2022-04-19 11:08:52,064 : Sent: 5879.228707240621
2022-04-19 11:08:52,553 : Sent: 5879.22870723536
2022-04-19 11:08:52,936 : Sent: 5879.228707230101
2022-04-19 11:08:53,216 : Sent: 5879.228707230101
2022-04-19 11:08:53,356 : Sent: Ready
2022-04-19 11:08:53,388 : Recieved: S1.0
2022-04-19 11:08:53,420 : Recieved: 5879.228707232264
2022-04-19 11:08:53,452 : Sent: Moving
2022-04-19 11:08:53,477 : Sent: 5879.228707230101
2022-04-19 11:08:53,835 : Sent: 5879.228707230341
2022-04-19 11:08:54,188 : Sent: 5879.228707230582
2022-04-19 11:08:54,489 : Sent: 5879.228707230822
2022-04-19 11:08:54,819 : Sent: 5879.228707231062
2022-04-19 11:08:55,118 : Sent: 5879.228707231303
2022-04-19 11:08:55,431 : Sent: 5879.228707231543
2022-04-19 11:08:55,777 : Sent: 5879.228707231783
2022-04-19 11:08:56,172 : Sent: 5879.228707232024
2022-04-19 11:08:56,470 : Sent: 5879.228707232264
2022-04-19 11:08:56,878 : Sent: 5879.228707232264
2022-04-19 11:08:56,878 : Sent: Ready
2022-04-19 11:08:56,944 : Recieved: Sync
2022-04-19 11:08:56,956 : Sent: Ready
2022-04-19 11:08:57,037 : Recieved: Sync
2022-04-19 11:08:57,147 : Sent: Ready
2022-04-19 11:08:58,922 : Recieved: Sync
2022-04-19 11:08:58,924 : Sent: Ready
2022-04-19 11:09:03,938 : Recieved: Sync
2022-04-19 11:09:03,940 : Sent: Ready
2022-04-19 11:09:08,952 : Recieved: Sync
2022-04-19 11:09:08,955 : Sent: Ready
2022-04-19 11:09:13,969 : Recieved: Sync
2022-04-19 11:09:13,970 : Sent: Ready
2022-04-19 11:09:19,029 : Recieved: Sync
2022-04-19 11:09:19,032 : Sent: Ready
2022-04-19 11:09:24,079 : Recieved: Sync
2022-04-19 11:09:24,082 : Sent: Ready
2022-04-19 11:09:29,123 : Recieved: Sync
2022-04-19 11:09:29,124 : Sent: Ready
2022-04-19 11:09:34,171 : Recieved: Sync
2022-04-19 11:09:34,173 : Sent: Ready
2022-04-19 11:09:39,219 : Recieved: Sync
2022-04-19 11:09:39,221 : Sent: Ready
2022-04-19 11:09:44,276 : Recieved: Sync
2022-04-19 11:09:44,278 : Sent: Ready
2022-04-19 11:09:49,319 : Recieved: Sync
2022-04-19 11:09:49,321 : Sent: Ready
2022-04-19 11:09:54,365 : Recieved: Sync
2022-04-19 11:09:54,367 : Sent: Ready
2022-04-19 11:09:59,394 : Recieved: Sync
2022-04-19 11:09:59,395 : Sent: Ready
2022-04-19 11:10:04,442 : Recieved: Sync
2022-04-19 11:10:04,443 : Sent: Ready
2022-04-19 11:10:09,483 : Recieved: Sync
2022-04-19 11:10:09,485 : Sent: Ready
2022-04-19 11:10:14,515 : Recieved: Sync
2022-04-19 11:10:14,517 : Sent: Ready
2022-04-19 11:10:19,561 : Recieved: Sync
2022-04-19 11:10:19,562 : Sent: Ready
2022-04-19 11:10:24,594 : Recieved: Sync
2022-04-19 11:10:24,595 : Sent: Ready
2022-04-19 11:10:29,650 : Recieved: Sync
2022-04-19 11:10:29,652 : Sent: Ready
2022-04-19 11:10:34,683 : Recieved: Sync
2022-04-19 11:10:34,685 : Sent: Ready
2022-04-19 11:10:39,724 : Recieved: Sync
2022-04-19 11:10:39,727 : Sent: Ready
2022-04-19 11:10:44,757 : Recieved: Sync
2022-04-19 11:10:44,758 : Sent: Ready
2022-04-19 11:10:49,815 : Recieved: Sync
2022-04-19 11:10:49,817 : Sent: Ready
2022-04-19 11:10:54,866 : Recieved: Sync
2022-04-19 11:10:54,867 : Sent: Ready
2022-04-19 11:10:59,917 : Recieved: Sync
2022-04-19 11:10:59,919 : Sent: Ready
2022-04-19 11:11:04,961 : Recieved: Sync
2022-04-19 11:11:04,962 : Sent: Ready
2022-04-19 11:11:10,000 : Recieved: Sync
2022-04-19 11:11:10,002 : Sent: Ready
2022-04-19 11:11:15,058 : Recieved: Sync
2022-04-19 11:11:15,060 : Sent: Ready
2022-04-19 11:11:20,097 : Recieved: Sync
2022-04-19 11:11:20,099 : Sent: Ready
2022-04-19 11:11:25,151 : Recieved: Sync
2022-04-19 11:11:25,152 : Sent: Ready
2022-04-19 11:11:30,196 : Recieved: Sync
2022-04-19 11:11:30,198 : Sent: Ready
2022-04-19 11:11:35,245 : Recieved: Sync
2022-04-19 11:11:35,247 : Sent: Ready
2022-04-19 11:11:40,286 : Recieved: Sync
2022-04-19 11:11:40,288 : Sent: Ready
2022-04-19 11:11:45,344 : Recieved: Sync
2022-04-19 11:11:45,346 : Sent: Ready
2022-04-19 11:11:50,392 : Recieved: Sync
2022-04-19 11:11:50,395 : Sent: Ready
2022-04-19 11:11:55,435 : Recieved: Sync
2022-04-19 11:11:55,439 : Sent: Ready
2022-04-19 11:12:00,487 : Recieved: Sync
2022-04-19 11:12:00,489 : Sent: Ready
2022-04-19 11:12:05,536 : Recieved: Sync
2022-04-19 11:12:05,538 : Sent: Ready
2022-04-19 11:12:10,579 : Recieved: Sync
2022-04-19 11:12:10,581 : Sent: Ready
2022-04-19 11:12:15,631 : Recieved: Sync
2022-04-19 11:12:15,632 : Sent: Ready
2022-04-19 11:12:20,675 : Recieved: Sync
2022-04-19 11:12:20,678 : Sent: Ready
2022-04-19 11:12:25,726 : Recieved: Sync
2022-04-19 11:12:25,728 : Sent: Ready
2022-04-19 11:12:30,771 : Recieved: Sync
2022-04-19 11:12:30,772 : Sent: Ready
2022-04-19 11:12:35,824 : Recieved: Sync
2022-04-19 11:12:35,825 : Sent: Ready
2022-04-19 11:12:40,866 : Recieved: Sync
2022-04-19 11:12:40,868 : Sent: Ready
2022-04-19 11:12:45,915 : Recieved: Sync
2022-04-19 11:12:45,917 : Sent: Ready
2022-04-19 11:12:50,972 : Recieved: Sync
2022-04-19 11:12:50,974 : Sent: Ready
2022-04-19 11:12:56,027 : Recieved: Sync
2022-04-19 11:12:56,029 : Sent: Ready
2022-04-19 11:13:01,082 : Recieved: Sync
2022-04-19 11:13:01,084 : Sent: Ready
2022-04-19 11:13:06,133 : Recieved: Sync
2022-04-19 11:13:06,135 : Sent: Ready
2022-04-19 11:13:11,177 : Recieved: Sync
2022-04-19 11:13:11,179 : Sent: Ready
2022-04-19 11:13:16,231 : Recieved: Sync
2022-04-19 11:13:16,233 : Sent: Ready
2022-04-19 11:13:21,281 : Recieved: Sync
2022-04-19 11:13:21,283 : Sent: Ready
2022-04-19 11:13:26,319 : Recieved: Sync
2022-04-19 11:13:26,321 : Sent: Ready
2022-04-19 11:13:31,365 : Recieved: Sync
2022-04-19 11:13:31,367 : Sent: Ready
2022-04-19 11:13:36,396 : Recieved: Sync
2022-04-19 11:13:36,398 : Sent: Ready
2022-04-19 11:13:41,449 : Recieved: Sync
2022-04-19 11:13:41,452 : Sent: Ready
2022-04-19 11:13:46,493 : Recieved: Sync
2022-04-19 11:13:46,493 : Sent: Ready
2022-04-19 11:13:51,546 : Recieved: Sync
2022-04-19 11:13:51,549 : Sent: Ready
2022-04-19 11:13:56,593 : Recieved: Sync
2022-04-19 11:13:56,595 : Sent: Ready
2022-04-19 11:14:01,653 : Recieved: Sync
2022-04-19 11:14:01,655 : Sent: Ready
2022-04-19 11:14:06,703 : Recieved: Sync
2022-04-19 11:14:06,704 : Sent: Ready
2022-04-19 11:14:11,745 : Recieved: Sync
2022-04-19 11:14:11,749 : Sent: Ready
2022-04-19 11:14:16,794 : Recieved: Sync
2022-04-19 11:14:16,796 : Sent: Ready
2022-04-19 11:14:21,848 : Recieved: Sync
2022-04-19 11:14:21,851 : Sent: Ready
2022-04-19 11:14:26,884 : Recieved: Sync
2022-04-19 11:14:26,886 : Sent: Ready
2022-04-19 11:14:31,919 : Recieved: Sync
2022-04-19 11:14:31,920 : Sent: Ready
2022-04-19 11:14:36,951 : Recieved: Sync
2022-04-19 11:14:36,953 : Sent: Ready
2022-04-19 11:14:41,979 : Recieved: Sync
2022-04-19 11:14:41,982 : Sent: Ready
2022-04-19 11:14:46,992 : Recieved: Sync
2022-04-19 11:14:46,994 : Sent: Ready
2022-04-19 11:14:52,006 : Recieved: Sync
2022-04-19 11:14:52,009 : Sent: Ready
2022-04-19 11:14:57,031 : Recieved: Sync
2022-04-19 11:14:57,032 : Sent: Ready
2022-04-19 11:15:02,053 : Recieved: Sync
2022-04-19 11:15:02,056 : Sent: Ready
2022-04-19 11:15:07,088 : Recieved: Sync
2022-04-19 11:15:07,091 : Sent: Ready
2022-04-19 11:15:12,104 : Recieved: Sync
2022-04-19 11:15:12,107 : Sent: Ready
2022-04-19 11:15:17,126 : Recieved: Sync
2022-04-19 11:15:17,127 : Sent: Ready
2022-04-19 11:15:22,139 : Recieved: Sync
2022-04-19 11:15:22,141 : Sent: Ready
2022-04-19 11:15:27,155 : Recieved: Sync
2022-04-19 11:15:27,157 : Sent: Ready
2022-04-19 11:15:32,174 : Recieved: Sync
2022-04-19 11:15:32,175 : Sent: Ready
2022-04-19 11:15:37,186 : Recieved: Sync
2022-04-19 11:15:37,187 : Sent: Ready
2022-04-19 11:15:42,190 : Recieved: Sync
2022-04-19 11:15:42,194 : Sent: Ready
2022-04-19 11:15:47,200 : Recieved: Sync
2022-04-19 11:15:47,202 : Sent: Ready
2022-04-19 11:15:52,213 : Recieved: Sync
2022-04-19 11:15:52,217 : Sent: Ready
2022-04-19 11:15:57,228 : Recieved: Sync
2022-04-19 11:15:57,230 : Sent: Ready
2022-04-19 11:16:02,235 : Recieved: Sync
2022-04-19 11:16:02,237 : Sent: Ready
2022-04-19 11:16:07,251 : Recieved: Sync
2022-04-19 11:16:07,254 : Sent: Ready
2022-04-19 11:16:12,268 : Recieved: Sync
2022-04-19 11:16:12,272 : Sent: Ready
2022-04-19 11:16:17,286 : Recieved: Sync
2022-04-19 11:16:17,288 : Sent: Ready
2022-04-19 11:16:22,297 : Recieved: Sync
2022-04-19 11:16:22,299 : Sent: Ready
2022-04-19 11:16:27,313 : Recieved: Sync
2022-04-19 11:16:27,315 : Sent: Ready
2022-04-19 11:16:32,316 : Recieved: Sync
2022-04-19 11:16:32,318 : Sent: Ready
2022-04-19 11:16:37,327 : Recieved: Sync
2022-04-19 11:16:37,328 : Sent: Ready
2022-04-19 11:16:42,333 : Recieved: Sync
2022-04-19 11:16:42,335 : Sent: Ready
2022-04-19 11:16:47,343 : Recieved: Sync
2022-04-19 11:16:47,346 : Sent: Ready
2022-04-19 11:16:52,358 : Recieved: Sync
2022-04-19 11:16:52,361 : Sent: Ready
2022-04-19 11:16:57,362 : Recieved: Sync
2022-04-19 11:16:57,364 : Sent: Ready
2022-04-19 11:17:02,389 : Recieved: Sync
2022-04-19 11:17:02,392 : Sent: Ready
2022-04-19 11:17:07,408 : Recieved: Sync
2022-04-19 11:17:07,410 : Sent: Ready
2022-04-19 11:17:12,429 : Recieved: Sync
2022-04-19 11:17:12,431 : Sent: Ready
2022-04-19 11:17:17,445 : Recieved: Sync
2022-04-19 11:17:17,447 : Sent: Ready
2022-04-19 11:17:22,459 : Recieved: Sync
2022-04-19 11:17:22,463 : Sent: Ready
2022-04-19 11:17:27,496 : Recieved: Sync
2022-04-19 11:17:27,499 : Sent: Ready
2022-04-19 11:17:32,540 : Recieved: Sync
2022-04-19 11:17:32,542 : Sent: Ready
2022-04-19 11:17:37,578 : Recieved: Sync
2022-04-19 11:17:37,581 : Sent: Ready
2022-04-19 11:17:42,604 : Recieved: Sync
2022-04-19 11:17:42,605 : Sent: Ready
2022-04-19 11:17:47,643 : Recieved: Sync
2022-04-19 11:17:47,644 : Sent: Ready
2022-04-19 11:17:52,670 : Recieved: Sync
2022-04-19 11:17:52,672 : Sent: Ready
2022-04-19 11:17:57,725 : Recieved: Sync
2022-04-19 11:17:57,728 : Sent: Ready
2022-04-19 11:18:02,759 : Recieved: Sync
2022-04-19 11:18:02,760 : Sent: Ready
2022-04-19 11:18:07,788 : Recieved: Sync
2022-04-19 11:18:07,790 : Sent: Ready
2022-04-19 11:18:12,837 : Recieved: Sync
2022-04-19 11:18:12,839 : Sent: Ready
2022-04-19 11:18:17,887 : Recieved: Sync
2022-04-19 11:18:17,888 : Sent: Ready
2022-04-19 11:18:22,947 : Recieved: Sync
2022-04-19 11:18:22,948 : Sent: Ready
2022-04-19 11:18:28,006 : Recieved: Sync
2022-04-19 11:18:28,009 : Sent: Ready
2022-04-19 11:18:33,077 : Recieved: Sync
2022-04-19 11:18:33,079 : Sent: Ready
2022-04-19 11:18:38,136 : Recieved: Sync
2022-04-19 11:18:38,137 : Sent: Ready
2022-04-19 11:18:43,192 : Recieved: Sync
2022-04-19 11:18:43,194 : Sent: Ready
2022-04-19 11:18:48,254 : Recieved: Sync
2022-04-19 11:18:48,256 : Sent: Ready
2022-04-19 11:18:53,319 : Recieved: Sync
2022-04-19 11:18:53,321 : Sent: Ready
2022-04-19 11:18:58,389 : Recieved: Sync
2022-04-19 11:18:58,391 : Sent: Ready
2022-04-19 11:19:03,454 : Recieved: Sync
2022-04-19 11:19:03,455 : Sent: Ready
2022-04-19 11:19:08,509 : Recieved: Sync
2022-04-19 11:19:08,511 : Sent: Ready
2022-04-19 11:19:13,576 : Recieved: Sync
2022-04-19 11:19:13,578 : Sent: Ready
2022-04-19 11:19:18,701 : Recieved: Sync
2022-04-19 11:19:18,703 : Sent: Ready
2022-04-19 11:19:23,718 : Recieved: Sync
2022-04-19 11:19:23,720 : Sent: Ready
2022-04-19 11:19:28,722 : Recieved: Sync
2022-04-19 11:19:28,722 : Sent: Ready
2022-04-19 11:19:33,771 : Recieved: Sync
2022-04-19 11:19:33,774 : Sent: Ready
2022-04-19 11:19:38,797 : Recieved: Sync
2022-04-19 11:19:38,798 : Sent: Ready
2022-04-19 11:19:43,862 : Recieved: Sync
2022-04-19 11:19:43,864 : Sent: Ready
2022-04-19 11:19:48,907 : Recieved: Sync
2022-04-19 11:19:48,909 : Sent: Ready
2022-04-19 11:19:53,938 : Recieved: Sync
2022-04-19 11:19:53,940 : Sent: Ready
2022-04-19 11:19:58,986 : Recieved: Sync
2022-04-19 11:19:58,988 : Sent: Ready
2022-04-19 11:20:04,039 : Recieved: Sync
2022-04-19 11:20:04,040 : Sent: Ready
2022-04-19 11:20:09,095 : Recieved: Sync
2022-04-19 11:20:09,096 : Sent: Ready
2022-04-19 11:20:14,148 : Recieved: Sync
2022-04-19 11:20:14,150 : Sent: Ready
2022-04-19 11:20:19,191 : Recieved: Sync
2022-04-19 11:20:19,193 : Sent: Ready
2022-04-19 11:20:24,219 : Recieved: Sync
2022-04-19 11:20:24,221 : Sent: Ready
2022-04-19 11:20:29,262 : Recieved: Sync
2022-04-19 11:20:29,264 : Sent: Ready
2022-04-19 11:20:34,302 : Recieved: Sync
2022-04-19 11:20:34,304 : Sent: Ready
2022-04-19 11:20:39,327 : Recieved: Sync
2022-04-19 11:20:39,329 : Sent: Ready
2022-04-19 11:20:44,371 : Recieved: Sync
2022-04-19 11:20:44,373 : Sent: Ready
2022-04-19 11:20:49,427 : Recieved: Sync
2022-04-19 11:20:49,429 : Sent: Ready
2022-04-19 11:20:54,489 : Recieved: Sync
2022-04-19 11:20:54,490 : Sent: Ready
2022-04-19 11:20:59,550 : Recieved: Sync
2022-04-19 11:20:59,552 : Sent: Ready
2022-04-19 11:21:04,613 : Recieved: Sync
2022-04-19 11:21:04,614 : Sent: Ready
2022-04-19 11:21:09,675 : Recieved: Sync
2022-04-19 11:21:09,677 : Sent: Ready
2022-04-19 11:21:14,747 : Recieved: Sync
2022-04-19 11:21:14,748 : Sent: Ready
2022-04-19 11:21:19,817 : Recieved: Sync
2022-04-19 11:21:19,819 : Sent: Ready
2022-04-19 11:21:24,882 : Recieved: Sync
2022-04-19 11:21:24,885 : Sent: Ready
2022-04-19 11:21:29,965 : Recieved: Sync
2022-04-19 11:21:29,967 : Sent: Ready
2022-04-19 11:21:35,025 : Recieved: Sync
2022-04-19 11:21:35,026 : Sent: Ready
2022-04-19 11:21:40,096 : Recieved: Sync
2022-04-19 11:21:40,098 : Sent: Ready
2022-04-19 11:21:45,177 : Recieved: Sync
2022-04-19 11:21:45,179 : Sent: Ready
2022-04-19 11:21:50,238 : Recieved: Sync
2022-04-19 11:21:50,241 : Sent: Ready
2022-04-19 11:21:55,302 : Recieved: Sync
2022-04-19 11:21:55,305 : Sent: Ready
2022-04-19 11:22:00,365 : Recieved: Sync
2022-04-19 11:22:00,366 : Sent: Ready
2022-04-19 11:22:05,417 : Recieved: Sync
2022-04-19 11:22:05,419 : Sent: Ready
2022-04-19 11:22:10,485 : Recieved: Sync
2022-04-19 11:22:10,487 : Sent: Ready
2022-04-19 11:22:15,566 : Recieved: Sync
2022-04-19 11:22:15,567 : Sent: Ready
2022-04-19 11:22:20,637 : Recieved: Sync
2022-04-19 11:22:20,640 : Sent: Ready
2022-04-19 11:22:25,699 : Recieved: Sync
2022-04-19 11:22:25,702 : Sent: Ready
2022-04-19 11:22:30,773 : Recieved: Sync
2022-04-19 11:22:30,774 : Sent: Ready
2022-04-19 11:22:35,842 : Recieved: Sync
2022-04-19 11:22:35,843 : Sent: Ready
2022-04-19 11:22:40,900 : Recieved: Sync
2022-04-19 11:22:40,902 : Sent: Ready
2022-04-19 11:22:45,964 : Recieved: Sync
2022-04-19 11:22:45,966 : Sent: Ready
2022-04-19 11:22:51,032 : Recieved: Sync
2022-04-19 11:22:51,034 : Sent: Ready
2022-04-19 11:22:56,101 : Recieved: Sync
2022-04-19 11:22:56,103 : Sent: Ready
2022-04-19 11:23:01,167 : Recieved: Sync
2022-04-19 11:23:01,170 : Sent: Ready
2022-04-19 11:23:06,246 : Recieved: Sync
2022-04-19 11:23:06,248 : Sent: Ready
2022-04-19 11:23:11,313 : Recieved: Sync
2022-04-19 11:23:11,315 : Sent: Ready
2022-04-19 11:23:16,384 : Recieved: Sync
2022-04-19 11:23:16,385 : Sent: Ready
2022-04-19 11:23:21,448 : Recieved: Sync
2022-04-19 11:23:21,450 : Sent: Ready
2022-04-19 12:03:42,340 : Recieved: Sync
2022-04-19 12:03:42,343 : Sent: Ready
2022-04-19 12:03:47,457 : Recieved: Sync
2022-04-19 12:03:47,458 : Sent: Ready
2022-04-19 12:03:52,565 : Recieved: Sync
2022-04-19 12:03:52,568 : Sent: Ready
2022-04-19 12:03:57,596 : Recieved: Sync
2022-04-19 12:03:57,601 : Sent: Ready
2022-04-19 12:04:02,607 : Recieved: Sync
2022-04-19 12:04:02,608 : Sent: Ready
2022-04-19 12:04:07,613 : Recieved: Sync
2022-04-19 12:04:07,614 : Sent: Ready
2022-04-19 12:04:12,641 : Recieved: Sync
2022-04-19 12:04:12,642 : Sent: Ready
2022-04-19 12:04:17,659 : Recieved: Sync
2022-04-19 12:04:17,661 : Sent: Ready
2022-04-19 12:04:22,694 : Recieved: Sync
2022-04-19 12:04:22,695 : Sent: Ready
2022-04-19 12:04:27,720 : Recieved: Sync
2022-04-19 12:04:27,722 : Sent: Ready
2022-04-19 12:04:32,743 : Recieved: Sync
2022-04-19 12:04:32,745 : Sent: Ready
2022-04-19 12:04:37,774 : Recieved: Sync
2022-04-19 12:04:37,776 : Sent: Ready
2022-04-19 12:04:42,813 : Recieved: Sync
2022-04-19 12:04:42,815 : Sent: Ready
2022-04-19 12:04:47,837 : Recieved: Sync
2022-04-19 12:04:47,839 : Sent: Ready
2022-04-19 12:04:52,865 : Recieved: Sync
2022-04-19 12:04:52,867 : Sent: Ready
2022-04-19 12:04:57,896 : Recieved: Sync
2022-04-19 12:04:57,898 : Sent: Ready
2022-04-19 12:05:02,936 : Recieved: Sync
2022-04-19 12:05:02,992 : Sent: Ready
2022-04-19 12:05:07,994 : Recieved: Sync
2022-04-19 12:05:08,051 : Sent: Ready
2022-04-19 12:05:13,055 : Recieved: Sync
2022-04-19 12:05:13,060 : Sent: Ready
2022-04-19 12:05:18,074 : Recieved: Sync
2022-04-19 12:05:18,076 : Sent: Ready
2022-04-19 12:05:23,084 : Recieved: Sync
2022-04-19 12:05:23,103 : Sent: Ready
