2022-04-19 11:02:52,384 : Connected to: 127.0.0.1, 60869
2022-04-19 11:02:52,419 : Sent: Ready
2022-04-19 11:02:52,463 : Recieved: Yes
2022-04-19 11:02:52,871 : Recieved: E0.0
2022-04-19 11:02:52,904 : Recieved: DM-1
2022-04-19 11:02:52,920 : Recieved: DE1
2022-04-19 11:02:52,932 : Recieved: kP1.0
2022-04-19 11:02:52,934 : Recieved: kI0.0
2022-04-19 11:02:52,940 : Recieved: kD0.0
2022-04-19 11:02:53,047 : Recieved: Sync
2022-04-19 11:02:53,052 : Sent: Ready
2022-04-19 11:02:58,096 : Recieved: Sync
2022-04-19 11:02:58,099 : Sent: Ready
2022-04-19 11:03:03,153 : Recieved: Sync
2022-04-19 11:03:03,155 : Sent: Ready
2022-04-19 11:03:08,204 : Recieved: Sync
2022-04-19 11:03:08,206 : Sent: Ready
2022-04-19 11:03:13,253 : Recieved: Sync
2022-04-19 11:03:13,254 : Sent: Ready
2022-04-19 11:03:18,317 : Recieved: Sync
2022-04-19 11:03:18,318 : Sent: Ready
2022-04-19 11:03:23,368 : Recieved: Sync
2022-04-19 11:03:23,372 : Sent: Ready
2022-04-19 11:03:28,418 : Recieved: Sync
2022-04-19 11:03:28,420 : Sent: Ready
2022-04-19 11:03:33,482 : Recieved: Sync
2022-04-19 11:03:33,483 : Sent: Ready
2022-04-19 11:03:38,538 : Recieved: Sync
2022-04-19 11:03:38,539 : Sent: Ready
2022-04-19 11:03:43,607 : Recieved: Sync
2022-04-19 11:03:43,608 : Sent: Ready
2022-04-19 11:03:48,668 : Recieved: Sync
2022-04-19 11:03:48,669 : Sent: Ready
2022-04-19 11:03:53,737 : Recieved: Sync
2022-04-19 11:03:53,738 : Sent: Ready
2022-04-19 11:03:58,804 : Recieved: Sync
2022-04-19 11:03:58,806 : Sent: Ready
2022-04-19 11:04:03,864 : Recieved: Sync
2022-04-19 11:04:03,866 : Sent: Ready
2022-04-19 11:04:08,923 : Recieved: Sync
2022-04-19 11:04:08,925 : Sent: Ready
2022-04-19 11:04:13,979 : Recieved: Sync
2022-04-19 11:04:13,980 : Sent: Ready
2022-04-19 11:04:19,035 : Recieved: Sync
2022-04-19 11:04:19,036 : Sent: Ready
2022-04-19 11:04:24,074 : Recieved: Sync
2022-04-19 11:04:24,078 : Sent: Ready
2022-04-19 11:04:29,120 : Recieved: Sync
2022-04-19 11:04:29,125 : Sent: Ready
2022-04-19 11:04:34,158 : Recieved: Sync
2022-04-19 11:04:34,162 : Sent: Ready
2022-04-19 11:04:39,197 : Recieved: Sync
2022-04-19 11:04:39,201 : Sent: Ready
2022-04-19 11:04:44,241 : Recieved: Sync
2022-04-19 11:04:44,244 : Sent: Ready
2022-04-19 11:04:49,281 : Recieved: Sync
2022-04-19 11:04:49,285 : Sent: Ready
2022-04-19 11:04:54,337 : Recieved: Sync
2022-04-19 11:04:54,342 : Sent: Ready
2022-04-19 11:04:59,379 : Recieved: Sync
2022-04-19 11:04:59,386 : Sent: Ready
2022-04-19 11:05:04,447 : Recieved: Sync
2022-04-19 11:05:04,451 : Sent: Ready
2022-04-19 11:05:09,470 : Recieved: Sync
2022-04-19 11:05:09,478 : Sent: Ready
2022-04-19 11:05:14,499 : Recieved: Sync
2022-04-19 11:05:14,504 : Sent: Ready
2022-04-19 11:05:19,546 : Recieved: Sync
2022-04-19 11:05:19,550 : Sent: Ready
2022-04-19 11:05:24,595 : Recieved: Sync
2022-04-19 11:05:24,599 : Sent: Ready
2022-04-19 11:05:29,635 : Recieved: Sync
2022-04-19 11:05:29,641 : Sent: Ready
2022-04-19 11:05:34,693 : Recieved: Sync
2022-04-19 11:05:34,698 : Sent: Ready
2022-04-19 11:05:39,737 : Recieved: Sync
2022-04-19 11:05:39,743 : Sent: Ready
2022-04-19 11:05:44,776 : Recieved: Sync
2022-04-19 11:05:44,784 : Sent: Ready
2022-04-19 11:05:49,847 : Recieved: Sync
2022-04-19 11:05:49,854 : Sent: Ready
2022-04-19 11:05:54,899 : Recieved: Sync
2022-04-19 11:05:54,906 : Sent: Ready
2022-04-19 11:05:59,973 : Recieved: Sync
2022-04-19 11:05:59,977 : Sent: Ready
2022-04-19 11:06:05,032 : Recieved: Sync
2022-04-19 11:06:05,036 : Sent: Ready
2022-04-19 11:06:10,078 : Recieved: Sync
2022-04-19 11:06:10,084 : Sent: Ready
2022-04-19 11:06:15,116 : Recieved: Sync
2022-04-19 11:06:15,120 : Sent: Ready
2022-04-19 11:06:20,168 : Recieved: Sync
2022-04-19 11:06:20,172 : Sent: Ready
2022-04-19 11:06:25,220 : Recieved: Sync
2022-04-19 11:06:25,227 : Sent: Ready
2022-04-19 11:06:30,262 : Recieved: Sync
2022-04-19 11:06:30,267 : Sent: Ready
2022-04-19 11:06:35,314 : Recieved: Sync
2022-04-19 11:06:35,318 : Sent: Ready
2022-04-19 11:06:40,360 : Recieved: Sync
2022-04-19 11:06:40,367 : Sent: Ready
2022-04-19 11:06:45,407 : Recieved: Sync
2022-04-19 11:06:45,414 : Sent: Ready
2022-04-19 11:06:50,448 : Recieved: Sync
2022-04-19 11:06:50,454 : Sent: Ready
2022-04-19 11:06:55,499 : Recieved: Sync
2022-04-19 11:06:55,503 : Sent: Ready
2022-04-19 11:07:00,560 : Recieved: Sync
2022-04-19 11:07:00,567 : Sent: Ready
2022-04-19 11:07:05,621 : Recieved: Sync
2022-04-19 11:07:05,627 : Sent: Ready
2022-04-19 11:07:10,692 : Recieved: Sync
2022-04-19 11:07:10,699 : Sent: Ready
2022-04-19 11:07:15,767 : Recieved: Sync
2022-04-19 11:07:15,772 : Sent: Ready
2022-04-19 11:07:20,831 : Recieved: Sync
2022-04-19 11:07:20,838 : Sent: Ready
2022-04-19 11:07:25,875 : Recieved: Sync
2022-04-19 11:07:25,883 : Sent: Ready
2022-04-19 11:07:31,507 : Recieved: Sync
2022-04-19 11:07:31,509 : Sent: Ready
2022-04-19 11:07:36,602 : Recieved: Sync
2022-04-19 11:07:36,604 : Sent: Ready
2022-04-19 11:07:41,617 : Recieved: Sync
2022-04-19 11:07:41,619 : Sent: Ready
2022-04-19 11:07:46,629 : Recieved: Sync
2022-04-19 11:07:46,631 : Sent: Ready
2022-04-19 11:07:51,661 : Recieved: Sync
2022-04-19 11:07:51,664 : Sent: Ready
2022-04-19 11:07:56,688 : Recieved: Sync
2022-04-19 11:07:56,689 : Sent: Ready
2022-04-19 11:07:58,053 : Recieved: S1.0
2022-04-19 11:07:58,056 : Recieved: 3201.6881591910405
2022-04-19 11:07:58,062 : Sent: Moving
2022-04-19 11:07:58,064 : Sent: 0.0
2022-04-19 11:07:58,352 : Sent: 355.7431287990045
2022-04-19 11:07:58,666 : Sent: 711.486257598009
2022-04-19 11:07:58,961 : Sent: 1067.2293863970135
2022-04-19 11:07:59,214 : Sent: 1422.972515196018
2022-04-19 11:07:59,480 : Sent: 1778.7156439950227
2022-04-19 11:07:59,747 : Sent: 2134.458772794027
2022-04-19 11:08:00,011 : Sent: 2490.201901593032
2022-04-19 11:08:00,281 : Sent: 2845.945030392036
2022-04-19 11:08:00,543 : Sent: 3201.6881591910405
2022-04-19 11:08:00,808 : Sent: 3201.6881591910405
2022-04-19 11:08:00,815 : Sent: Ready
2022-04-19 11:08:01,809 : Recieved: Sync
2022-04-19 11:08:01,811 : Sent: Ready
2022-04-19 11:08:06,858 : Recieved: Sync
2022-04-19 11:08:06,859 : Sent: Ready
2022-04-19 11:08:11,919 : Recieved: Sync
2022-04-19 11:08:11,920 : Sent: Ready
2022-04-19 11:08:16,975 : Recieved: Sync
2022-04-19 11:08:16,976 : Sent: Ready
2022-04-19 11:08:22,034 : Recieved: Sync
2022-04-19 11:08:22,035 : Sent: Ready
2022-04-19 11:08:26,667 : Recieved: S1.0
2022-04-19 11:08:26,677 : Recieved: 4527.870896266011
2022-04-19 11:08:26,682 : Sent: Moving
2022-04-19 11:08:26,686 : Sent: 3201.6881591910405
2022-04-19 11:08:26,980 : Sent: 3349.041796643815
2022-04-19 11:08:27,295 : Sent: 3496.3954340965897
2022-04-19 11:08:27,626 : Sent: 3643.749071549364
2022-04-19 11:08:28,045 : Sent: 3791.1027090021385
2022-04-19 11:08:28,444 : Sent: 3938.456346454913
2022-04-19 11:08:28,916 : Sent: 4085.8099839076876
2022-04-19 11:08:29,307 : Sent: 4233.163621360462
2022-04-19 11:08:29,698 : Sent: 4380.517258813236
2022-04-19 11:08:29,995 : Sent: 4527.870896266011
2022-04-19 11:08:30,329 : Sent: 4527.870896266011
2022-04-19 11:08:30,368 : Sent: Ready
2022-04-19 11:08:30,384 : Recieved: S1.0
2022-04-19 11:08:30,431 : Recieved: 4311.129571199779
2022-04-19 11:08:30,461 : Sent: Moving
2022-04-19 11:08:30,465 : Sent: 4527.870896266011
2022-04-19 11:08:30,728 : Sent: 4503.788526814207
2022-04-19 11:08:30,992 : Sent: 4479.706157362404
2022-04-19 11:08:31,274 : Sent: 4455.6237879106
2022-04-19 11:08:31,538 : Sent: 4431.541418458797
2022-04-19 11:08:31,820 : Sent: 4407.459049006993
2022-04-19 11:08:32,230 : Sent: 4383.37667955519
2022-04-19 11:08:32,672 : Sent: 4359.294310103386
2022-04-19 11:08:33,099 : Sent: 4335.211940651583
2022-04-19 11:08:33,428 : Sent: 4311.129571199779
2022-04-19 11:08:33,779 : Sent: 4311.129571199779
2022-04-19 11:08:33,919 : Sent: Ready
2022-04-19 11:08:33,923 : Recieved: Sync
2022-04-19 11:08:33,925 : Sent: Ready
2022-04-19 11:08:35,473 : Recieved: Sync
2022-04-19 11:08:35,474 : Sent: Ready
2022-04-19 11:08:40,558 : Recieved: Sync
2022-04-19 11:08:40,593 : Sent: Ready
2022-04-19 11:08:45,655 : Recieved: Sync
2022-04-19 11:08:45,669 : Sent: Ready
2022-04-19 11:08:50,748 : Recieved: Sync
2022-04-19 11:08:50,751 : Sent: Ready
2022-04-19 11:08:56,030 : Recieved: Sync
2022-04-19 11:08:56,048 : Sent: Ready
2022-04-19 11:09:01,054 : Recieved: Sync
2022-04-19 11:09:01,056 : Sent: Ready
2022-04-19 11:09:06,084 : Recieved: Sync
2022-04-19 11:09:06,086 : Sent: Ready
2022-04-19 11:09:11,128 : Recieved: Sync
2022-04-19 11:09:11,132 : Sent: Ready
2022-04-19 11:09:16,209 : Recieved: Sync
2022-04-19 11:09:16,212 : Sent: Ready
2022-04-19 11:09:21,255 : Recieved: Sync
2022-04-19 11:09:21,256 : Sent: Ready
2022-04-19 11:09:26,301 : Recieved: Sync
2022-04-19 11:09:26,303 : Sent: Ready
2022-04-19 11:09:31,347 : Recieved: Sync
2022-04-19 11:09:31,349 : Sent: Ready
2022-04-19 11:09:36,394 : Recieved: Sync
2022-04-19 11:09:36,396 : Sent: Ready
2022-04-19 11:09:41,451 : Recieved: Sync
2022-04-19 11:09:41,453 : Sent: Ready
2022-04-19 11:09:46,497 : Recieved: Sync
2022-04-19 11:09:46,499 : Sent: Ready
2022-04-19 11:09:51,548 : Recieved: Sync
2022-04-19 11:09:51,550 : Sent: Ready
2022-04-19 11:09:56,577 : Recieved: Sync
2022-04-19 11:09:56,580 : Sent: Ready
2022-04-19 11:10:01,618 : Recieved: Sync
2022-04-19 11:10:01,621 : Sent: Ready
2022-04-19 11:10:06,662 : Recieved: Sync
2022-04-19 11:10:06,665 : Sent: Ready
2022-04-19 11:10:11,699 : Recieved: Sync
2022-04-19 11:10:11,701 : Sent: Ready
2022-04-19 11:10:16,747 : Recieved: Sync
2022-04-19 11:10:16,749 : Sent: Ready
2022-04-19 11:10:21,778 : Recieved: Sync
2022-04-19 11:10:21,781 : Sent: Ready
2022-04-19 11:10:26,828 : Recieved: Sync
2022-04-19 11:10:26,830 : Sent: Ready
2022-04-19 11:10:31,870 : Recieved: Sync
2022-04-19 11:10:31,872 : Sent: Ready
2022-04-19 11:10:36,908 : Recieved: Sync
2022-04-19 11:10:36,910 : Sent: Ready
2022-04-19 11:10:41,939 : Recieved: Sync
2022-04-19 11:10:41,941 : Sent: Ready
2022-04-19 11:10:46,985 : Recieved: Sync
2022-04-19 11:10:46,987 : Sent: Ready
2022-04-19 11:10:52,035 : Recieved: Sync
2022-04-19 11:10:52,037 : Sent: Ready
2022-04-19 11:10:57,096 : Recieved: Sync
2022-04-19 11:10:57,097 : Sent: Ready
2022-04-19 11:11:02,141 : Recieved: Sync
2022-04-19 11:11:02,143 : Sent: Ready
2022-04-19 11:11:07,179 : Recieved: Sync
2022-04-19 11:11:07,182 : Sent: Ready
2022-04-19 11:11:12,230 : Recieved: Sync
2022-04-19 11:11:12,233 : Sent: Ready
2022-04-19 11:11:17,279 : Recieved: Sync
2022-04-19 11:11:17,281 : Sent: Ready
2022-04-19 11:11:22,325 : Recieved: Sync
2022-04-19 11:11:22,326 : Sent: Ready
2022-04-19 11:11:27,378 : Recieved: Sync
2022-04-19 11:11:27,379 : Sent: Ready
2022-04-19 11:11:32,421 : Recieved: Sync
2022-04-19 11:11:32,422 : Sent: Ready
2022-04-19 11:11:37,470 : Recieved: Sync
2022-04-19 11:11:37,472 : Sent: Ready
2022-04-19 11:11:42,513 : Recieved: Sync
2022-04-19 11:11:42,515 : Sent: Ready
2022-04-19 11:11:47,577 : Recieved: Sync
2022-04-19 11:11:47,579 : Sent: Ready
2022-04-19 11:11:52,616 : Recieved: Sync
2022-04-19 11:11:52,617 : Sent: Ready
2022-04-19 11:11:57,670 : Recieved: Sync
2022-04-19 11:11:57,671 : Sent: Ready
2022-04-19 11:12:02,719 : Recieved: Sync
2022-04-19 11:12:02,721 : Sent: Ready
2022-04-19 11:12:07,761 : Recieved: Sync
2022-04-19 11:12:07,763 : Sent: Ready
2022-04-19 11:12:12,809 : Recieved: Sync
2022-04-19 11:12:12,810 : Sent: Ready
2022-04-19 11:12:17,860 : Recieved: Sync
2022-04-19 11:12:17,863 : Sent: Ready
2022-04-19 11:12:22,896 : Recieved: Sync
2022-04-19 11:12:22,898 : Sent: Ready
2022-04-19 11:12:27,945 : Recieved: Sync
2022-04-19 11:12:27,947 : Sent: Ready
2022-04-19 11:12:32,995 : Recieved: Sync
2022-04-19 11:12:32,997 : Sent: Ready
2022-04-19 11:12:38,055 : Recieved: Sync
2022-04-19 11:12:38,056 : Sent: Ready
2022-04-19 11:12:43,087 : Recieved: Sync
2022-04-19 11:12:43,088 : Sent: Ready
2022-04-19 11:12:48,147 : Recieved: Sync
2022-04-19 11:12:48,149 : Sent: Ready
2022-04-19 11:12:53,204 : Recieved: Sync
2022-04-19 11:12:53,206 : Sent: Ready
2022-04-19 11:12:58,250 : Recieved: Sync
2022-04-19 11:12:58,251 : Sent: Ready
2022-04-19 11:13:03,311 : Recieved: Sync
2022-04-19 11:13:03,313 : Sent: Ready
2022-04-19 11:13:08,353 : Recieved: Sync
2022-04-19 11:13:08,355 : Sent: Ready
2022-04-19 11:13:13,406 : Recieved: Sync
2022-04-19 11:13:13,408 : Sent: Ready
2022-04-19 11:13:18,463 : Recieved: Sync
2022-04-19 11:13:18,465 : Sent: Ready
2022-04-19 11:13:23,505 : Recieved: Sync
2022-04-19 11:13:23,508 : Sent: Ready
2022-04-19 11:13:28,548 : Recieved: Sync
2022-04-19 11:13:28,550 : Sent: Ready
2022-04-19 11:13:33,587 : Recieved: Sync
2022-04-19 11:13:33,588 : Sent: Ready
2022-04-19 11:13:38,628 : Recieved: Sync
2022-04-19 11:13:38,630 : Sent: Ready
2022-04-19 11:13:43,674 : Recieved: Sync
2022-04-19 11:13:43,675 : Sent: Ready
2022-04-19 11:13:48,727 : Recieved: Sync
2022-04-19 11:13:48,729 : Sent: Ready
2022-04-19 11:13:53,763 : Recieved: Sync
2022-04-19 11:13:53,766 : Sent: Ready
2022-04-19 11:13:58,823 : Recieved: Sync
2022-04-19 11:13:58,825 : Sent: Ready
2022-04-19 11:14:03,884 : Recieved: Sync
2022-04-19 11:14:03,885 : Sent: Ready
2022-04-19 11:14:08,927 : Recieved: Sync
2022-04-19 11:14:08,929 : Sent: Ready
2022-04-19 11:14:13,979 : Recieved: Sync
2022-04-19 11:14:13,980 : Sent: Ready
2022-04-19 11:14:19,024 : Recieved: Sync
2022-04-19 11:14:19,026 : Sent: Ready
2022-04-19 11:14:24,071 : Recieved: Sync
2022-04-19 11:14:24,073 : Sent: Ready
2022-04-19 11:14:29,100 : Recieved: Sync
2022-04-19 11:14:29,102 : Sent: Ready
2022-04-19 11:14:34,134 : Recieved: Sync
2022-04-19 11:14:34,137 : Sent: Ready
2022-04-19 11:14:39,167 : Recieved: Sync
2022-04-19 11:14:39,169 : Sent: Ready
2022-04-19 11:14:44,190 : Recieved: Sync
2022-04-19 11:14:44,193 : Sent: Ready
2022-04-19 11:14:49,204 : Recieved: Sync
2022-04-19 11:14:49,206 : Sent: Ready
2022-04-19 11:14:54,225 : Recieved: Sync
2022-04-19 11:14:54,230 : Sent: Ready
2022-04-19 11:14:59,241 : Recieved: Sync
2022-04-19 11:14:59,242 : Sent: Ready
2022-04-19 11:15:04,283 : Recieved: Sync
2022-04-19 11:15:04,284 : Sent: Ready
2022-04-19 11:15:09,307 : Recieved: Sync
2022-04-19 11:15:09,309 : Sent: Ready
2022-04-19 11:15:14,319 : Recieved: Sync
2022-04-19 11:15:14,321 : Sent: Ready
2022-04-19 11:15:19,335 : Recieved: Sync
2022-04-19 11:15:19,336 : Sent: Ready
2022-04-19 11:15:24,346 : Recieved: Sync
2022-04-19 11:15:24,347 : Sent: Ready
2022-04-19 11:15:29,364 : Recieved: Sync
2022-04-19 11:15:29,366 : Sent: Ready
2022-04-19 11:15:34,368 : Recieved: Sync
2022-04-19 11:15:34,370 : Sent: Ready
2022-04-19 11:15:39,382 : Recieved: Sync
2022-04-19 11:15:39,388 : Sent: Ready
2022-04-19 11:15:44,390 : Recieved: Sync
2022-04-19 11:15:44,392 : Sent: Ready
2022-04-19 11:15:49,409 : Recieved: Sync
2022-04-19 11:15:49,412 : Sent: Ready
2022-04-19 11:15:54,423 : Recieved: Sync
2022-04-19 11:15:54,425 : Sent: Ready
2022-04-19 11:15:59,545 : Recieved: Sync
2022-04-19 11:15:59,547 : Sent: Ready
2022-04-19 11:16:04,557 : Recieved: Sync
2022-04-19 11:16:04,559 : Sent: Ready
2022-04-19 11:16:09,575 : Recieved: Sync
2022-04-19 11:16:09,577 : Sent: Ready
2022-04-19 11:16:14,595 : Recieved: Sync
2022-04-19 11:16:14,598 : Sent: Ready
2022-04-19 11:16:19,615 : Recieved: Sync
2022-04-19 11:16:19,617 : Sent: Ready
2022-04-19 11:16:24,636 : Recieved: Sync
2022-04-19 11:16:24,641 : Sent: Ready
2022-04-19 11:16:29,650 : Recieved: Sync
2022-04-19 11:16:29,654 : Sent: Ready
2022-04-19 11:16:34,669 : Recieved: Sync
2022-04-19 11:16:34,673 : Sent: Ready
2022-04-19 11:16:39,696 : Recieved: Sync
2022-04-19 11:16:39,699 : Sent: Ready
2022-04-19 11:16:44,718 : Recieved: Sync
2022-04-19 11:16:44,719 : Sent: Ready
2022-04-19 11:16:49,733 : Recieved: Sync
2022-04-19 11:16:49,735 : Sent: Ready
2022-04-19 11:16:54,760 : Recieved: Sync
2022-04-19 11:16:54,763 : Sent: Ready
2022-04-19 11:16:59,778 : Recieved: Sync
2022-04-19 11:16:59,781 : Sent: Ready
2022-04-19 11:17:04,802 : Recieved: Sync
2022-04-19 11:17:04,804 : Sent: Ready
2022-04-19 11:17:09,826 : Recieved: Sync
2022-04-19 11:17:09,829 : Sent: Ready
2022-04-19 11:17:14,842 : Recieved: Sync
2022-04-19 11:17:14,844 : Sent: Ready
2022-04-19 11:17:19,858 : Recieved: Sync
2022-04-19 11:17:19,860 : Sent: Ready
2022-04-19 11:17:24,880 : Recieved: Sync
2022-04-19 11:17:24,887 : Sent: Ready
2022-04-19 11:17:29,931 : Recieved: Sync
2022-04-19 11:17:29,934 : Sent: Ready
2022-04-19 11:17:34,963 : Recieved: Sync
2022-04-19 11:17:34,968 : Sent: Ready
2022-04-19 11:17:40,003 : Recieved: Sync
2022-04-19 11:17:40,005 : Sent: Ready
2022-04-19 11:17:45,025 : Recieved: Sync
2022-04-19 11:17:45,027 : Sent: Ready
2022-04-19 11:17:50,069 : Recieved: Sync
2022-04-19 11:17:50,071 : Sent: Ready
2022-04-19 11:17:55,102 : Recieved: Sync
2022-04-19 11:17:55,106 : Sent: Ready
2022-04-19 11:18:00,161 : Recieved: Sync
2022-04-19 11:18:00,163 : Sent: Ready
2022-04-19 11:18:05,174 : Recieved: Sync
2022-04-19 11:18:05,176 : Sent: Ready
2022-04-19 11:18:10,199 : Recieved: Sync
2022-04-19 11:18:10,200 : Sent: Ready
2022-04-19 11:18:15,250 : Recieved: Sync
2022-04-19 11:18:15,255 : Sent: Ready
2022-04-19 11:18:20,305 : Recieved: Sync
2022-04-19 11:18:20,309 : Sent: Ready
2022-04-19 11:18:25,374 : Recieved: Sync
2022-04-19 11:18:25,379 : Sent: Ready
2022-04-19 11:18:30,437 : Recieved: Sync
2022-04-19 11:18:30,439 : Sent: Ready
2022-04-19 11:18:35,502 : Recieved: Sync
2022-04-19 11:18:35,504 : Sent: Ready
2022-04-19 11:18:40,557 : Recieved: Sync
2022-04-19 11:18:40,560 : Sent: Ready
2022-04-19 11:18:45,609 : Recieved: Sync
2022-04-19 11:18:45,612 : Sent: Ready
2022-04-19 11:18:50,673 : Recieved: Sync
2022-04-19 11:18:50,677 : Sent: Ready
2022-04-19 11:18:55,751 : Recieved: Sync
2022-04-19 11:18:55,754 : Sent: Ready
2022-04-19 11:19:00,816 : Recieved: Sync
2022-04-19 11:19:00,818 : Sent: Ready
2022-04-19 11:19:05,878 : Recieved: Sync
2022-04-19 11:19:05,880 : Sent: Ready
2022-04-19 11:19:10,937 : Recieved: Sync
2022-04-19 11:19:10,940 : Sent: Ready
2022-04-19 11:19:16,011 : Recieved: Sync
2022-04-19 11:19:16,014 : Sent: Ready
2022-04-19 11:19:21,029 : Recieved: Sync
2022-04-19 11:19:21,031 : Sent: Ready
2022-04-19 11:19:26,062 : Recieved: Sync
2022-04-19 11:19:26,065 : Sent: Ready
2022-04-19 11:19:31,136 : Recieved: Sync
2022-04-19 11:19:31,138 : Sent: Ready
2022-04-19 11:19:36,170 : Recieved: Sync
2022-04-19 11:19:36,173 : Sent: Ready
2022-04-19 11:19:41,220 : Recieved: Sync
2022-04-19 11:19:41,224 : Sent: Ready
2022-04-19 11:19:46,274 : Recieved: Sync
2022-04-19 11:19:46,275 : Sent: Ready
2022-04-19 11:19:51,321 : Recieved: Sync
2022-04-19 11:19:51,324 : Sent: Ready
2022-04-19 11:19:56,349 : Recieved: Sync
2022-04-19 11:19:56,350 : Sent: Ready
2022-04-19 11:20:01,406 : Recieved: Sync
2022-04-19 11:20:01,411 : Sent: Ready
2022-04-19 11:20:06,460 : Recieved: Sync
2022-04-19 11:20:06,462 : Sent: Ready
2022-04-19 11:20:11,516 : Recieved: Sync
2022-04-19 11:20:11,519 : Sent: Ready
2022-04-19 11:20:16,565 : Recieved: Sync
2022-04-19 11:20:16,569 : Sent: Ready
2022-04-19 11:20:21,601 : Recieved: Sync
2022-04-19 11:20:21,605 : Sent: Ready
2022-04-19 11:20:26,633 : Recieved: Sync
2022-04-19 11:20:26,637 : Sent: Ready
2022-04-19 11:20:31,675 : Recieved: Sync
2022-04-19 11:20:31,680 : Sent: Ready
2022-04-19 11:20:36,708 : Recieved: Sync
2022-04-19 11:20:36,710 : Sent: Ready
2022-04-19 11:20:41,734 : Recieved: Sync
2022-04-19 11:20:41,736 : Sent: Ready
2022-04-19 11:20:46,792 : Recieved: Sync
2022-04-19 11:20:46,793 : Sent: Ready
2022-04-19 11:20:51,860 : Recieved: Sync
2022-04-19 11:20:51,862 : Sent: Ready
2022-04-19 11:20:56,911 : Recieved: Sync
2022-04-19 11:20:56,915 : Sent: Ready
2022-04-19 11:21:01,968 : Recieved: Sync
2022-04-19 11:21:01,969 : Sent: Ready
2022-04-19 11:21:07,033 : Recieved: Sync
2022-04-19 11:21:07,034 : Sent: Ready
2022-04-19 11:21:12,096 : Recieved: Sync
2022-04-19 11:21:12,100 : Sent: Ready
2022-04-19 11:21:17,176 : Recieved: Sync
2022-04-19 11:21:17,180 : Sent: Ready
2022-04-19 11:21:22,246 : Recieved: Sync
2022-04-19 11:21:22,247 : Sent: Ready
2022-04-19 11:21:27,315 : Recieved: Sync
2022-04-19 11:21:27,318 : Sent: Ready
2022-04-19 11:21:32,386 : Recieved: Sync
2022-04-19 11:21:32,390 : Sent: Ready
2022-04-19 11:21:37,450 : Recieved: Sync
2022-04-19 11:21:37,454 : Sent: Ready
2022-04-19 11:21:42,523 : Recieved: Sync
2022-04-19 11:21:42,527 : Sent: Ready
2022-04-19 11:21:47,605 : Recieved: Sync
2022-04-19 11:21:47,607 : Sent: Ready
2022-04-19 11:21:52,667 : Recieved: Sync
2022-04-19 11:21:52,671 : Sent: Ready
2022-04-19 11:21:57,731 : Recieved: Sync
2022-04-19 11:21:57,735 : Sent: Ready
2022-04-19 11:22:02,824 : Recieved: Sync
2022-04-19 11:22:02,827 : Sent: Ready
2022-04-19 11:22:07,888 : Recieved: Sync
2022-04-19 11:22:07,951 : Sent: Ready
2022-04-19 11:22:12,963 : Recieved: Sync
2022-04-19 11:22:12,979 : Sent: Ready
2022-04-19 11:22:18,043 : Recieved: Sync
2022-04-19 11:22:18,047 : Sent: Ready
2022-04-19 11:22:23,106 : Recieved: Sync
2022-04-19 11:22:23,108 : Sent: Ready
2022-04-19 11:22:28,176 : Recieved: Sync
2022-04-19 11:22:28,179 : Sent: Ready
2022-04-19 11:22:33,244 : Recieved: Sync
2022-04-19 11:22:33,246 : Sent: Ready
2022-04-19 11:22:38,311 : Recieved: Sync
2022-04-19 11:22:38,313 : Sent: Ready
2022-04-19 11:22:43,366 : Recieved: Sync
2022-04-19 11:22:43,371 : Sent: Ready
2022-04-19 11:22:48,431 : Recieved: Sync
2022-04-19 11:22:48,433 : Sent: Ready
2022-04-19 11:22:53,504 : Recieved: Sync
2022-04-19 11:22:53,507 : Sent: Ready
2022-04-19 11:22:58,576 : Recieved: Sync
2022-04-19 11:22:58,580 : Sent: Ready
2022-04-19 11:23:03,646 : Recieved: Sync
2022-04-19 11:23:03,648 : Sent: Ready
2022-04-19 11:23:08,722 : Recieved: Sync
2022-04-19 11:23:08,726 : Sent: Ready
2022-04-19 11:23:13,786 : Recieved: Sync
2022-04-19 11:23:13,790 : Sent: Ready
2022-04-19 11:23:18,856 : Recieved: Sync
2022-04-19 11:23:18,858 : Sent: Ready
2022-04-19 12:03:39,770 : Recieved: Sync
2022-04-19 12:03:41,851 : Sent: Ready
2022-04-19 12:03:46,894 : Recieved: Sync
2022-04-19 12:03:46,897 : Sent: Ready
2022-04-19 12:03:51,914 : Recieved: Sync
2022-04-19 12:03:51,922 : Sent: Ready
2022-04-19 12:03:57,157 : Recieved: Sync
2022-04-19 12:03:57,160 : Sent: Ready
2022-04-19 12:04:02,177 : Recieved: Sync
2022-04-19 12:04:02,201 : Sent: Ready
2022-04-19 12:04:07,218 : Recieved: Sync
2022-04-19 12:04:07,225 : Sent: Ready
2022-04-19 12:04:12,247 : Recieved: Sync
2022-04-19 12:04:12,250 : Sent: Ready
2022-04-19 12:04:17,255 : Recieved: Sync
2022-04-19 12:04:17,259 : Sent: Ready
2022-04-19 12:04:22,274 : Recieved: Sync
2022-04-19 12:04:22,281 : Sent: Ready
2022-04-19 12:04:27,282 : Recieved: Sync
2022-04-19 12:04:27,284 : Sent: Ready
2022-04-19 12:04:32,290 : Recieved: Sync
2022-04-19 12:04:32,292 : Sent: Ready
2022-04-19 12:04:37,305 : Recieved: Sync
2022-04-19 12:04:37,307 : Sent: Ready
2022-04-19 12:04:42,311 : Recieved: Sync
2022-04-19 12:04:42,313 : Sent: Ready
2022-04-19 12:04:47,319 : Recieved: Sync
2022-04-19 12:04:47,322 : Sent: Ready
2022-04-19 12:04:52,338 : Recieved: Sync
2022-04-19 12:04:52,340 : Sent: Ready
2022-04-19 12:04:57,396 : Recieved: Sync
2022-04-19 12:04:57,399 : Sent: Ready
2022-04-19 12:05:02,437 : Recieved: Sync
2022-04-19 12:05:02,440 : Sent: Ready
2022-04-19 12:05:07,466 : Recieved: Sync
2022-04-19 12:05:07,470 : Sent: Ready
2022-04-19 12:05:12,486 : Recieved: Sync
2022-04-19 12:05:12,488 : Sent: Ready
2022-04-19 12:05:17,501 : Recieved: Sync
2022-04-19 12:05:17,505 : Sent: Ready
2022-04-19 12:05:22,530 : Recieved: Sync
2022-04-19 12:05:22,533 : Sent: Ready
2022-04-19 12:05:27,555 : Recieved: Sync
2022-04-19 12:05:27,558 : Sent: Ready
