2022-04-19 11:02:52,391 : Connected to: 127.0.0.1, 60871
2022-04-19 11:02:52,418 : Sent: Ready
2022-04-19 11:02:52,481 : Recieved: Yes
2022-04-19 11:02:53,034 : Recieved: E0.0
2022-04-19 11:02:53,040 : Recieved: DM1
2022-04-19 11:02:53,047 : Recieved: DE-1
2022-04-19 11:02:53,053 : Recieved: kP1.0
2022-04-19 11:02:53,063 : Recieved: kI0.0
2022-04-19 11:02:53,067 : Recieved: kD0.0
2022-04-19 11:02:53,077 : Recieved: Sync
2022-04-19 11:02:53,079 : Sent: Ready
2022-04-19 11:02:58,098 : Recieved: Sync
2022-04-19 11:02:58,100 : Sent: Ready
2022-04-19 11:03:03,139 : Recieved: Sync
2022-04-19 11:03:03,141 : Sent: Ready
2022-04-19 11:03:08,188 : Recieved: Sync
2022-04-19 11:03:08,191 : Sent: Ready
2022-04-19 11:03:13,238 : Recieved: Sync
2022-04-19 11:03:13,241 : Sent: Ready
2022-04-19 11:03:18,300 : Recieved: Sync
2022-04-19 11:03:18,304 : Sent: Ready
2022-04-19 11:03:23,355 : Recieved: Sync
2022-04-19 11:03:23,360 : Sent: Ready
2022-04-19 11:03:28,403 : Recieved: Sync
2022-04-19 11:03:28,407 : Sent: Ready
2022-04-19 11:03:33,466 : Recieved: Sync
2022-04-19 11:03:33,467 : Sent: Ready
2022-04-19 11:03:38,524 : Recieved: Sync
2022-04-19 11:03:38,526 : Sent: Ready
2022-04-19 11:03:43,592 : Recieved: Sync
2022-04-19 11:03:43,594 : Sent: Ready
2022-04-19 11:03:48,652 : Recieved: Sync
2022-04-19 11:03:48,656 : Sent: Ready
2022-04-19 11:03:53,722 : Recieved: Sync
2022-04-19 11:03:53,725 : Sent: Ready
2022-04-19 11:03:58,790 : Recieved: Sync
2022-04-19 11:03:58,794 : Sent: Ready
2022-04-19 11:04:03,849 : Recieved: Sync
2022-04-19 11:04:03,853 : Sent: Ready
2022-04-19 11:04:08,909 : Recieved: Sync
2022-04-19 11:04:08,911 : Sent: Ready
2022-04-19 11:04:13,965 : Recieved: Sync
2022-04-19 11:04:13,967 : Sent: Ready
2022-04-19 11:04:19,018 : Recieved: Sync
2022-04-19 11:04:19,022 : Sent: Ready
2022-04-19 11:04:24,044 : Recieved: Sync
2022-04-19 11:04:24,048 : Sent: Ready
2022-04-19 11:04:29,092 : Recieved: Sync
2022-04-19 11:04:29,095 : Sent: Ready
2022-04-19 11:04:34,125 : Recieved: Sync
2022-04-19 11:04:34,129 : Sent: Ready
2022-04-19 11:04:39,165 : Recieved: Sync
2022-04-19 11:04:39,169 : Sent: Ready
2022-04-19 11:04:44,212 : Recieved: Sync
2022-04-19 11:04:44,214 : Sent: Ready
2022-04-19 11:04:49,251 : Recieved: Sync
2022-04-19 11:04:49,255 : Sent: Ready
2022-04-19 11:04:54,339 : Recieved: Sync
2022-04-19 11:04:54,345 : Sent: Ready
2022-04-19 11:04:59,382 : Recieved: Sync
2022-04-19 11:04:59,388 : Sent: Ready
2022-04-19 11:05:04,440 : Recieved: Sync
2022-04-19 11:05:04,449 : Sent: Ready
2022-04-19 11:05:09,474 : Recieved: Sync
2022-04-19 11:05:09,480 : Sent: Ready
2022-04-19 11:05:14,503 : Recieved: Sync
2022-04-19 11:05:14,508 : Sent: Ready
2022-04-19 11:05:19,552 : Recieved: Sync
2022-04-19 11:05:19,555 : Sent: Ready
2022-04-19 11:05:24,593 : Recieved: Sync
2022-04-19 11:05:24,601 : Sent: Ready
2022-04-19 11:05:29,636 : Recieved: Sync
2022-04-19 11:05:29,641 : Sent: Ready
2022-04-19 11:05:34,694 : Recieved: Sync
2022-04-19 11:05:34,700 : Sent: Ready
2022-04-19 11:05:39,738 : Recieved: Sync
2022-04-19 11:05:39,746 : Sent: Ready
2022-04-19 11:05:44,780 : Recieved: Sync
2022-04-19 11:05:44,784 : Sent: Ready
2022-04-19 11:05:49,849 : Recieved: Sync
2022-04-19 11:05:49,853 : Sent: Ready
2022-04-19 11:05:54,895 : Recieved: Sync
2022-04-19 11:05:54,896 : Sent: Ready
2022-04-19 11:05:59,970 : Recieved: Sync
2022-04-19 11:05:59,974 : Sent: Ready
2022-04-19 11:06:05,029 : Recieved: Sync
2022-04-19 11:06:05,036 : Sent: Ready
2022-04-19 11:06:10,075 : Recieved: Sync
2022-04-19 11:06:10,082 : Sent: Ready
2022-04-19 11:06:15,117 : Recieved: Sync
2022-04-19 11:06:15,121 : Sent: Ready
2022-04-19 11:06:20,166 : Recieved: Sync
2022-04-19 11:06:20,172 : Sent: Ready
2022-04-19 11:06:25,224 : Recieved: Sync
2022-04-19 11:06:25,229 : Sent: Ready
2022-04-19 11:06:30,265 : Recieved: Sync
2022-04-19 11:06:30,268 : Sent: Ready
2022-04-19 11:06:35,309 : Recieved: Sync
2022-04-19 11:06:35,317 : Sent: Ready
2022-04-19 11:06:40,363 : Recieved: Sync
2022-04-19 11:06:40,368 : Sent: Ready
2022-04-19 11:06:45,410 : Recieved: Sync
2022-04-19 11:06:45,413 : Sent: Ready
2022-04-19 11:06:50,445 : Recieved: Sync
2022-04-19 11:06:50,453 : Sent: Ready
2022-04-19 11:06:55,495 : Recieved: Sync
2022-04-19 11:06:55,503 : Sent: Ready
2022-04-19 11:07:00,560 : Recieved: Sync
2022-04-19 11:07:00,566 : Sent: Ready
2022-04-19 11:07:05,623 : Recieved: Sync
2022-04-19 11:07:05,628 : Sent: Ready
2022-04-19 11:07:10,696 : Recieved: Sync
2022-04-19 11:07:10,699 : Sent: Ready
2022-04-19 11:07:15,768 : Recieved: Sync
2022-04-19 11:07:15,773 : Sent: Ready
2022-04-19 11:07:20,831 : Recieved: Sync
2022-04-19 11:07:20,837 : Sent: Ready
2022-04-19 11:07:25,877 : Recieved: Sync
2022-04-19 11:07:25,882 : Sent: Ready
2022-04-19 11:07:31,115 : Recieved: Sync
2022-04-19 11:07:31,178 : Sent: Ready
2022-04-19 11:07:36,491 : Recieved: Sync
2022-04-19 11:07:36,493 : Sent: Ready
2022-04-19 11:07:41,540 : Recieved: Sync
2022-04-19 11:07:41,543 : Sent: Ready
2022-04-19 11:07:46,600 : Recieved: Sync
2022-04-19 11:07:46,603 : Sent: Ready
2022-04-19 11:07:51,630 : Recieved: Sync
2022-04-19 11:07:51,635 : Sent: Ready
2022-04-19 11:07:56,659 : Recieved: Sync
2022-04-19 11:07:56,663 : Sent: Ready
2022-04-19 11:07:58,001 : Recieved: S1.0
2022-04-19 11:07:58,004 : Recieved: 23527.506916586426
2022-04-19 11:07:58,008 : Sent: Moving
2022-04-19 11:07:58,015 : Sent: 0.0
2022-04-19 11:07:58,274 : Sent: 2614.1674351762695
2022-04-19 11:07:58,541 : Sent: 5228.334870352539
2022-04-19 11:07:58,808 : Sent: 7842.502305528808
2022-04-19 11:07:59,073 : Sent: 10456.669740705078
2022-04-19 11:07:59,338 : Sent: 13070.837175881348
2022-04-19 11:07:59,605 : Sent: 15685.004611057617
2022-04-19 11:07:59,871 : Sent: 18299.172046233885
2022-04-19 11:08:00,137 : Sent: 20913.339481410156
2022-04-19 11:08:00,403 : Sent: 23527.506916586426
2022-04-19 11:08:00,667 : Sent: 23527.506916586426
2022-04-19 11:08:00,670 : Sent: Ready
2022-04-19 11:08:01,667 : Recieved: Sync
2022-04-19 11:08:01,671 : Sent: Ready
2022-04-19 11:08:06,716 : Recieved: Sync
2022-04-19 11:08:06,717 : Sent: Ready
2022-04-19 11:08:11,775 : Recieved: Sync
2022-04-19 11:08:11,776 : Sent: Ready
2022-04-19 11:08:16,836 : Recieved: Sync
2022-04-19 11:08:16,836 : Sent: Ready
2022-04-19 11:08:21,893 : Recieved: Sync
2022-04-19 11:08:21,894 : Sent: Ready
2022-04-19 11:08:26,712 : Recieved: S1.0
2022-04-19 11:08:26,715 : Recieved: 20500.807065315123
2022-04-19 11:08:26,717 : Sent: Moving
2022-04-19 11:08:26,719 : Sent: 23527.506916586426
2022-04-19 11:08:26,982 : Sent: 23191.206933111836
2022-04-19 11:08:27,247 : Sent: 22854.906949637247
2022-04-19 11:08:27,532 : Sent: 22518.606966162657
2022-04-19 11:08:27,988 : Sent: 22182.306982688067
2022-04-19 11:08:28,302 : Sent: 21846.00699921348
2022-04-19 11:08:28,603 : Sent: 21509.70701573889
2022-04-19 11:08:29,010 : Sent: 21173.407032264302
2022-04-19 11:08:29,323 : Sent: 20837.107048789712
2022-04-19 11:08:29,697 : Sent: 20500.807065315123
2022-04-19 11:08:30,025 : Sent: 20500.807065315123
2022-04-19 11:08:30,088 : Sent: Ready
2022-04-19 11:08:30,213 : Recieved: Sync
2022-04-19 11:08:30,229 : Sent: Ready
2022-04-19 11:08:30,243 : Recieved: S1.0
2022-04-19 11:08:30,258 : Recieved: 20454.029318677054
2022-04-19 11:08:30,290 : Sent: Moving
2022-04-19 11:08:30,330 : Sent: 20500.807065315123
2022-04-19 11:08:30,649 : Sent: 20495.609537910892
2022-04-19 11:08:30,912 : Sent: 20490.41201050666
2022-04-19 11:08:31,178 : Sent: 20485.214483102434
2022-04-19 11:08:31,444 : Sent: 20480.016955698204
2022-04-19 11:08:31,726 : Sent: 20474.819428293973
2022-04-19 11:08:32,072 : Sent: 20469.621900889742
2022-04-19 11:08:32,340 : Sent: 20464.424373485515
2022-04-19 11:08:32,674 : Sent: 20459.226846081285
2022-04-19 11:08:33,100 : Sent: 20454.029318677054
2022-04-19 11:08:33,664 : Sent: 20454.029318677054
2022-04-19 11:08:33,727 : Sent: Ready
2022-04-19 11:08:33,997 : Recieved: Sync
2022-04-19 11:08:33,999 : Sent: Ready
2022-04-19 11:08:39,222 : Recieved: Sync
2022-04-19 11:08:39,395 : Sent: Ready
2022-04-19 11:08:44,465 : Recieved: Sync
2022-04-19 11:08:44,467 : Sent: Ready
2022-04-19 11:08:49,559 : Recieved: Sync
2022-04-19 11:08:49,605 : Sent: Ready
2022-04-19 11:08:54,615 : Recieved: Sync
2022-04-19 11:08:54,663 : Sent: Ready
2022-04-19 11:08:59,647 : Recieved: Sync
2022-04-19 11:08:59,648 : Sent: Ready
2022-04-19 11:09:04,656 : Recieved: Sync
2022-04-19 11:09:04,660 : Sent: Ready
2022-04-19 11:09:09,669 : Recieved: Sync
2022-04-19 11:09:09,672 : Sent: Ready
2022-04-19 11:09:14,691 : Recieved: Sync
2022-04-19 11:09:14,692 : Sent: Ready
2022-04-19 11:09:19,754 : Recieved: Sync
2022-04-19 11:09:19,755 : Sent: Ready
2022-04-19 11:09:24,797 : Recieved: Sync
2022-04-19 11:09:24,799 : Sent: Ready
2022-04-19 11:09:29,847 : Recieved: Sync
2022-04-19 11:09:29,848 : Sent: Ready
2022-04-19 11:09:34,896 : Recieved: Sync
2022-04-19 11:09:34,898 : Sent: Ready
2022-04-19 11:09:39,944 : Recieved: Sync
2022-04-19 11:09:39,946 : Sent: Ready
2022-04-19 11:09:44,996 : Recieved: Sync
2022-04-19 11:09:44,997 : Sent: Ready
2022-04-19 11:09:50,044 : Recieved: Sync
2022-04-19 11:09:50,045 : Sent: Ready
2022-04-19 11:09:55,081 : Recieved: Sync
2022-04-19 11:09:55,082 : Sent: Ready
2022-04-19 11:10:00,117 : Recieved: Sync
2022-04-19 11:10:00,119 : Sent: Ready
2022-04-19 11:10:05,164 : Recieved: Sync
2022-04-19 11:10:05,165 : Sent: Ready
2022-04-19 11:10:10,215 : Recieved: Sync
2022-04-19 11:10:10,217 : Sent: Ready
2022-04-19 11:10:15,257 : Recieved: Sync
2022-04-19 11:10:15,259 : Sent: Ready
2022-04-19 11:10:20,295 : Recieved: Sync
2022-04-19 11:10:20,297 : Sent: Ready
2022-04-19 11:10:25,331 : Recieved: Sync
2022-04-19 11:10:25,333 : Sent: Ready
2022-04-19 11:10:30,386 : Recieved: Sync
2022-04-19 11:10:30,387 : Sent: Ready
2022-04-19 11:10:35,423 : Recieved: Sync
2022-04-19 11:10:35,424 : Sent: Ready
2022-04-19 11:10:40,456 : Recieved: Sync
2022-04-19 11:10:40,458 : Sent: Ready
2022-04-19 11:10:45,495 : Recieved: Sync
2022-04-19 11:10:45,497 : Sent: Ready
2022-04-19 11:10:50,549 : Recieved: Sync
2022-04-19 11:10:50,555 : Sent: Ready
2022-04-19 11:10:55,638 : Recieved: Sync
2022-04-19 11:10:55,640 : Sent: Ready
2022-04-19 11:11:00,686 : Recieved: Sync
2022-04-19 11:11:00,687 : Sent: Ready
2022-04-19 11:11:05,727 : Recieved: Sync
2022-04-19 11:11:05,728 : Sent: Ready
2022-04-19 11:11:10,766 : Recieved: Sync
2022-04-19 11:11:10,767 : Sent: Ready
2022-04-19 11:11:15,825 : Recieved: Sync
2022-04-19 11:11:15,826 : Sent: Ready
2022-04-19 11:11:20,866 : Recieved: Sync
2022-04-19 11:11:20,868 : Sent: Ready
2022-04-19 11:11:25,921 : Recieved: Sync
2022-04-19 11:11:25,923 : Sent: Ready
2022-04-19 11:11:30,958 : Recieved: Sync
2022-04-19 11:11:30,961 : Sent: Ready
2022-04-19 11:11:36,011 : Recieved: Sync
2022-04-19 11:11:36,013 : Sent: Ready
2022-04-19 11:11:41,052 : Recieved: Sync
2022-04-19 11:11:41,054 : Sent: Ready
2022-04-19 11:11:46,112 : Recieved: Sync
2022-04-19 11:11:46,114 : Sent: Ready
2022-04-19 11:11:51,160 : Recieved: Sync
2022-04-19 11:11:51,162 : Sent: Ready
2022-04-19 11:11:56,205 : Recieved: Sync
2022-04-19 11:11:56,206 : Sent: Ready
2022-04-19 11:12:01,258 : Recieved: Sync
2022-04-19 11:12:01,263 : Sent: Ready
2022-04-19 11:12:06,306 : Recieved: Sync
2022-04-19 11:12:06,308 : Sent: Ready
2022-04-19 11:12:11,345 : Recieved: Sync
2022-04-19 11:12:11,348 : Sent: Ready
2022-04-19 11:12:16,399 : Recieved: Sync
2022-04-19 11:12:16,402 : Sent: Ready
2022-04-19 11:12:21,437 : Recieved: Sync
2022-04-19 11:12:21,440 : Sent: Ready
2022-04-19 11:12:26,496 : Recieved: Sync
2022-04-19 11:12:26,498 : Sent: Ready
2022-04-19 11:12:31,539 : Recieved: Sync
2022-04-19 11:12:31,541 : Sent: Ready
2022-04-19 11:12:36,594 : Recieved: Sync
2022-04-19 11:12:36,596 : Sent: Ready
2022-04-19 11:12:41,637 : Recieved: Sync
2022-04-19 11:12:41,639 : Sent: Ready
2022-04-19 11:12:46,683 : Recieved: Sync
2022-04-19 11:12:46,685 : Sent: Ready
2022-04-19 11:12:51,743 : Recieved: Sync
2022-04-19 11:12:51,745 : Sent: Ready
2022-04-19 11:12:56,794 : Recieved: Sync
2022-04-19 11:12:56,796 : Sent: Ready
2022-04-19 11:13:01,850 : Recieved: Sync
2022-04-19 11:13:01,850 : Sent: Ready
2022-04-19 11:13:06,900 : Recieved: Sync
2022-04-19 11:13:06,901 : Sent: Ready
2022-04-19 11:13:11,945 : Recieved: Sync
2022-04-19 11:13:11,947 : Sent: Ready
2022-04-19 11:13:17,002 : Recieved: Sync
2022-04-19 11:13:17,005 : Sent: Ready
2022-04-19 11:13:22,046 : Recieved: Sync
2022-04-19 11:13:22,048 : Sent: Ready
2022-04-19 11:13:27,086 : Recieved: Sync
2022-04-19 11:13:27,087 : Sent: Ready
2022-04-19 11:13:32,132 : Recieved: Sync
2022-04-19 11:13:32,135 : Sent: Ready
2022-04-19 11:13:37,168 : Recieved: Sync
2022-04-19 11:13:37,170 : Sent: Ready
2022-04-19 11:13:42,222 : Recieved: Sync
2022-04-19 11:13:42,224 : Sent: Ready
2022-04-19 11:13:47,263 : Recieved: Sync
2022-04-19 11:13:47,265 : Sent: Ready
2022-04-19 11:13:52,311 : Recieved: Sync
2022-04-19 11:13:52,313 : Sent: Ready
2022-04-19 11:13:57,364 : Recieved: Sync
2022-04-19 11:13:57,366 : Sent: Ready
2022-04-19 11:14:02,424 : Recieved: Sync
2022-04-19 11:14:02,426 : Sent: Ready
2022-04-19 11:14:07,472 : Recieved: Sync
2022-04-19 11:14:07,472 : Sent: Ready
2022-04-19 11:14:12,515 : Recieved: Sync
2022-04-19 11:14:12,517 : Sent: Ready
2022-04-19 11:14:17,562 : Recieved: Sync
2022-04-19 11:14:17,564 : Sent: Ready
2022-04-19 11:14:22,620 : Recieved: Sync
2022-04-19 11:14:22,622 : Sent: Ready
2022-04-19 11:14:27,647 : Recieved: Sync
2022-04-19 11:14:27,650 : Sent: Ready
2022-04-19 11:14:32,685 : Recieved: Sync
2022-04-19 11:14:32,687 : Sent: Ready
2022-04-19 11:14:37,716 : Recieved: Sync
2022-04-19 11:14:37,719 : Sent: Ready
2022-04-19 11:14:42,742 : Recieved: Sync
2022-04-19 11:14:42,744 : Sent: Ready
2022-04-19 11:14:47,755 : Recieved: Sync
2022-04-19 11:14:47,768 : Sent: Ready
2022-04-19 11:14:52,790 : Recieved: Sync
2022-04-19 11:14:52,792 : Sent: Ready
2022-04-19 11:14:57,812 : Recieved: Sync
2022-04-19 11:14:57,813 : Sent: Ready
2022-04-19 11:15:02,834 : Recieved: Sync
2022-04-19 11:15:02,837 : Sent: Ready
2022-04-19 11:15:07,867 : Recieved: Sync
2022-04-19 11:15:07,870 : Sent: Ready
2022-04-19 11:15:12,876 : Recieved: Sync
2022-04-19 11:15:12,876 : Sent: Ready
2022-04-19 11:15:17,904 : Recieved: Sync
2022-04-19 11:15:17,906 : Sent: Ready
2022-04-19 11:15:22,918 : Recieved: Sync
2022-04-19 11:15:22,919 : Sent: Ready
2022-04-19 11:15:27,933 : Recieved: Sync
2022-04-19 11:15:27,935 : Sent: Ready
2022-04-19 11:15:32,951 : Recieved: Sync
2022-04-19 11:15:32,953 : Sent: Ready
2022-04-19 11:15:37,964 : Recieved: Sync
2022-04-19 11:15:37,965 : Sent: Ready
2022-04-19 11:15:42,967 : Recieved: Sync
2022-04-19 11:15:42,969 : Sent: Ready
2022-04-19 11:15:47,979 : Recieved: Sync
2022-04-19 11:15:47,982 : Sent: Ready
2022-04-19 11:15:52,990 : Recieved: Sync
2022-04-19 11:15:52,992 : Sent: Ready
2022-04-19 11:15:58,009 : Recieved: Sync
2022-04-19 11:15:58,022 : Sent: Ready
2022-04-19 11:16:03,138 : Recieved: Sync
2022-04-19 11:16:03,140 : Sent: Ready
2022-04-19 11:16:08,157 : Recieved: Sync
2022-04-19 11:16:08,160 : Sent: Ready
2022-04-19 11:16:13,176 : Recieved: Sync
2022-04-19 11:16:13,178 : Sent: Ready
2022-04-19 11:16:18,194 : Recieved: Sync
2022-04-19 11:16:18,197 : Sent: Ready
2022-04-19 11:16:23,220 : Recieved: Sync
2022-04-19 11:16:23,222 : Sent: Ready
2022-04-19 11:16:28,232 : Recieved: Sync
2022-04-19 11:16:28,234 : Sent: Ready
2022-04-19 11:16:33,256 : Recieved: Sync
2022-04-19 11:16:33,258 : Sent: Ready
2022-04-19 11:16:38,311 : Recieved: Sync
2022-04-19 11:16:38,313 : Sent: Ready
2022-04-19 11:16:43,328 : Recieved: Sync
2022-04-19 11:16:43,331 : Sent: Ready
2022-04-19 11:16:48,343 : Recieved: Sync
2022-04-19 11:16:48,346 : Sent: Ready
2022-04-19 11:16:53,372 : Recieved: Sync
2022-04-19 11:16:53,373 : Sent: Ready
2022-04-19 11:16:58,392 : Recieved: Sync
2022-04-19 11:16:58,394 : Sent: Ready
2022-04-19 11:17:03,413 : Recieved: Sync
2022-04-19 11:17:03,415 : Sent: Ready
2022-04-19 11:17:08,438 : Recieved: Sync
2022-04-19 11:17:08,440 : Sent: Ready
2022-04-19 11:17:13,455 : Recieved: Sync
2022-04-19 11:17:13,457 : Sent: Ready
2022-04-19 11:17:18,470 : Recieved: Sync
2022-04-19 11:17:18,473 : Sent: Ready
2022-04-19 11:17:23,488 : Recieved: Sync
2022-04-19 11:17:23,490 : Sent: Ready
2022-04-19 11:17:28,530 : Recieved: Sync
2022-04-19 11:17:28,533 : Sent: Ready
2022-04-19 11:17:33,572 : Recieved: Sync
2022-04-19 11:17:33,575 : Sent: Ready
2022-04-19 11:17:38,610 : Recieved: Sync
2022-04-19 11:17:38,612 : Sent: Ready
2022-04-19 11:17:43,631 : Recieved: Sync
2022-04-19 11:17:43,634 : Sent: Ready
2022-04-19 11:17:48,679 : Recieved: Sync
2022-04-19 11:17:48,681 : Sent: Ready
2022-04-19 11:17:53,703 : Recieved: Sync
2022-04-19 11:17:53,705 : Sent: Ready
2022-04-19 11:17:58,766 : Recieved: Sync
2022-04-19 11:17:58,768 : Sent: Ready
2022-04-19 11:18:03,787 : Recieved: Sync
2022-04-19 11:18:03,789 : Sent: Ready
2022-04-19 11:18:08,800 : Recieved: Sync
2022-04-19 11:18:08,802 : Sent: Ready
2022-04-19 11:18:13,854 : Recieved: Sync
2022-04-19 11:18:13,854 : Sent: Ready
2022-04-19 11:18:18,906 : Recieved: Sync
2022-04-19 11:18:18,908 : Sent: Ready
2022-04-19 11:18:23,971 : Recieved: Sync
2022-04-19 11:18:23,973 : Sent: Ready
2022-04-19 11:18:29,031 : Recieved: Sync
2022-04-19 11:18:29,033 : Sent: Ready
2022-04-19 11:18:34,099 : Recieved: Sync
2022-04-19 11:18:34,102 : Sent: Ready
2022-04-19 11:18:39,157 : Recieved: Sync
2022-04-19 11:18:39,159 : Sent: Ready
2022-04-19 11:18:44,212 : Recieved: Sync
2022-04-19 11:18:44,214 : Sent: Ready
2022-04-19 11:18:49,269 : Recieved: Sync
2022-04-19 11:18:49,271 : Sent: Ready
2022-04-19 11:18:54,342 : Recieved: Sync
2022-04-19 11:18:54,344 : Sent: Ready
2022-04-19 11:18:59,413 : Recieved: Sync
2022-04-19 11:18:59,415 : Sent: Ready
2022-04-19 11:19:04,477 : Recieved: Sync
2022-04-19 11:19:04,479 : Sent: Ready
2022-04-19 11:19:09,533 : Recieved: Sync
2022-04-19 11:19:09,534 : Sent: Ready
2022-04-19 11:19:14,599 : Recieved: Sync
2022-04-19 11:19:14,601 : Sent: Ready
2022-04-19 11:19:19,617 : Recieved: Sync
2022-04-19 11:19:19,619 : Sent: Ready
2022-04-19 11:19:24,631 : Recieved: Sync
2022-04-19 11:19:24,634 : Sent: Ready
2022-04-19 11:19:29,701 : Recieved: Sync
2022-04-19 11:19:29,703 : Sent: Ready
2022-04-19 11:19:34,752 : Recieved: Sync
2022-04-19 11:19:34,755 : Sent: Ready
2022-04-19 11:19:39,783 : Recieved: Sync
2022-04-19 11:19:39,784 : Sent: Ready
2022-04-19 11:19:44,849 : Recieved: Sync
2022-04-19 11:19:44,851 : Sent: Ready
2022-04-19 11:19:49,896 : Recieved: Sync
2022-04-19 11:19:49,898 : Sent: Ready
2022-04-19 11:19:54,925 : Recieved: Sync
2022-04-19 11:19:54,927 : Sent: Ready
2022-04-19 11:19:59,975 : Recieved: Sync
2022-04-19 11:19:59,976 : Sent: Ready
2022-04-19 11:20:05,028 : Recieved: Sync
2022-04-19 11:20:05,030 : Sent: Ready
2022-04-19 11:20:10,081 : Recieved: Sync
2022-04-19 11:20:10,083 : Sent: Ready
2022-04-19 11:20:15,129 : Recieved: Sync
2022-04-19 11:20:15,131 : Sent: Ready
2022-04-19 11:20:20,177 : Recieved: Sync
2022-04-19 11:20:20,179 : Sent: Ready
2022-04-19 11:20:25,205 : Recieved: Sync
2022-04-19 11:20:25,208 : Sent: Ready
2022-04-19 11:20:30,254 : Recieved: Sync
2022-04-19 11:20:30,256 : Sent: Ready
2022-04-19 11:20:35,283 : Recieved: Sync
2022-04-19 11:20:35,285 : Sent: Ready
2022-04-19 11:20:40,307 : Recieved: Sync
2022-04-19 11:20:40,309 : Sent: Ready
2022-04-19 11:20:45,357 : Recieved: Sync
2022-04-19 11:20:45,358 : Sent: Ready
2022-04-19 11:20:50,423 : Recieved: Sync
2022-04-19 11:20:50,425 : Sent: Ready
2022-04-19 11:20:55,479 : Recieved: Sync
2022-04-19 11:20:55,480 : Sent: Ready
2022-04-19 11:21:00,541 : Recieved: Sync
2022-04-19 11:21:00,542 : Sent: Ready
2022-04-19 11:21:05,605 : Recieved: Sync
2022-04-19 11:21:05,606 : Sent: Ready
2022-04-19 11:21:10,665 : Recieved: Sync
2022-04-19 11:21:10,667 : Sent: Ready
2022-04-19 11:21:15,740 : Recieved: Sync
2022-04-19 11:21:15,741 : Sent: Ready
2022-04-19 11:21:20,808 : Recieved: Sync
2022-04-19 11:21:20,810 : Sent: Ready
2022-04-19 11:21:25,878 : Recieved: Sync
2022-04-19 11:21:25,879 : Sent: Ready
2022-04-19 11:21:30,956 : Recieved: Sync
2022-04-19 11:21:30,957 : Sent: Ready
2022-04-19 11:21:36,017 : Recieved: Sync
2022-04-19 11:21:36,019 : Sent: Ready
2022-04-19 11:21:41,087 : Recieved: Sync
2022-04-19 11:21:41,088 : Sent: Ready
2022-04-19 11:21:46,170 : Recieved: Sync
2022-04-19 11:21:46,172 : Sent: Ready
2022-04-19 11:21:51,232 : Recieved: Sync
2022-04-19 11:21:51,234 : Sent: Ready
2022-04-19 11:21:56,297 : Recieved: Sync
2022-04-19 11:21:56,299 : Sent: Ready
2022-04-19 11:22:01,348 : Recieved: Sync
2022-04-19 11:22:01,350 : Sent: Ready
2022-04-19 11:22:06,411 : Recieved: Sync
2022-04-19 11:22:06,412 : Sent: Ready
2022-04-19 11:22:11,480 : Recieved: Sync
2022-04-19 11:22:11,482 : Sent: Ready
2022-04-19 11:22:16,559 : Recieved: Sync
2022-04-19 11:22:16,561 : Sent: Ready
2022-04-19 11:22:21,631 : Recieved: Sync
2022-04-19 11:22:21,633 : Sent: Ready
2022-04-19 11:22:26,694 : Recieved: Sync
2022-04-19 11:22:26,694 : Sent: Ready
2022-04-19 11:22:31,765 : Recieved: Sync
2022-04-19 11:22:31,767 : Sent: Ready
2022-04-19 11:22:36,833 : Recieved: Sync
2022-04-19 11:22:36,835 : Sent: Ready
2022-04-19 11:22:41,907 : Recieved: Sync
2022-04-19 11:22:41,909 : Sent: Ready
2022-04-19 11:22:46,968 : Recieved: Sync
2022-04-19 11:22:46,970 : Sent: Ready
2022-04-19 11:22:52,040 : Recieved: Sync
2022-04-19 11:22:52,042 : Sent: Ready
2022-04-19 11:22:57,111 : Recieved: Sync
2022-04-19 11:22:57,113 : Sent: Ready
2022-04-19 11:23:02,178 : Recieved: Sync
2022-04-19 11:23:02,180 : Sent: Ready
2022-04-19 11:23:07,254 : Recieved: Sync
2022-04-19 11:23:07,256 : Sent: Ready
2022-04-19 11:23:12,323 : Recieved: Sync
2022-04-19 11:23:12,325 : Sent: Ready
2022-04-19 11:23:17,391 : Recieved: Sync
2022-04-19 11:23:17,392 : Sent: Ready
2022-04-19 11:23:22,456 : Recieved: Sync
2022-04-19 11:23:22,458 : Sent: Ready
2022-04-19 12:03:43,430 : Recieved: Sync
2022-04-19 12:03:43,431 : Sent: Ready
2022-04-19 12:03:48,439 : Recieved: Sync
2022-04-19 12:03:48,472 : Sent: Ready
2022-04-19 12:03:53,489 : Recieved: Sync
2022-04-19 12:03:53,490 : Sent: Ready
2022-04-19 12:03:58,502 : Recieved: Sync
2022-04-19 12:03:58,504 : Sent: Ready
2022-04-19 12:04:03,516 : Recieved: Sync
2022-04-19 12:04:04,012 : Sent: Ready
2022-04-19 12:04:09,106 : Recieved: Sync
2022-04-19 12:04:09,159 : Sent: Ready
2022-04-19 12:04:14,163 : Recieved: Sync
2022-04-19 12:04:14,164 : Sent: Ready
2022-04-19 12:04:19,176 : Recieved: Sync
2022-04-19 12:04:19,179 : Sent: Ready
2022-04-19 12:04:24,189 : Recieved: Sync
2022-04-19 12:04:24,194 : Sent: Ready
2022-04-19 12:04:29,206 : Recieved: Sync
2022-04-19 12:04:29,208 : Sent: Ready
2022-04-19 12:04:34,215 : Recieved: Sync
2022-04-19 12:04:34,217 : Sent: Ready
2022-04-19 12:04:39,233 : Recieved: Sync
2022-04-19 12:04:39,236 : Sent: Ready
2022-04-19 12:04:44,252 : Recieved: Sync
2022-04-19 12:04:44,254 : Sent: Ready
2022-04-19 12:04:49,262 : Recieved: Sync
2022-04-19 12:04:49,264 : Sent: Ready
2022-04-19 12:04:54,292 : Recieved: Sync
2022-04-19 12:04:54,295 : Sent: Ready
2022-04-19 12:04:59,317 : Recieved: Sync
2022-04-19 12:04:59,322 : Sent: Ready
2022-04-19 12:05:04,357 : Recieved: Sync
2022-04-19 12:05:04,359 : Sent: Ready
2022-04-19 12:05:09,379 : Recieved: Sync
2022-04-19 12:05:09,382 : Sent: Ready
2022-04-19 12:05:14,399 : Recieved: Sync
2022-04-19 12:05:14,403 : Sent: Ready
2022-04-19 12:05:19,421 : Recieved: Sync
2022-04-19 12:05:19,424 : Sent: Ready
2022-04-19 12:05:24,441 : Recieved: Sync
2022-04-19 12:05:24,445 : Sent: Ready
