2022-04-19 11:02:52,415 : Connected to: 127.0.0.1, 60873
2022-04-19 11:02:52,447 : Sent: Ready
2022-04-19 11:02:52,464 : Recieved: Yes
2022-04-19 11:02:52,922 : Recieved: E0.0
2022-04-19 11:02:52,927 : Recieved: DM1
2022-04-19 11:02:52,930 : Recieved: DE-1
2022-04-19 11:02:52,936 : Recieved: kP1.0
2022-04-19 11:02:52,947 : Recieved: kI0.0
2022-04-19 11:02:52,956 : Recieved: kD0.0
2022-04-19 11:02:52,978 : Recieved: Sync
2022-04-19 11:02:52,984 : Sent: Ready
2022-04-19 11:02:57,985 : Recieved: Sync
2022-04-19 11:02:57,986 : Sent: Ready
2022-04-19 11:03:03,028 : Recieved: Sync
2022-04-19 11:03:03,029 : Sent: Ready
2022-04-19 11:03:08,078 : Recieved: Sync
2022-04-19 11:03:08,079 : Sent: Ready
2022-04-19 11:03:13,128 : Recieved: Sync
2022-04-19 11:03:13,129 : Sent: Ready
2022-04-19 11:03:18,189 : Recieved: Sync
2022-04-19 11:03:18,191 : Sent: Ready
2022-04-19 11:03:23,244 : Recieved: Sync
2022-04-19 11:03:23,246 : Sent: Ready
2022-04-19 11:03:28,291 : Recieved: Sync
2022-04-19 11:03:28,293 : Sent: Ready
2022-04-19 11:03:33,356 : Recieved: Sync
2022-04-19 11:03:33,358 : Sent: Ready
2022-04-19 11:03:38,410 : Recieved: Sync
2022-04-19 11:03:38,412 : Sent: Ready
2022-04-19 11:03:43,481 : Recieved: Sync
2022-04-19 11:03:43,482 : Sent: Ready
2022-04-19 11:03:48,543 : Recieved: Sync
2022-04-19 11:03:48,545 : Sent: Ready
2022-04-19 11:03:53,608 : Recieved: Sync
2022-04-19 11:03:53,610 : Sent: Ready
2022-04-19 11:03:58,680 : Recieved: Sync
2022-04-19 11:03:58,681 : Sent: Ready
2022-04-19 11:04:03,738 : Recieved: Sync
2022-04-19 11:04:03,740 : Sent: Ready
2022-04-19 11:04:08,796 : Recieved: Sync
2022-04-19 11:04:08,798 : Sent: Ready
2022-04-19 11:04:13,854 : Recieved: Sync
2022-04-19 11:04:13,855 : Sent: Ready
2022-04-19 11:04:18,909 : Recieved: Sync
2022-04-19 11:04:18,911 : Sent: Ready
2022-04-19 11:04:23,935 : Recieved: Sync
2022-04-19 11:04:23,937 : Sent: Ready
2022-04-19 11:04:28,980 : Recieved: Sync
2022-04-19 11:04:28,982 : Sent: Ready
2022-04-19 11:04:34,014 : Recieved: Sync
2022-04-19 11:04:34,018 : Sent: Ready
2022-04-19 11:04:39,052 : Recieved: Sync
2022-04-19 11:04:39,055 : Sent: Ready
2022-04-19 11:04:44,100 : Recieved: Sync
2022-04-19 11:04:44,101 : Sent: Ready
2022-04-19 11:04:49,140 : Recieved: Sync
2022-04-19 11:04:49,141 : Sent: Ready
2022-04-19 11:04:54,176 : Recieved: Sync
2022-04-19 11:04:54,178 : Sent: Ready
2022-04-19 11:04:59,223 : Recieved: Sync
2022-04-19 11:04:59,224 : Sent: Ready
2022-04-19 11:05:04,281 : Recieved: Sync
2022-04-19 11:05:04,283 : Sent: Ready
2022-04-19 11:05:09,313 : Recieved: Sync
2022-04-19 11:05:09,314 : Sent: Ready
2022-04-19 11:05:14,339 : Recieved: Sync
2022-04-19 11:05:14,342 : Sent: Ready
2022-04-19 11:05:19,387 : Recieved: Sync
2022-04-19 11:05:19,388 : Sent: Ready
2022-04-19 11:05:24,431 : Recieved: Sync
2022-04-19 11:05:24,447 : Sent: Ready
2022-04-19 11:05:29,477 : Recieved: Sync
2022-04-19 11:05:29,479 : Sent: Ready
2022-04-19 11:05:34,535 : Recieved: Sync
2022-04-19 11:05:34,536 : Sent: Ready
2022-04-19 11:05:39,579 : Recieved: Sync
2022-04-19 11:05:39,581 : Sent: Ready
2022-04-19 11:05:44,619 : Recieved: Sync
2022-04-19 11:05:44,621 : Sent: Ready
2022-04-19 11:05:49,688 : Recieved: Sync
2022-04-19 11:05:49,690 : Sent: Ready
2022-04-19 11:05:54,739 : Recieved: Sync
2022-04-19 11:05:54,740 : Sent: Ready
2022-04-19 11:05:59,810 : Recieved: Sync
2022-04-19 11:05:59,811 : Sent: Ready
2022-04-19 11:06:04,873 : Recieved: Sync
2022-04-19 11:06:04,874 : Sent: Ready
2022-04-19 11:06:09,916 : Recieved: Sync
2022-04-19 11:06:09,919 : Sent: Ready
2022-04-19 11:06:14,957 : Recieved: Sync
2022-04-19 11:06:14,958 : Sent: Ready
2022-04-19 11:06:20,007 : Recieved: Sync
2022-04-19 11:06:20,009 : Sent: Ready
2022-04-19 11:06:25,063 : Recieved: Sync
2022-04-19 11:06:25,065 : Sent: Ready
2022-04-19 11:06:30,101 : Recieved: Sync
2022-04-19 11:06:30,103 : Sent: Ready
2022-04-19 11:06:35,153 : Recieved: Sync
2022-04-19 11:06:35,154 : Sent: Ready
2022-04-19 11:06:40,203 : Recieved: Sync
2022-04-19 11:06:40,204 : Sent: Ready
2022-04-19 11:06:45,250 : Recieved: Sync
2022-04-19 11:06:45,251 : Sent: Ready
2022-04-19 11:06:50,286 : Recieved: Sync
2022-04-19 11:06:50,288 : Sent: Ready
2022-04-19 11:06:55,337 : Recieved: Sync
2022-04-19 11:06:55,338 : Sent: Ready
2022-04-19 11:07:00,401 : Recieved: Sync
2022-04-19 11:07:00,403 : Sent: Ready
2022-04-19 11:07:05,463 : Recieved: Sync
2022-04-19 11:07:05,464 : Sent: Ready
2022-04-19 11:07:10,533 : Recieved: Sync
2022-04-19 11:07:10,534 : Sent: Ready
2022-04-19 11:07:15,610 : Recieved: Sync
2022-04-19 11:07:15,611 : Sent: Ready
2022-04-19 11:07:20,672 : Recieved: Sync
2022-04-19 11:07:20,673 : Sent: Ready
2022-04-19 11:07:25,718 : Recieved: Sync
2022-04-19 11:07:25,719 : Sent: Ready
2022-04-19 11:07:31,190 : Recieved: Sync
2022-04-19 11:07:31,444 : Sent: Ready
2022-04-19 11:07:36,303 : Recieved: Sync
2022-04-19 11:07:36,304 : Sent: Ready
2022-04-19 11:07:41,319 : Recieved: Sync
2022-04-19 11:07:41,321 : Sent: Ready
2022-04-19 11:07:46,332 : Recieved: Sync
2022-04-19 11:07:46,334 : Sent: Ready
2022-04-19 11:07:51,351 : Recieved: Sync
2022-04-19 11:07:51,354 : Sent: Ready
2022-04-19 11:07:56,358 : Recieved: Sync
2022-04-19 11:07:56,360 : Sent: Ready
2022-04-19 11:07:58,014 : Recieved: S1.0
2022-04-19 11:07:58,017 : Recieved: 55275.502547834156
2022-04-19 11:07:58,021 : Sent: Moving
2022-04-19 11:07:58,024 : Sent: 0.0
2022-04-19 11:07:58,289 : Sent: 6141.722505314906
2022-04-19 11:07:58,557 : Sent: 12283.445010629812
2022-04-19 11:07:58,824 : Sent: 18425.16751594472
2022-04-19 11:07:59,123 : Sent: 24566.890021259624
2022-04-19 11:07:59,386 : Sent: 30708.61252657453
2022-04-19 11:07:59,653 : Sent: 36850.33503188944
2022-04-19 11:07:59,918 : Sent: 42992.05753720434
2022-04-19 11:08:00,200 : Sent: 49133.78004251925
2022-04-19 11:08:00,466 : Sent: 55275.502547834156
2022-04-19 11:08:00,728 : Sent: 55275.502547834156
2022-04-19 11:08:00,730 : Sent: Ready
2022-04-19 11:08:01,370 : Recieved: Sync
2022-04-19 11:08:01,371 : Sent: Ready
2022-04-19 11:08:06,373 : Recieved: Sync
2022-04-19 11:08:06,375 : Sent: Ready
2022-04-19 11:08:11,397 : Recieved: Sync
2022-04-19 11:08:11,398 : Sent: Ready
2022-04-19 11:08:16,457 : Recieved: Sync
2022-04-19 11:08:16,458 : Sent: Ready
2022-04-19 11:08:21,517 : Recieved: Sync
2022-04-19 11:08:21,519 : Sent: Ready
2022-04-19 11:08:26,556 : Recieved: Sync
2022-04-19 11:08:26,558 : Sent: Ready
2022-04-19 11:08:26,775 : Recieved: S1.0
2022-04-19 11:08:26,777 : Recieved: 54056.64332351895
2022-04-19 11:08:26,779 : Sent: Moving
2022-04-19 11:08:26,781 : Sent: 55275.502547834156
2022-04-19 11:08:27,153 : Sent: 55140.07374513247
2022-04-19 11:08:27,469 : Sent: 55004.64494243078
2022-04-19 11:08:27,850 : Sent: 54869.216139729084
2022-04-19 11:08:28,303 : Sent: 54733.787337027396
2022-04-19 11:08:28,602 : Sent: 54598.35853432571
2022-04-19 11:08:29,054 : Sent: 54462.92973162402
2022-04-19 11:08:29,416 : Sent: 54327.50092892232
2022-04-19 11:08:29,714 : Sent: 54192.072126220635
2022-04-19 11:08:30,010 : Sent: 54056.64332351895
2022-04-19 11:08:30,307 : Sent: 54056.64332351895
2022-04-19 11:08:30,431 : Sent: Ready
2022-04-19 11:08:30,432 : Recieved: S1.0
2022-04-19 11:08:30,450 : Recieved: 54038.92036093687
2022-04-19 11:08:30,463 : Sent: Moving
2022-04-19 11:08:30,467 : Sent: 54056.64332351895
2022-04-19 11:08:30,727 : Sent: 54054.67410545427
2022-04-19 11:08:31,008 : Sent: 54052.7048873896
2022-04-19 11:08:31,276 : Sent: 54050.735669324924
2022-04-19 11:08:31,553 : Sent: 54048.76645126025
2022-04-19 11:08:31,836 : Sent: 54046.79723319557
2022-04-19 11:08:32,150 : Sent: 54044.82801513089
2022-04-19 11:08:32,593 : Sent: 54042.85879706622
2022-04-19 11:08:32,987 : Sent: 54040.889579001545
2022-04-19 11:08:33,317 : Sent: 54038.92036093687
2022-04-19 11:08:33,619 : Sent: 54038.92036093687
2022-04-19 11:08:33,727 : Sent: Ready
2022-04-19 11:08:34,029 : Recieved: Sync
2022-04-19 11:08:34,031 : Sent: Ready
2022-04-19 11:08:39,113 : Recieved: Sync
2022-04-19 11:08:39,190 : Sent: Ready
2022-04-19 11:08:44,183 : Recieved: Sync
2022-04-19 11:08:44,192 : Sent: Ready
2022-04-19 11:08:49,274 : Recieved: Sync
2022-04-19 11:08:49,306 : Sent: Ready
2022-04-19 11:08:54,331 : Recieved: Sync
2022-04-19 11:08:54,346 : Sent: Ready
2022-04-19 11:08:59,425 : Recieved: Sync
2022-04-19 11:08:59,427 : Sent: Ready
2022-04-19 11:09:04,469 : Recieved: Sync
2022-04-19 11:09:04,471 : Sent: Ready
2022-04-19 11:09:09,514 : Recieved: Sync
2022-04-19 11:09:09,516 : Sent: Ready
2022-04-19 11:09:14,566 : Recieved: Sync
2022-04-19 11:09:14,568 : Sent: Ready
2022-04-19 11:09:19,627 : Recieved: Sync
2022-04-19 11:09:19,630 : Sent: Ready
2022-04-19 11:09:24,674 : Recieved: Sync
2022-04-19 11:09:24,676 : Sent: Ready
2022-04-19 11:09:29,721 : Recieved: Sync
2022-04-19 11:09:29,722 : Sent: Ready
2022-04-19 11:09:34,768 : Recieved: Sync
2022-04-19 11:09:34,771 : Sent: Ready
2022-04-19 11:09:39,816 : Recieved: Sync
2022-04-19 11:09:39,819 : Sent: Ready
2022-04-19 11:09:44,871 : Recieved: Sync
2022-04-19 11:09:44,874 : Sent: Ready
2022-04-19 11:09:49,918 : Recieved: Sync
2022-04-19 11:09:49,919 : Sent: Ready
2022-04-19 11:09:54,956 : Recieved: Sync
2022-04-19 11:09:54,958 : Sent: Ready
2022-04-19 11:09:59,994 : Recieved: Sync
2022-04-19 11:09:59,995 : Sent: Ready
2022-04-19 11:10:05,038 : Recieved: Sync
2022-04-19 11:10:05,040 : Sent: Ready
2022-04-19 11:10:10,076 : Recieved: Sync
2022-04-19 11:10:10,078 : Sent: Ready
2022-04-19 11:10:15,115 : Recieved: Sync
2022-04-19 11:10:15,118 : Sent: Ready
2022-04-19 11:10:20,153 : Recieved: Sync
2022-04-19 11:10:20,155 : Sent: Ready
2022-04-19 11:10:25,189 : Recieved: Sync
2022-04-19 11:10:25,191 : Sent: Ready
2022-04-19 11:10:30,243 : Recieved: Sync
2022-04-19 11:10:30,244 : Sent: Ready
2022-04-19 11:10:35,281 : Recieved: Sync
2022-04-19 11:10:35,283 : Sent: Ready
2022-04-19 11:10:40,315 : Recieved: Sync
2022-04-19 11:10:40,316 : Sent: Ready
2022-04-19 11:10:45,352 : Recieved: Sync
2022-04-19 11:10:45,354 : Sent: Ready
2022-04-19 11:10:50,410 : Recieved: Sync
2022-04-19 11:10:50,412 : Sent: Ready
2022-04-19 11:10:55,480 : Recieved: Sync
2022-04-19 11:10:55,482 : Sent: Ready
2022-04-19 11:11:00,532 : Recieved: Sync
2022-04-19 11:11:00,533 : Sent: Ready
2022-04-19 11:11:05,570 : Recieved: Sync
2022-04-19 11:11:05,572 : Sent: Ready
2022-04-19 11:11:10,608 : Recieved: Sync
2022-04-19 11:11:10,610 : Sent: Ready
2022-04-19 11:11:15,666 : Recieved: Sync
2022-04-19 11:11:15,669 : Sent: Ready
2022-04-19 11:11:20,706 : Recieved: Sync
2022-04-19 11:11:20,708 : Sent: Ready
2022-04-19 11:11:25,762 : Recieved: Sync
2022-04-19 11:11:25,764 : Sent: Ready
2022-04-19 11:11:30,805 : Recieved: Sync
2022-04-19 11:11:30,807 : Sent: Ready
2022-04-19 11:11:35,853 : Recieved: Sync
2022-04-19 11:11:35,855 : Sent: Ready
2022-04-19 11:11:40,896 : Recieved: Sync
2022-04-19 11:11:40,897 : Sent: Ready
2022-04-19 11:11:45,953 : Recieved: Sync
2022-04-19 11:11:45,955 : Sent: Ready
2022-04-19 11:11:51,007 : Recieved: Sync
2022-04-19 11:11:51,008 : Sent: Ready
2022-04-19 11:11:56,049 : Recieved: Sync
2022-04-19 11:11:56,052 : Sent: Ready
2022-04-19 11:12:01,101 : Recieved: Sync
2022-04-19 11:12:01,103 : Sent: Ready
2022-04-19 11:12:06,147 : Recieved: Sync
2022-04-19 11:12:06,150 : Sent: Ready
2022-04-19 11:12:11,188 : Recieved: Sync
2022-04-19 11:12:11,190 : Sent: Ready
2022-04-19 11:12:16,242 : Recieved: Sync
2022-04-19 11:12:16,244 : Sent: Ready
2022-04-19 11:12:21,280 : Recieved: Sync
2022-04-19 11:12:21,283 : Sent: Ready
2022-04-19 11:12:26,339 : Recieved: Sync
2022-04-19 11:12:26,340 : Sent: Ready
2022-04-19 11:12:31,380 : Recieved: Sync
2022-04-19 11:12:31,384 : Sent: Ready
2022-04-19 11:12:36,437 : Recieved: Sync
2022-04-19 11:12:36,438 : Sent: Ready
2022-04-19 11:12:41,480 : Recieved: Sync
2022-04-19 11:12:41,482 : Sent: Ready
2022-04-19 11:12:46,526 : Recieved: Sync
2022-04-19 11:12:46,529 : Sent: Ready
2022-04-19 11:12:51,585 : Recieved: Sync
2022-04-19 11:12:51,588 : Sent: Ready
2022-04-19 11:12:56,638 : Recieved: Sync
2022-04-19 11:12:56,640 : Sent: Ready
2022-04-19 11:13:01,692 : Recieved: Sync
2022-04-19 11:13:01,694 : Sent: Ready
2022-04-19 11:13:06,741 : Recieved: Sync
2022-04-19 11:13:06,743 : Sent: Ready
2022-04-19 11:13:11,788 : Recieved: Sync
2022-04-19 11:13:11,790 : Sent: Ready
2022-04-19 11:13:16,844 : Recieved: Sync
2022-04-19 11:13:16,847 : Sent: Ready
2022-04-19 11:13:21,888 : Recieved: Sync
2022-04-19 11:13:21,892 : Sent: Ready
2022-04-19 11:13:26,928 : Recieved: Sync
2022-04-19 11:13:26,929 : Sent: Ready
2022-04-19 11:13:31,975 : Recieved: Sync
2022-04-19 11:13:31,977 : Sent: Ready
2022-04-19 11:13:37,010 : Recieved: Sync
2022-04-19 11:13:37,013 : Sent: Ready
2022-04-19 11:13:42,063 : Recieved: Sync
2022-04-19 11:13:42,065 : Sent: Ready
2022-04-19 11:13:47,104 : Recieved: Sync
2022-04-19 11:13:47,107 : Sent: Ready
2022-04-19 11:13:52,153 : Recieved: Sync
2022-04-19 11:13:52,155 : Sent: Ready
2022-04-19 11:13:57,207 : Recieved: Sync
2022-04-19 11:13:57,209 : Sent: Ready
2022-04-19 11:14:02,268 : Recieved: Sync
2022-04-19 11:14:02,269 : Sent: Ready
2022-04-19 11:14:07,315 : Recieved: Sync
2022-04-19 11:14:07,317 : Sent: Ready
2022-04-19 11:14:12,360 : Recieved: Sync
2022-04-19 11:14:12,363 : Sent: Ready
2022-04-19 11:14:17,405 : Recieved: Sync
2022-04-19 11:14:17,407 : Sent: Ready
2022-04-19 11:14:22,463 : Recieved: Sync
2022-04-19 11:14:22,466 : Sent: Ready
2022-04-19 11:14:27,494 : Recieved: Sync
2022-04-19 11:14:27,497 : Sent: Ready
2022-04-19 11:14:32,530 : Recieved: Sync
2022-04-19 11:14:32,533 : Sent: Ready
2022-04-19 11:14:37,561 : Recieved: Sync
2022-04-19 11:14:37,564 : Sent: Ready
2022-04-19 11:14:42,587 : Recieved: Sync
2022-04-19 11:14:42,590 : Sent: Ready
2022-04-19 11:14:47,600 : Recieved: Sync
2022-04-19 11:14:47,602 : Sent: Ready
2022-04-19 11:14:52,618 : Recieved: Sync
2022-04-19 11:14:52,620 : Sent: Ready
2022-04-19 11:14:57,640 : Recieved: Sync
2022-04-19 11:14:57,641 : Sent: Ready
2022-04-19 11:15:02,666 : Recieved: Sync
2022-04-19 11:15:02,668 : Sent: Ready
2022-04-19 11:15:07,696 : Recieved: Sync
2022-04-19 11:15:07,699 : Sent: Ready
2022-04-19 11:15:12,705 : Recieved: Sync
2022-04-19 11:15:12,706 : Sent: Ready
2022-04-19 11:15:17,733 : Recieved: Sync
2022-04-19 11:15:17,736 : Sent: Ready
2022-04-19 11:15:22,744 : Recieved: Sync
2022-04-19 11:15:22,747 : Sent: Ready
2022-04-19 11:15:27,762 : Recieved: Sync
2022-04-19 11:15:27,765 : Sent: Ready
2022-04-19 11:15:32,780 : Recieved: Sync
2022-04-19 11:15:32,782 : Sent: Ready
2022-04-19 11:15:37,793 : Recieved: Sync
2022-04-19 11:15:37,795 : Sent: Ready
2022-04-19 11:15:42,797 : Recieved: Sync
2022-04-19 11:15:42,800 : Sent: Ready
2022-04-19 11:15:47,813 : Recieved: Sync
2022-04-19 11:15:47,821 : Sent: Ready
2022-04-19 11:15:52,942 : Recieved: Sync
2022-04-19 11:15:52,944 : Sent: Ready
2022-04-19 11:15:57,959 : Recieved: Sync
2022-04-19 11:15:57,961 : Sent: Ready
2022-04-19 11:16:02,999 : Recieved: Sync
2022-04-19 11:16:03,020 : Sent: Ready
2022-04-19 11:16:08,031 : Recieved: Sync
2022-04-19 11:16:08,033 : Sent: Ready
2022-04-19 11:16:13,050 : Recieved: Sync
2022-04-19 11:16:13,052 : Sent: Ready
2022-04-19 11:16:18,056 : Recieved: Sync
2022-04-19 11:16:18,058 : Sent: Ready
2022-04-19 11:16:23,080 : Recieved: Sync
2022-04-19 11:16:23,081 : Sent: Ready
2022-04-19 11:16:28,091 : Recieved: Sync
2022-04-19 11:16:28,094 : Sent: Ready
2022-04-19 11:16:33,114 : Recieved: Sync
2022-04-19 11:16:33,116 : Sent: Ready
2022-04-19 11:16:38,139 : Recieved: Sync
2022-04-19 11:16:38,142 : Sent: Ready
2022-04-19 11:16:43,157 : Recieved: Sync
2022-04-19 11:16:43,160 : Sent: Ready
2022-04-19 11:16:48,174 : Recieved: Sync
2022-04-19 11:16:48,176 : Sent: Ready
2022-04-19 11:16:53,199 : Recieved: Sync
2022-04-19 11:16:53,201 : Sent: Ready
2022-04-19 11:16:58,221 : Recieved: Sync
2022-04-19 11:16:58,223 : Sent: Ready
2022-04-19 11:17:03,243 : Recieved: Sync
2022-04-19 11:17:03,245 : Sent: Ready
2022-04-19 11:17:08,265 : Recieved: Sync
2022-04-19 11:17:08,267 : Sent: Ready
2022-04-19 11:17:13,284 : Recieved: Sync
2022-04-19 11:17:13,286 : Sent: Ready
2022-04-19 11:17:18,301 : Recieved: Sync
2022-04-19 11:17:18,302 : Sent: Ready
2022-04-19 11:17:23,315 : Recieved: Sync
2022-04-19 11:17:23,318 : Sent: Ready
2022-04-19 11:17:28,360 : Recieved: Sync
2022-04-19 11:17:28,362 : Sent: Ready
2022-04-19 11:17:33,398 : Recieved: Sync
2022-04-19 11:17:33,400 : Sent: Ready
2022-04-19 11:17:38,437 : Recieved: Sync
2022-04-19 11:17:38,439 : Sent: Ready
2022-04-19 11:17:43,460 : Recieved: Sync
2022-04-19 11:17:43,462 : Sent: Ready
2022-04-19 11:17:48,506 : Recieved: Sync
2022-04-19 11:17:48,508 : Sent: Ready
2022-04-19 11:17:53,531 : Recieved: Sync
2022-04-19 11:17:53,533 : Sent: Ready
2022-04-19 11:17:58,592 : Recieved: Sync
2022-04-19 11:17:58,594 : Sent: Ready
2022-04-19 11:18:03,614 : Recieved: Sync
2022-04-19 11:18:03,615 : Sent: Ready
2022-04-19 11:18:08,629 : Recieved: Sync
2022-04-19 11:18:08,630 : Sent: Ready
2022-04-19 11:18:13,682 : Recieved: Sync
2022-04-19 11:18:13,683 : Sent: Ready
2022-04-19 11:18:18,734 : Recieved: Sync
2022-04-19 11:18:18,734 : Sent: Ready
2022-04-19 11:18:23,801 : Recieved: Sync
2022-04-19 11:18:23,802 : Sent: Ready
2022-04-19 11:18:28,859 : Recieved: Sync
2022-04-19 11:18:28,861 : Sent: Ready
2022-04-19 11:18:33,928 : Recieved: Sync
2022-04-19 11:18:33,930 : Sent: Ready
2022-04-19 11:18:38,984 : Recieved: Sync
2022-04-19 11:18:38,986 : Sent: Ready
2022-04-19 11:18:44,039 : Recieved: Sync
2022-04-19 11:18:44,040 : Sent: Ready
2022-04-19 11:18:49,097 : Recieved: Sync
2022-04-19 11:18:49,099 : Sent: Ready
2022-04-19 11:18:54,170 : Recieved: Sync
2022-04-19 11:18:54,172 : Sent: Ready
2022-04-19 11:18:59,239 : Recieved: Sync
2022-04-19 11:18:59,242 : Sent: Ready
2022-04-19 11:19:04,306 : Recieved: Sync
2022-04-19 11:19:04,307 : Sent: Ready
2022-04-19 11:19:09,358 : Recieved: Sync
2022-04-19 11:19:09,359 : Sent: Ready
2022-04-19 11:19:14,426 : Recieved: Sync
2022-04-19 11:19:14,427 : Sent: Ready
2022-04-19 11:19:19,439 : Recieved: Sync
2022-04-19 11:19:19,441 : Sent: Ready
2022-04-19 11:19:24,489 : Recieved: Sync
2022-04-19 11:19:24,491 : Sent: Ready
2022-04-19 11:19:29,559 : Recieved: Sync
2022-04-19 11:19:29,561 : Sent: Ready
2022-04-19 11:19:34,612 : Recieved: Sync
2022-04-19 11:19:34,615 : Sent: Ready
2022-04-19 11:19:39,643 : Recieved: Sync
2022-04-19 11:19:39,645 : Sent: Ready
2022-04-19 11:19:44,708 : Recieved: Sync
2022-04-19 11:19:44,710 : Sent: Ready
2022-04-19 11:19:49,755 : Recieved: Sync
2022-04-19 11:19:49,757 : Sent: Ready
2022-04-19 11:19:54,784 : Recieved: Sync
2022-04-19 11:19:54,785 : Sent: Ready
2022-04-19 11:19:59,833 : Recieved: Sync
2022-04-19 11:19:59,834 : Sent: Ready
2022-04-19 11:20:04,886 : Recieved: Sync
2022-04-19 11:20:04,886 : Sent: Ready
2022-04-19 11:20:09,940 : Recieved: Sync
2022-04-19 11:20:09,941 : Sent: Ready
2022-04-19 11:20:14,989 : Recieved: Sync
2022-04-19 11:20:14,992 : Sent: Ready
2022-04-19 11:20:20,036 : Recieved: Sync
2022-04-19 11:20:20,039 : Sent: Ready
2022-04-19 11:20:25,062 : Recieved: Sync
2022-04-19 11:20:25,065 : Sent: Ready
2022-04-19 11:20:30,111 : Recieved: Sync
2022-04-19 11:20:30,113 : Sent: Ready
2022-04-19 11:20:35,142 : Recieved: Sync
2022-04-19 11:20:35,143 : Sent: Ready
2022-04-19 11:20:40,166 : Recieved: Sync
2022-04-19 11:20:40,167 : Sent: Ready
2022-04-19 11:20:45,215 : Recieved: Sync
2022-04-19 11:20:45,217 : Sent: Ready
2022-04-19 11:20:50,283 : Recieved: Sync
2022-04-19 11:20:50,283 : Sent: Ready
2022-04-19 11:20:55,337 : Recieved: Sync
2022-04-19 11:20:55,339 : Sent: Ready
2022-04-19 11:21:00,399 : Recieved: Sync
2022-04-19 11:21:00,400 : Sent: Ready
2022-04-19 11:21:05,462 : Recieved: Sync
2022-04-19 11:21:05,463 : Sent: Ready
2022-04-19 11:21:10,524 : Recieved: Sync
2022-04-19 11:21:10,526 : Sent: Ready
2022-04-19 11:21:15,597 : Recieved: Sync
2022-04-19 11:21:15,599 : Sent: Ready
2022-04-19 11:21:20,665 : Recieved: Sync
2022-04-19 11:21:20,668 : Sent: Ready
2022-04-19 11:21:25,735 : Recieved: Sync
2022-04-19 11:21:25,737 : Sent: Ready
2022-04-19 11:21:30,814 : Recieved: Sync
2022-04-19 11:21:30,815 : Sent: Ready
2022-04-19 11:21:35,875 : Recieved: Sync
2022-04-19 11:21:35,877 : Sent: Ready
2022-04-19 11:21:40,944 : Recieved: Sync
2022-04-19 11:21:40,946 : Sent: Ready
2022-04-19 11:21:46,028 : Recieved: Sync
2022-04-19 11:21:46,030 : Sent: Ready
2022-04-19 11:21:51,089 : Recieved: Sync
2022-04-19 11:21:51,091 : Sent: Ready
2022-04-19 11:21:56,154 : Recieved: Sync
2022-04-19 11:21:56,156 : Sent: Ready
2022-04-19 11:22:01,208 : Recieved: Sync
2022-04-19 11:22:01,209 : Sent: Ready
2022-04-19 11:22:06,268 : Recieved: Sync
2022-04-19 11:22:06,269 : Sent: Ready
2022-04-19 11:22:11,337 : Recieved: Sync
2022-04-19 11:22:11,339 : Sent: Ready
2022-04-19 11:22:16,416 : Recieved: Sync
2022-04-19 11:22:16,418 : Sent: Ready
2022-04-19 11:22:21,490 : Recieved: Sync
2022-04-19 11:22:21,491 : Sent: Ready
2022-04-19 11:22:26,549 : Recieved: Sync
2022-04-19 11:22:26,552 : Sent: Ready
2022-04-19 11:22:31,623 : Recieved: Sync
2022-04-19 11:22:31,625 : Sent: Ready
2022-04-19 11:22:36,691 : Recieved: Sync
2022-04-19 11:22:36,693 : Sent: Ready
2022-04-19 11:22:41,749 : Recieved: Sync
2022-04-19 11:22:41,751 : Sent: Ready
2022-04-19 11:22:46,811 : Recieved: Sync
2022-04-19 11:22:46,813 : Sent: Ready
2022-04-19 11:22:51,882 : Recieved: Sync
2022-04-19 11:22:51,884 : Sent: Ready
2022-04-19 11:22:56,951 : Recieved: Sync
2022-04-19 11:22:56,953 : Sent: Ready
2022-04-19 11:23:02,020 : Recieved: Sync
2022-04-19 11:23:02,022 : Sent: Ready
2022-04-19 11:23:07,097 : Recieved: Sync
2022-04-19 11:23:07,099 : Sent: Ready
2022-04-19 11:23:12,164 : Recieved: Sync
2022-04-19 11:23:12,166 : Sent: Ready
2022-04-19 11:23:17,233 : Recieved: Sync
2022-04-19 11:23:17,235 : Sent: Ready
2022-04-19 11:23:22,299 : Recieved: Sync
2022-04-19 11:23:22,300 : Sent: Ready
2022-04-19 12:03:43,165 : Recieved: Sync
2022-04-19 12:03:43,166 : Sent: Ready
2022-04-19 12:03:48,208 : Recieved: Sync
2022-04-19 12:03:48,230 : Sent: Ready
2022-04-19 12:03:53,261 : Recieved: Sync
2022-04-19 12:03:53,270 : Sent: Ready
2022-04-19 12:03:58,284 : Recieved: Sync
2022-04-19 12:03:58,286 : Sent: Ready
2022-04-19 12:04:03,289 : Recieved: Sync
2022-04-19 12:04:04,011 : Sent: Ready
2022-04-19 12:04:09,104 : Recieved: Sync
2022-04-19 12:04:09,159 : Sent: Ready
2022-04-19 12:04:14,164 : Recieved: Sync
2022-04-19 12:04:14,164 : Sent: Ready
2022-04-19 12:04:19,174 : Recieved: Sync
2022-04-19 12:04:19,178 : Sent: Ready
2022-04-19 12:04:24,192 : Recieved: Sync
2022-04-19 12:04:24,196 : Sent: Ready
2022-04-19 12:04:29,203 : Recieved: Sync
2022-04-19 12:04:29,207 : Sent: Ready
2022-04-19 12:04:34,216 : Recieved: Sync
2022-04-19 12:04:34,218 : Sent: Ready
2022-04-19 12:04:39,230 : Recieved: Sync
2022-04-19 12:04:39,235 : Sent: Ready
2022-04-19 12:04:44,237 : Recieved: Sync
2022-04-19 12:04:44,239 : Sent: Ready
2022-04-19 12:04:49,263 : Recieved: Sync
2022-04-19 12:04:49,265 : Sent: Ready
2022-04-19 12:04:54,291 : Recieved: Sync
2022-04-19 12:04:54,294 : Sent: Ready
2022-04-19 12:04:59,319 : Recieved: Sync
2022-04-19 12:04:59,322 : Sent: Ready
2022-04-19 12:05:04,357 : Recieved: Sync
2022-04-19 12:05:04,359 : Sent: Ready
2022-04-19 12:05:09,378 : Recieved: Sync
2022-04-19 12:05:09,382 : Sent: Ready
2022-04-19 12:05:14,396 : Recieved: Sync
2022-04-19 12:05:14,401 : Sent: Ready
2022-04-19 12:05:19,419 : Recieved: Sync
2022-04-19 12:05:19,423 : Sent: Ready
2022-04-19 12:05:24,440 : Recieved: Sync
2022-04-19 12:05:24,445 : Sent: Ready
