2022-04-19 11:02:52,387 : Connected to: 127.0.0.1, 60872
2022-04-19 11:02:52,437 : Sent: Ready
2022-04-19 11:02:52,451 : Recieved: Yes
2022-04-19 11:02:52,941 : Recieved: E0.0
2022-04-19 11:02:52,952 : Recieved: DM-1
2022-04-19 11:02:52,965 : Recieved: DE1
2022-04-19 11:02:52,975 : Recieved: kP1.0
2022-04-19 11:02:52,979 : Recieved: kI0.0
2022-04-19 11:02:52,986 : Recieved: kD0.0
2022-04-19 11:02:53,002 : Recieved: Sync
2022-04-19 11:02:53,005 : Sent: Ready
2022-04-19 11:02:58,015 : Recieved: Sync
2022-04-19 11:02:58,017 : Sent: Ready
2022-04-19 11:03:03,043 : Recieved: Sync
2022-04-19 11:03:03,044 : Sent: Ready
2022-04-19 11:03:08,094 : Recieved: Sync
2022-04-19 11:03:08,096 : Sent: Ready
2022-04-19 11:03:13,143 : Recieved: Sync
2022-04-19 11:03:13,145 : Sent: Ready
2022-04-19 11:03:18,205 : Recieved: Sync
2022-04-19 11:03:18,206 : Sent: Ready
2022-04-19 11:03:23,259 : Recieved: Sync
2022-04-19 11:03:23,261 : Sent: Ready
2022-04-19 11:03:28,307 : Recieved: Sync
2022-04-19 11:03:28,309 : Sent: Ready
2022-04-19 11:03:33,372 : Recieved: Sync
2022-04-19 11:03:33,373 : Sent: Ready
2022-04-19 11:03:38,427 : Recieved: Sync
2022-04-19 11:03:38,429 : Sent: Ready
2022-04-19 11:03:43,496 : Recieved: Sync
2022-04-19 11:03:43,498 : Sent: Ready
2022-04-19 11:03:48,559 : Recieved: Sync
2022-04-19 11:03:48,561 : Sent: Ready
2022-04-19 11:03:53,624 : Recieved: Sync
2022-04-19 11:03:53,626 : Sent: Ready
2022-04-19 11:03:58,694 : Recieved: Sync
2022-04-19 11:03:58,696 : Sent: Ready
2022-04-19 11:04:03,754 : Recieved: Sync
2022-04-19 11:04:03,756 : Sent: Ready
2022-04-19 11:04:08,812 : Recieved: Sync
2022-04-19 11:04:08,814 : Sent: Ready
2022-04-19 11:04:13,868 : Recieved: Sync
2022-04-19 11:04:13,870 : Sent: Ready
2022-04-19 11:04:18,925 : Recieved: Sync
2022-04-19 11:04:18,926 : Sent: Ready
2022-04-19 11:04:23,964 : Recieved: Sync
2022-04-19 11:04:23,966 : Sent: Ready
2022-04-19 11:04:29,011 : Recieved: Sync
2022-04-19 11:04:29,013 : Sent: Ready
2022-04-19 11:04:34,046 : Recieved: Sync
2022-04-19 11:04:34,049 : Sent: Ready
2022-04-19 11:04:39,085 : Recieved: Sync
2022-04-19 11:04:39,087 : Sent: Ready
2022-04-19 11:04:44,132 : Recieved: Sync
2022-04-19 11:04:44,133 : Sent: Ready
2022-04-19 11:04:49,171 : Recieved: Sync
2022-04-19 11:04:49,173 : Sent: Ready
2022-04-19 11:04:54,223 : Recieved: Sync
2022-04-19 11:04:54,225 : Sent: Ready
2022-04-19 11:04:59,268 : Recieved: Sync
2022-04-19 11:04:59,270 : Sent: Ready
2022-04-19 11:05:04,330 : Recieved: Sync
2022-04-19 11:05:04,331 : Sent: Ready
2022-04-19 11:05:09,360 : Recieved: Sync
2022-04-19 11:05:09,361 : Sent: Ready
2022-04-19 11:05:14,387 : Recieved: Sync
2022-04-19 11:05:14,390 : Sent: Ready
2022-04-19 11:05:19,433 : Recieved: Sync
2022-04-19 11:05:19,435 : Sent: Ready
2022-04-19 11:05:24,478 : Recieved: Sync
2022-04-19 11:05:24,480 : Sent: Ready
2022-04-19 11:05:29,524 : Recieved: Sync
2022-04-19 11:05:29,525 : Sent: Ready
2022-04-19 11:05:34,582 : Recieved: Sync
2022-04-19 11:05:34,584 : Sent: Ready
2022-04-19 11:05:39,627 : Recieved: Sync
2022-04-19 11:05:39,629 : Sent: Ready
2022-04-19 11:05:44,666 : Recieved: Sync
2022-04-19 11:05:44,669 : Sent: Ready
2022-04-19 11:05:49,736 : Recieved: Sync
2022-04-19 11:05:49,737 : Sent: Ready
2022-04-19 11:05:54,786 : Recieved: Sync
2022-04-19 11:05:54,788 : Sent: Ready
2022-04-19 11:05:59,855 : Recieved: Sync
2022-04-19 11:05:59,857 : Sent: Ready
2022-04-19 11:06:04,920 : Recieved: Sync
2022-04-19 11:06:04,921 : Sent: Ready
2022-04-19 11:06:09,964 : Recieved: Sync
2022-04-19 11:06:09,966 : Sent: Ready
2022-04-19 11:06:15,002 : Recieved: Sync
2022-04-19 11:06:15,004 : Sent: Ready
2022-04-19 11:06:20,053 : Recieved: Sync
2022-04-19 11:06:20,055 : Sent: Ready
2022-04-19 11:06:25,110 : Recieved: Sync
2022-04-19 11:06:25,111 : Sent: Ready
2022-04-19 11:06:30,149 : Recieved: Sync
2022-04-19 11:06:30,151 : Sent: Ready
2022-04-19 11:06:35,201 : Recieved: Sync
2022-04-19 11:06:35,202 : Sent: Ready
2022-04-19 11:06:40,249 : Recieved: Sync
2022-04-19 11:06:40,252 : Sent: Ready
2022-04-19 11:06:45,295 : Recieved: Sync
2022-04-19 11:06:45,297 : Sent: Ready
2022-04-19 11:06:50,333 : Recieved: Sync
2022-04-19 11:06:50,334 : Sent: Ready
2022-04-19 11:06:55,384 : Recieved: Sync
2022-04-19 11:06:55,385 : Sent: Ready
2022-04-19 11:07:00,450 : Recieved: Sync
2022-04-19 11:07:00,450 : Sent: Ready
2022-04-19 11:07:05,510 : Recieved: Sync
2022-04-19 11:07:05,512 : Sent: Ready
2022-04-19 11:07:10,596 : Recieved: Sync
2022-04-19 11:07:10,600 : Sent: Ready
2022-04-19 11:07:15,671 : Recieved: Sync
2022-04-19 11:07:15,674 : Sent: Ready
2022-04-19 11:07:20,734 : Recieved: Sync
2022-04-19 11:07:20,738 : Sent: Ready
2022-04-19 11:07:25,783 : Recieved: Sync
2022-04-19 11:07:25,785 : Sent: Ready
2022-04-19 11:07:31,202 : Recieved: Sync
2022-04-19 11:07:31,268 : Sent: Ready
2022-04-19 11:07:36,537 : Recieved: Sync
2022-04-19 11:07:36,539 : Sent: Ready
2022-04-19 11:07:41,556 : Recieved: Sync
2022-04-19 11:07:41,558 : Sent: Ready
2022-04-19 11:07:46,598 : Recieved: Sync
2022-04-19 11:07:46,601 : Sent: Ready
2022-04-19 11:07:51,631 : Recieved: Sync
2022-04-19 11:07:51,634 : Sent: Ready
2022-04-19 11:07:56,657 : Recieved: Sync
2022-04-19 11:07:56,662 : Sent: Ready
2022-04-19 11:07:58,038 : Recieved: S1.0
2022-04-19 11:07:58,055 : Recieved: 10934.422947270428
2022-04-19 11:07:58,059 : Sent: Moving
2022-04-19 11:07:58,063 : Sent: 0.0
2022-04-19 11:07:58,332 : Sent: 1214.9358830300475
2022-04-19 11:07:58,659 : Sent: 2429.871766060095
2022-04-19 11:07:58,930 : Sent: 3644.8076490901426
2022-04-19 11:07:59,186 : Sent: 4859.74353212019
2022-04-19 11:07:59,449 : Sent: 6074.679415150238
2022-04-19 11:07:59,716 : Sent: 7289.615298180285
2022-04-19 11:07:59,980 : Sent: 8504.551181210332
2022-04-19 11:08:00,261 : Sent: 9719.48706424038
2022-04-19 11:08:00,528 : Sent: 10934.422947270428
2022-04-19 11:08:00,792 : Sent: 10934.422947270428
2022-04-19 11:08:00,793 : Sent: Ready
2022-04-19 11:08:01,667 : Recieved: Sync
2022-04-19 11:08:01,670 : Sent: Ready
2022-04-19 11:08:06,684 : Recieved: Sync
2022-04-19 11:08:06,686 : Sent: Ready
2022-04-19 11:08:11,695 : Recieved: Sync
2022-04-19 11:08:11,697 : Sent: Ready
2022-04-19 11:08:16,741 : Recieved: Sync
2022-04-19 11:08:16,743 : Sent: Ready
2022-04-19 11:08:21,799 : Recieved: Sync
2022-04-19 11:08:21,800 : Sent: Ready
2022-04-19 11:08:26,698 : Recieved: S1.0
2022-04-19 11:08:26,701 : Recieved: 8959.176497809243
2022-04-19 11:08:26,703 : Sent: Moving
2022-04-19 11:08:26,705 : Sent: 10934.422947270428
2022-04-19 11:08:26,980 : Sent: 10714.95111955252
2022-04-19 11:08:27,298 : Sent: 10495.47929183461
2022-04-19 11:08:27,690 : Sent: 10276.0074641167
2022-04-19 11:08:28,112 : Sent: 10056.53563639879
2022-04-19 11:08:28,459 : Sent: 9837.063808680881
2022-04-19 11:08:28,775 : Sent: 9617.591980962972
2022-04-19 11:08:29,117 : Sent: 9398.120153245061
2022-04-19 11:08:29,416 : Sent: 9178.648325527152
2022-04-19 11:08:29,699 : Sent: 8959.176497809243
2022-04-19 11:08:30,057 : Sent: 8959.176497809243
2022-04-19 11:08:30,213 : Sent: Ready
2022-04-19 11:08:30,229 : Recieved: S1.0
2022-04-19 11:08:30,259 : Recieved: 9083.311296379397
2022-04-19 11:08:30,307 : Sent: Moving
2022-04-19 11:08:30,384 : Sent: 8959.176497809243
2022-04-19 11:08:30,666 : Sent: 8972.969253205927
2022-04-19 11:08:30,928 : Sent: 8986.76200860261
2022-04-19 11:08:31,194 : Sent: 9000.554763999295
2022-04-19 11:08:31,460 : Sent: 9014.347519395978
2022-04-19 11:08:31,742 : Sent: 9028.140274792662
2022-04-19 11:08:32,073 : Sent: 9041.933030189346
2022-04-19 11:08:32,561 : Sent: 9055.72578558603
2022-04-19 11:08:33,098 : Sent: 9069.518540982714
2022-04-19 11:08:33,459 : Sent: 9083.311296379397
2022-04-19 11:08:33,743 : Sent: 9083.311296379397
2022-04-19 11:08:33,869 : Sent: Ready
2022-04-19 11:08:33,870 : Recieved: Sync
2022-04-19 11:08:33,917 : Sent: Ready
2022-04-19 11:08:35,393 : Recieved: Sync
2022-04-19 11:08:35,395 : Sent: Ready
2022-04-19 11:08:40,668 : Recieved: Sync
2022-04-19 11:08:40,684 : Sent: Ready
2022-04-19 11:08:45,745 : Recieved: Sync
2022-04-19 11:08:45,777 : Sent: Ready
2022-04-19 11:08:50,796 : Recieved: Sync
2022-04-19 11:08:50,809 : Sent: Ready
2022-04-19 11:08:55,920 : Recieved: Sync
2022-04-19 11:08:55,967 : Sent: Ready
2022-04-19 11:09:01,024 : Recieved: Sync
2022-04-19 11:09:01,025 : Sent: Ready
2022-04-19 11:09:06,068 : Recieved: Sync
2022-04-19 11:09:06,070 : Sent: Ready
2022-04-19 11:09:11,113 : Recieved: Sync
2022-04-19 11:09:11,114 : Sent: Ready
2022-04-19 11:09:16,176 : Recieved: Sync
2022-04-19 11:09:16,177 : Sent: Ready
2022-04-19 11:09:21,226 : Recieved: Sync
2022-04-19 11:09:21,227 : Sent: Ready
2022-04-19 11:09:26,269 : Recieved: Sync
2022-04-19 11:09:26,285 : Sent: Ready
2022-04-19 11:09:31,316 : Recieved: Sync
2022-04-19 11:09:31,317 : Sent: Ready
2022-04-19 11:09:36,363 : Recieved: Sync
2022-04-19 11:09:36,365 : Sent: Ready
2022-04-19 11:09:41,419 : Recieved: Sync
2022-04-19 11:09:41,421 : Sent: Ready
2022-04-19 11:09:46,465 : Recieved: Sync
2022-04-19 11:09:46,467 : Sent: Ready
2022-04-19 11:09:51,517 : Recieved: Sync
2022-04-19 11:09:51,518 : Sent: Ready
2022-04-19 11:09:56,548 : Recieved: Sync
2022-04-19 11:09:56,550 : Sent: Ready
2022-04-19 11:10:01,588 : Recieved: Sync
2022-04-19 11:10:01,590 : Sent: Ready
2022-04-19 11:10:06,630 : Recieved: Sync
2022-04-19 11:10:06,633 : Sent: Ready
2022-04-19 11:10:11,669 : Recieved: Sync
2022-04-19 11:10:11,671 : Sent: Ready
2022-04-19 11:10:16,715 : Recieved: Sync
2022-04-19 11:10:16,717 : Sent: Ready
2022-04-19 11:10:21,747 : Recieved: Sync
2022-04-19 11:10:21,750 : Sent: Ready
2022-04-19 11:10:26,798 : Recieved: Sync
2022-04-19 11:10:26,799 : Sent: Ready
2022-04-19 11:10:31,839 : Recieved: Sync
2022-04-19 11:10:31,841 : Sent: Ready
2022-04-19 11:10:36,877 : Recieved: Sync
2022-04-19 11:10:36,879 : Sent: Ready
2022-04-19 11:10:41,909 : Recieved: Sync
2022-04-19 11:10:41,912 : Sent: Ready
2022-04-19 11:10:46,954 : Recieved: Sync
2022-04-19 11:10:46,956 : Sent: Ready
2022-04-19 11:10:52,003 : Recieved: Sync
2022-04-19 11:10:52,006 : Sent: Ready
2022-04-19 11:10:57,066 : Recieved: Sync
2022-04-19 11:10:57,067 : Sent: Ready
2022-04-19 11:11:02,110 : Recieved: Sync
2022-04-19 11:11:02,112 : Sent: Ready
2022-04-19 11:11:07,150 : Recieved: Sync
2022-04-19 11:11:07,151 : Sent: Ready
2022-04-19 11:11:12,199 : Recieved: Sync
2022-04-19 11:11:12,201 : Sent: Ready
2022-04-19 11:11:17,247 : Recieved: Sync
2022-04-19 11:11:17,249 : Sent: Ready
2022-04-19 11:11:22,311 : Recieved: Sync
2022-04-19 11:11:22,312 : Sent: Ready
2022-04-19 11:11:27,363 : Recieved: Sync
2022-04-19 11:11:27,364 : Sent: Ready
2022-04-19 11:11:32,405 : Recieved: Sync
2022-04-19 11:11:32,407 : Sent: Ready
2022-04-19 11:11:37,453 : Recieved: Sync
2022-04-19 11:11:37,455 : Sent: Ready
2022-04-19 11:11:42,496 : Recieved: Sync
2022-04-19 11:11:42,499 : Sent: Ready
2022-04-19 11:11:47,560 : Recieved: Sync
2022-04-19 11:11:47,562 : Sent: Ready
2022-04-19 11:11:52,599 : Recieved: Sync
2022-04-19 11:11:52,601 : Sent: Ready
2022-04-19 11:11:57,653 : Recieved: Sync
2022-04-19 11:11:57,655 : Sent: Ready
2022-04-19 11:12:02,703 : Recieved: Sync
2022-04-19 11:12:02,705 : Sent: Ready
2022-04-19 11:12:07,745 : Recieved: Sync
2022-04-19 11:12:07,747 : Sent: Ready
2022-04-19 11:12:12,794 : Recieved: Sync
2022-04-19 11:12:12,795 : Sent: Ready
2022-04-19 11:12:17,844 : Recieved: Sync
2022-04-19 11:12:17,846 : Sent: Ready
2022-04-19 11:12:22,880 : Recieved: Sync
2022-04-19 11:12:22,882 : Sent: Ready
2022-04-19 11:12:27,930 : Recieved: Sync
2022-04-19 11:12:27,933 : Sent: Ready
2022-04-19 11:12:32,979 : Recieved: Sync
2022-04-19 11:12:32,981 : Sent: Ready
2022-04-19 11:12:38,039 : Recieved: Sync
2022-04-19 11:12:38,041 : Sent: Ready
2022-04-19 11:12:43,070 : Recieved: Sync
2022-04-19 11:12:43,072 : Sent: Ready
2022-04-19 11:12:48,133 : Recieved: Sync
2022-04-19 11:12:48,134 : Sent: Ready
2022-04-19 11:12:53,189 : Recieved: Sync
2022-04-19 11:12:53,191 : Sent: Ready
2022-04-19 11:12:58,233 : Recieved: Sync
2022-04-19 11:12:58,235 : Sent: Ready
2022-04-19 11:13:03,295 : Recieved: Sync
2022-04-19 11:13:03,297 : Sent: Ready
2022-04-19 11:13:08,337 : Recieved: Sync
2022-04-19 11:13:08,340 : Sent: Ready
2022-04-19 11:13:13,389 : Recieved: Sync
2022-04-19 11:13:13,392 : Sent: Ready
2022-04-19 11:13:18,448 : Recieved: Sync
2022-04-19 11:13:18,450 : Sent: Ready
2022-04-19 11:13:23,489 : Recieved: Sync
2022-04-19 11:13:23,491 : Sent: Ready
2022-04-19 11:13:28,533 : Recieved: Sync
2022-04-19 11:13:28,535 : Sent: Ready
2022-04-19 11:13:33,571 : Recieved: Sync
2022-04-19 11:13:33,572 : Sent: Ready
2022-04-19 11:13:38,611 : Recieved: Sync
2022-04-19 11:13:38,614 : Sent: Ready
2022-04-19 11:13:43,657 : Recieved: Sync
2022-04-19 11:13:43,659 : Sent: Ready
2022-04-19 11:13:48,711 : Recieved: Sync
2022-04-19 11:13:48,713 : Sent: Ready
2022-04-19 11:13:53,748 : Recieved: Sync
2022-04-19 11:13:53,750 : Sent: Ready
2022-04-19 11:13:58,808 : Recieved: Sync
2022-04-19 11:13:58,810 : Sent: Ready
2022-04-19 11:14:03,867 : Recieved: Sync
2022-04-19 11:14:03,869 : Sent: Ready
2022-04-19 11:14:08,913 : Recieved: Sync
2022-04-19 11:14:08,915 : Sent: Ready
2022-04-19 11:14:13,963 : Recieved: Sync
2022-04-19 11:14:13,964 : Sent: Ready
2022-04-19 11:14:19,008 : Recieved: Sync
2022-04-19 11:14:19,010 : Sent: Ready
2022-04-19 11:14:24,054 : Recieved: Sync
2022-04-19 11:14:24,056 : Sent: Ready
2022-04-19 11:14:29,084 : Recieved: Sync
2022-04-19 11:14:29,086 : Sent: Ready
2022-04-19 11:14:34,119 : Recieved: Sync
2022-04-19 11:14:34,122 : Sent: Ready
2022-04-19 11:14:39,152 : Recieved: Sync
2022-04-19 11:14:39,154 : Sent: Ready
2022-04-19 11:14:44,174 : Recieved: Sync
2022-04-19 11:14:44,177 : Sent: Ready
2022-04-19 11:14:49,191 : Recieved: Sync
2022-04-19 11:14:49,192 : Sent: Ready
2022-04-19 11:14:54,211 : Recieved: Sync
2022-04-19 11:14:54,214 : Sent: Ready
2022-04-19 11:14:59,225 : Recieved: Sync
2022-04-19 11:14:59,227 : Sent: Ready
2022-04-19 11:15:04,266 : Recieved: Sync
2022-04-19 11:15:04,269 : Sent: Ready
2022-04-19 11:15:09,291 : Recieved: Sync
2022-04-19 11:15:09,293 : Sent: Ready
2022-04-19 11:15:14,304 : Recieved: Sync
2022-04-19 11:15:14,304 : Sent: Ready
2022-04-19 11:15:19,319 : Recieved: Sync
2022-04-19 11:15:19,320 : Sent: Ready
2022-04-19 11:15:24,330 : Recieved: Sync
2022-04-19 11:15:24,332 : Sent: Ready
2022-04-19 11:15:29,348 : Recieved: Sync
2022-04-19 11:15:29,351 : Sent: Ready
2022-04-19 11:15:34,368 : Recieved: Sync
2022-04-19 11:15:34,370 : Sent: Ready
2022-04-19 11:15:39,385 : Recieved: Sync
2022-04-19 11:15:39,389 : Sent: Ready
2022-04-19 11:15:44,405 : Recieved: Sync
2022-04-19 11:15:44,408 : Sent: Ready
2022-04-19 11:15:49,530 : Recieved: Sync
2022-04-19 11:15:49,533 : Sent: Ready
2022-04-19 11:15:54,545 : Recieved: Sync
2022-04-19 11:15:54,548 : Sent: Ready
2022-04-19 11:15:59,560 : Recieved: Sync
2022-04-19 11:15:59,562 : Sent: Ready
2022-04-19 11:16:04,572 : Recieved: Sync
2022-04-19 11:16:04,574 : Sent: Ready
2022-04-19 11:16:09,591 : Recieved: Sync
2022-04-19 11:16:09,594 : Sent: Ready
2022-04-19 11:16:14,612 : Recieved: Sync
2022-04-19 11:16:14,617 : Sent: Ready
2022-04-19 11:16:19,632 : Recieved: Sync
2022-04-19 11:16:19,633 : Sent: Ready
2022-04-19 11:16:24,639 : Recieved: Sync
2022-04-19 11:16:24,643 : Sent: Ready
2022-04-19 11:16:29,651 : Recieved: Sync
2022-04-19 11:16:29,654 : Sent: Ready
2022-04-19 11:16:34,656 : Recieved: Sync
2022-04-19 11:16:34,657 : Sent: Ready
2022-04-19 11:16:39,681 : Recieved: Sync
2022-04-19 11:16:39,683 : Sent: Ready
2022-04-19 11:16:44,703 : Recieved: Sync
2022-04-19 11:16:44,706 : Sent: Ready
2022-04-19 11:16:49,718 : Recieved: Sync
2022-04-19 11:16:49,720 : Sent: Ready
2022-04-19 11:16:54,744 : Recieved: Sync
2022-04-19 11:16:54,746 : Sent: Ready
2022-04-19 11:16:59,762 : Recieved: Sync
2022-04-19 11:16:59,764 : Sent: Ready
2022-04-19 11:17:04,787 : Recieved: Sync
2022-04-19 11:17:04,789 : Sent: Ready
2022-04-19 11:17:09,810 : Recieved: Sync
2022-04-19 11:17:09,812 : Sent: Ready
2022-04-19 11:17:14,827 : Recieved: Sync
2022-04-19 11:17:14,829 : Sent: Ready
2022-04-19 11:17:19,841 : Recieved: Sync
2022-04-19 11:17:19,845 : Sent: Ready
2022-04-19 11:17:24,882 : Recieved: Sync
2022-04-19 11:17:24,888 : Sent: Ready
2022-04-19 11:17:29,930 : Recieved: Sync
2022-04-19 11:17:29,934 : Sent: Ready
2022-04-19 11:17:34,964 : Recieved: Sync
2022-04-19 11:17:34,967 : Sent: Ready
2022-04-19 11:17:40,004 : Recieved: Sync
2022-04-19 11:17:40,007 : Sent: Ready
2022-04-19 11:17:45,025 : Recieved: Sync
2022-04-19 11:17:45,028 : Sent: Ready
2022-04-19 11:17:50,068 : Recieved: Sync
2022-04-19 11:17:50,071 : Sent: Ready
2022-04-19 11:17:55,100 : Recieved: Sync
2022-04-19 11:17:55,104 : Sent: Ready
2022-04-19 11:18:00,161 : Recieved: Sync
2022-04-19 11:18:00,163 : Sent: Ready
2022-04-19 11:18:05,173 : Recieved: Sync
2022-04-19 11:18:05,175 : Sent: Ready
2022-04-19 11:18:10,198 : Recieved: Sync
2022-04-19 11:18:10,201 : Sent: Ready
2022-04-19 11:18:15,251 : Recieved: Sync
2022-04-19 11:18:15,256 : Sent: Ready
2022-04-19 11:18:20,304 : Recieved: Sync
2022-04-19 11:18:20,308 : Sent: Ready
2022-04-19 11:18:25,374 : Recieved: Sync
2022-04-19 11:18:25,378 : Sent: Ready
2022-04-19 11:18:30,435 : Recieved: Sync
2022-04-19 11:18:30,440 : Sent: Ready
2022-04-19 11:18:35,500 : Recieved: Sync
2022-04-19 11:18:35,503 : Sent: Ready
2022-04-19 11:18:40,559 : Recieved: Sync
2022-04-19 11:18:40,562 : Sent: Ready
2022-04-19 11:18:45,607 : Recieved: Sync
2022-04-19 11:18:45,611 : Sent: Ready
2022-04-19 11:18:50,674 : Recieved: Sync
2022-04-19 11:18:50,677 : Sent: Ready
2022-04-19 11:18:55,752 : Recieved: Sync
2022-04-19 11:18:55,754 : Sent: Ready
2022-04-19 11:19:00,815 : Recieved: Sync
2022-04-19 11:19:00,817 : Sent: Ready
2022-04-19 11:19:05,875 : Recieved: Sync
2022-04-19 11:19:05,879 : Sent: Ready
2022-04-19 11:19:10,937 : Recieved: Sync
2022-04-19 11:19:10,939 : Sent: Ready
2022-04-19 11:19:16,011 : Recieved: Sync
2022-04-19 11:19:16,013 : Sent: Ready
2022-04-19 11:19:21,028 : Recieved: Sync
2022-04-19 11:19:21,030 : Sent: Ready
2022-04-19 11:19:26,061 : Recieved: Sync
2022-04-19 11:19:26,067 : Sent: Ready
2022-04-19 11:19:31,134 : Recieved: Sync
2022-04-19 11:19:31,137 : Sent: Ready
2022-04-19 11:19:36,171 : Recieved: Sync
2022-04-19 11:19:36,173 : Sent: Ready
2022-04-19 11:19:41,219 : Recieved: Sync
2022-04-19 11:19:41,222 : Sent: Ready
2022-04-19 11:19:46,275 : Recieved: Sync
2022-04-19 11:19:46,276 : Sent: Ready
2022-04-19 11:19:51,322 : Recieved: Sync
2022-04-19 11:19:51,324 : Sent: Ready
2022-04-19 11:19:56,349 : Recieved: Sync
2022-04-19 11:19:56,350 : Sent: Ready
2022-04-19 11:20:01,407 : Recieved: Sync
2022-04-19 11:20:01,410 : Sent: Ready
2022-04-19 11:20:06,458 : Recieved: Sync
2022-04-19 11:20:06,461 : Sent: Ready
2022-04-19 11:20:11,513 : Recieved: Sync
2022-04-19 11:20:11,518 : Sent: Ready
2022-04-19 11:20:16,564 : Recieved: Sync
2022-04-19 11:20:16,568 : Sent: Ready
2022-04-19 11:20:21,600 : Recieved: Sync
2022-04-19 11:20:21,604 : Sent: Ready
2022-04-19 11:20:26,634 : Recieved: Sync
2022-04-19 11:20:26,638 : Sent: Ready
2022-04-19 11:20:31,678 : Recieved: Sync
2022-04-19 11:20:31,681 : Sent: Ready
2022-04-19 11:20:36,706 : Recieved: Sync
2022-04-19 11:20:36,709 : Sent: Ready
2022-04-19 11:20:41,736 : Recieved: Sync
2022-04-19 11:20:41,737 : Sent: Ready
2022-04-19 11:20:46,790 : Recieved: Sync
2022-04-19 11:20:46,793 : Sent: Ready
2022-04-19 11:20:51,860 : Recieved: Sync
2022-04-19 11:20:51,862 : Sent: Ready
2022-04-19 11:20:56,913 : Recieved: Sync
2022-04-19 11:20:56,915 : Sent: Ready
2022-04-19 11:21:01,966 : Recieved: Sync
2022-04-19 11:21:01,969 : Sent: Ready
2022-04-19 11:21:07,031 : Recieved: Sync
2022-04-19 11:21:07,034 : Sent: Ready
2022-04-19 11:21:12,097 : Recieved: Sync
2022-04-19 11:21:12,100 : Sent: Ready
2022-04-19 11:21:17,179 : Recieved: Sync
2022-04-19 11:21:17,182 : Sent: Ready
2022-04-19 11:21:22,247 : Recieved: Sync
2022-04-19 11:21:22,248 : Sent: Ready
2022-04-19 11:21:27,313 : Recieved: Sync
2022-04-19 11:21:27,316 : Sent: Ready
2022-04-19 11:21:32,387 : Recieved: Sync
2022-04-19 11:21:32,390 : Sent: Ready
2022-04-19 11:21:37,451 : Recieved: Sync
2022-04-19 11:21:37,454 : Sent: Ready
2022-04-19 11:21:42,521 : Recieved: Sync
2022-04-19 11:21:42,526 : Sent: Ready
2022-04-19 11:21:47,609 : Recieved: Sync
2022-04-19 11:21:47,610 : Sent: Ready
2022-04-19 11:21:52,666 : Recieved: Sync
2022-04-19 11:21:52,671 : Sent: Ready
2022-04-19 11:21:57,733 : Recieved: Sync
2022-04-19 11:21:57,736 : Sent: Ready
2022-04-19 11:22:02,823 : Recieved: Sync
2022-04-19 11:22:02,825 : Sent: Ready
2022-04-19 11:22:07,886 : Recieved: Sync
2022-04-19 11:22:07,891 : Sent: Ready
2022-04-19 11:22:12,962 : Recieved: Sync
2022-04-19 11:22:12,979 : Sent: Ready
2022-04-19 11:22:18,045 : Recieved: Sync
2022-04-19 11:22:18,047 : Sent: Ready
2022-04-19 11:22:23,104 : Recieved: Sync
2022-04-19 11:22:23,107 : Sent: Ready
2022-04-19 11:22:28,174 : Recieved: Sync
2022-04-19 11:22:28,178 : Sent: Ready
2022-04-19 11:22:33,242 : Recieved: Sync
2022-04-19 11:22:33,246 : Sent: Ready
2022-04-19 11:22:38,308 : Recieved: Sync
2022-04-19 11:22:38,312 : Sent: Ready
2022-04-19 11:22:43,367 : Recieved: Sync
2022-04-19 11:22:43,372 : Sent: Ready
2022-04-19 11:22:48,428 : Recieved: Sync
2022-04-19 11:22:48,432 : Sent: Ready
2022-04-19 11:22:53,502 : Recieved: Sync
2022-04-19 11:22:53,506 : Sent: Ready
2022-04-19 11:22:58,578 : Recieved: Sync
2022-04-19 11:22:58,581 : Sent: Ready
2022-04-19 11:23:03,643 : Recieved: Sync
2022-04-19 11:23:03,647 : Sent: Ready
2022-04-19 11:23:08,720 : Recieved: Sync
2022-04-19 11:23:08,725 : Sent: Ready
2022-04-19 11:23:13,789 : Recieved: Sync
2022-04-19 11:23:13,791 : Sent: Ready
2022-04-19 11:23:18,852 : Recieved: Sync
2022-04-19 11:23:18,856 : Sent: Ready
2022-04-19 12:03:39,770 : Recieved: Sync
2022-04-19 12:03:41,849 : Sent: Ready
2022-04-19 12:03:46,895 : Recieved: Sync
2022-04-19 12:03:46,898 : Sent: Ready
2022-04-19 12:03:51,915 : Recieved: Sync
2022-04-19 12:03:51,928 : Sent: Ready
2022-04-19 12:03:57,159 : Recieved: Sync
2022-04-19 12:03:57,162 : Sent: Ready
2022-04-19 12:04:02,175 : Recieved: Sync
2022-04-19 12:04:02,198 : Sent: Ready
2022-04-19 12:04:07,215 : Recieved: Sync
2022-04-19 12:04:07,224 : Sent: Ready
2022-04-19 12:04:12,236 : Recieved: Sync
2022-04-19 12:04:12,244 : Sent: Ready
2022-04-19 12:04:17,259 : Recieved: Sync
2022-04-19 12:04:17,262 : Sent: Ready
2022-04-19 12:04:22,278 : Recieved: Sync
2022-04-19 12:04:22,284 : Sent: Ready
2022-04-19 12:04:27,297 : Recieved: Sync
2022-04-19 12:04:27,303 : Sent: Ready
2022-04-19 12:04:32,308 : Recieved: Sync
2022-04-19 12:04:32,311 : Sent: Ready
2022-04-19 12:04:37,325 : Recieved: Sync
2022-04-19 12:04:37,328 : Sent: Ready
2022-04-19 12:04:42,345 : Recieved: Sync
2022-04-19 12:04:42,348 : Sent: Ready
2022-04-19 12:04:47,352 : Recieved: Sync
2022-04-19 12:04:47,359 : Sent: Ready
2022-04-19 12:04:52,375 : Recieved: Sync
2022-04-19 12:04:52,396 : Sent: Ready
2022-04-19 12:04:57,417 : Recieved: Sync
2022-04-19 12:04:57,421 : Sent: Ready
2022-04-19 12:05:02,439 : Recieved: Sync
2022-04-19 12:05:02,441 : Sent: Ready
2022-04-19 12:05:07,469 : Recieved: Sync
2022-04-19 12:05:07,471 : Sent: Ready
2022-04-19 12:05:12,487 : Recieved: Sync
2022-04-19 12:05:12,489 : Sent: Ready
2022-04-19 12:05:17,503 : Recieved: Sync
2022-04-19 12:05:17,505 : Sent: Ready
2022-04-19 12:05:22,529 : Recieved: Sync
2022-04-19 12:05:22,532 : Sent: Ready
2022-04-19 12:05:27,557 : Recieved: Sync
2022-04-19 12:05:27,558 : Sent: Ready
