2022-04-19 14:36:47,178 : Loading 'motor_list.csv'...
2022-04-19 14:36:47,201 : Presets: {}
2022-04-19 14:36:47,205 : Test Mic 1: [0 0 0] in
2022-04-19 14:36:47,251 : Test Mic 2: [0 0 0] in
2022-04-19 14:42:23,548 : Test Mic 1 is at [50.47 83.22  3.38] inches
2022-04-19 14:42:23,591 : Test Mic 1 is at [50.47 83.22  3.39] inches
2022-04-19 14:42:23,762 : Test Mic 1 is at [50.47 83.22  3.38] inches
2022-04-19 14:42:23,923 : Test Mic 1 is at [50.47 83.22  3.39] inches
2022-04-19 14:42:24,323 : Test Mic 1 is at [50.48 83.22  3.38] inches
2022-04-19 14:42:24,391 : Test Mic 1 is at [50.48 83.22  3.39] inches
2022-04-19 14:42:25,054 : Test Mic 1 is at [50.48 83.22  3.38] inches
2022-04-19 14:42:25,626 : Test Mic 1 is at [50.48 83.22  3.38] inches
2022-04-19 14:42:25,715 : Test Mic 1 is at [50.48 83.22  3.38] inches
2022-04-19 14:42:27,165 : Test Mic 1 is at [50.48 83.22  3.38] inches
2022-04-19 14:42:27,274 : Test Mic 1 is at [50.48 83.22  3.38] inches
2022-04-19 14:42:27,859 : Test Mic 1 is at [50.48 83.22  3.38] inches
2022-04-19 14:42:33,378 : Test Mic 1 is at [50.48 83.22  3.37] inches
2022-04-19 14:42:33,480 : Test Mic 1 is at [50.48 83.22  3.38] inches
2022-04-19 14:42:33,575 : Test Mic 1 is at [50.48 83.22  3.37] inches
2022-04-19 14:42:33,993 : Test Mic 1 is at [50.48 83.22  3.37] inches
2022-04-19 14:42:34,641 : Test Mic 1 is at [50.48 83.22  3.37] inches
2022-04-19 14:42:34,681 : Test Mic 1 is at [50.48 83.22  3.37] inches
2022-04-19 14:42:34,742 : Test Mic 1 is at [50.48 83.22  3.37] inches
2022-04-19 14:42:35,502 : Test Mic 1 is at [50.49 83.23  3.38] inches
2022-04-19 14:42:41,215 : Test Mic 1 is at [50.49 83.23  3.38] inches
2022-04-19 14:42:41,268 : Test Mic 1 is at [50.49 83.23  3.38] inches
2022-04-19 14:42:41,327 : Test Mic 1 is at [50.49 83.23  3.38] inches
2022-04-19 14:42:41,831 : Test Mic 1 is at [50.49 83.23  3.38] inches
2022-04-19 14:42:42,272 : Test Mic 1 is at [50.49 83.23  3.38] inches
2022-04-19 14:42:42,331 : Test Mic 1 is at [50.49 83.23  3.38] inches
2022-04-19 14:42:42,922 : Test Mic 1 is at [50.49 83.23  3.37] inches
2022-04-19 14:42:45,115 : Test Mic 1 is at [50.49 83.23  3.38] inches
2022-04-19 14:42:45,164 : Test Mic 1 is at [50.49 83.22  3.37] inches
2022-04-19 14:42:45,581 : Test Mic 1 is at [50.48 83.22  3.38] inches
2022-04-19 14:42:47,268 : Test Mic 1 is at [50.48 83.22  3.38] inches
2022-04-19 14:42:47,299 : Test Mic 1 is at [50.48 83.22  3.38] inches
2022-04-19 14:42:47,385 : Test Mic 1 is at [50.48 83.21  3.37] inches
2022-04-19 14:42:47,844 : Test Mic 1 is at [50.48 83.21  3.37] inches
2022-04-19 14:42:51,638 : Test Mic 1 is at [50.48 83.20  3.38] inches
2022-04-19 14:42:51,730 : Test Mic 1 is at [50.48 83.20  3.37] inches
2022-04-19 14:42:52,225 : Test Mic 1 is at [50.48 83.20  3.37] inches
2022-04-19 14:42:52,921 : Test Mic 1 is at [50.48 83.20  3.37] inches
2022-04-19 14:42:53,069 : Test Mic 1 is at [50.48 83.21  3.37] inches
2022-04-19 14:42:53,649 : Test Mic 1 is at [50.49 83.21  3.36] inches
2022-04-19 14:43:03,636 : Test Mic 1 is at [50.49 83.22  3.36] inches
2022-04-19 14:43:03,998 : Test Mic 1 is at [50.49 83.22  3.36] inches
2022-04-19 14:47:40,969 : Moving Test Mic 1 [ 0.  0. 12.] inches
2022-04-19 14:47:41,369 : Test Mic 1 is at [ 54.47  53.50 -46.99] inches
2022-04-19 14:47:41,428 : Test Mic 1 is at [ 54.47  53.50 -46.99] inches
2022-04-19 14:47:41,499 : Test Mic 1 is at [ 54.18  53.52 -46.92] inches
2022-04-19 14:47:41,539 : Test Mic 1 is at [ 54.18  53.52 -46.92] inches
2022-04-19 14:47:41,600 : Test Mic 1 is at [ 53.88  53.54 -46.84] inches
2022-04-19 14:47:41,663 : Test Mic 1 is at [ 53.57  53.55 -46.75] inches
2022-04-19 14:47:41,718 : Test Mic 1 is at [ 53.52  53.47 -46.57] inches
2022-04-19 14:47:41,724 : Test Mic 1 is at [ 53.82  53.46 -46.65] inches
2022-04-19 14:47:41,759 : Test Mic 1 is at [ 53.51  53.52 -46.54] inches
2022-04-19 14:47:41,875 : Test Mic 1 is at [ 53.84  53.39 -46.40] inches
2022-04-19 14:47:41,877 : Test Mic 1 is at [ 53.54  53.40 -46.32] inches
2022-04-19 14:47:41,905 : Test Mic 1 is at [ 53.48  53.72 -46.13] inches
2022-04-19 14:47:41,910 : Test Mic 1 is at [ 53.48  53.72 -46.13] inches
2022-04-19 14:47:41,960 : Test Mic 1 is at [ 53.48  53.72 -46.13] inches
2022-04-19 14:47:42,009 : Test Mic 1 is at [ 53.41  54.07 -45.93] inches
2022-04-19 14:47:42,096 : Test Mic 1 is at [ 53.74  53.94 -45.79] inches
2022-04-19 14:47:42,151 : Test Mic 1 is at [ 53.67  54.28 -45.58] inches
2022-04-19 14:47:42,175 : Test Mic 1 is at [ 54.00  54.15 -45.44] inches
2022-04-19 14:47:42,191 : Test Mic 1 is at [ 53.68  54.16 -45.31] inches
2022-04-19 14:47:42,204 : Test Mic 1 is at [ 53.62  54.50 -45.10] inches
2022-04-19 14:47:42,240 : Test Mic 1 is at [ 53.56  54.48 -44.93] inches
2022-04-19 14:47:42,241 : Test Mic 1 is at [ 53.70  54.17 -45.36] inches
2022-04-19 14:47:42,254 : Test Mic 1 is at [ 53.83  54.70 -44.58] inches
2022-04-19 14:47:42,268 : Test Mic 1 is at [ 53.89  54.35 -44.79] inches
2022-04-19 14:47:42,290 : Test Mic 1 is at [ 53.77  54.68 -44.41] inches
2022-04-19 14:47:42,346 : Test Mic 1 is at [ 53.47  54.69 -44.32] inches
2022-04-19 14:47:42,411 : Test Mic 1 is at [ 53.40  55.03 -44.11] inches
2022-04-19 14:47:42,462 : Test Mic 1 is at [ 53.73  54.91 -43.97] inches
2022-04-19 14:47:42,613 : Test Mic 1 is at [ 53.66  54.89 -43.79] inches
2022-04-19 14:47:42,650 : Test Mic 1 is at [ 53.72  54.91 -43.97] inches
2022-04-19 14:47:42,753 : Test Mic 1 is at [ 53.60  55.23 -43.58] inches
2022-04-19 14:47:42,914 : Test Mic 1 is at [ 53.92  55.10 -43.44] inches
2022-04-19 14:47:43,022 : Test Mic 1 is at [ 53.86  55.08 -43.26] inches
2022-04-19 14:47:43,142 : Test Mic 1 is at [ 53.57  55.10 -43.18] inches
2022-04-19 14:47:43,478 : Test Mic 1 is at [ 53.57  55.09 -43.17] inches
2022-04-19 14:47:43,680 : Test Mic 1 is at [ 53.55  55.18 -43.12] inches
2022-04-19 14:47:43,725 : Test Mic 1 is at [ 53.87  55.06 -42.98] inches
2022-04-19 14:47:43,811 : Test Mic 1 is at [ 53.57  55.07 -42.90] inches
2022-04-19 14:47:43,869 : Test Mic 1 is at [ 53.52  55.05 -42.72] inches
2022-04-19 14:47:43,959 : Test Mic 1 is at [ 53.68  55.76 -42.03] inches
2022-04-19 14:47:44,032 : Test Mic 1 is at [ 53.36  55.88 -42.17] inches
2022-04-19 14:47:44,125 : Test Mic 1 is at [ 53.39  55.77 -41.94] inches
2022-04-19 14:47:44,362 : Test Mic 1 is at [ 53.33  55.75 -41.76] inches
2022-04-19 14:47:44,569 : Test Mic 1 is at [ 53.65  55.63 -41.62] inches
2022-04-19 14:47:45,015 : Test Mic 1 is at [ 53.30  55.62 -41.35] inches
2022-04-19 14:47:45,016 : Test Mic 1 is at [ 53.36  55.64 -41.53] inches
2022-04-19 14:47:45,390 : Test Mic 1 is at [ 53.61  55.50 -41.21] inches
2022-04-19 14:47:45,509 : Test Mic 1 is at [ 53.55  55.48 -41.03] inches
2022-04-19 14:47:45,740 : Test Mic 1 is at [ 53.26  55.50 -40.94] inches
2022-04-19 14:47:45,782 : Test Mic 1 is at [ 53.21  55.48 -40.75] inches
2022-04-19 14:47:45,807 : Test Mic 1 is at [ 52.92  55.49 -40.66] inches
2022-04-19 14:47:45,977 : Test Mic 1 is at [ 52.64  55.51 -40.57] inches
2022-04-19 14:47:46,005 : Test Mic 1 is at [ 53.26  55.50 -40.94] inches
2022-04-19 14:47:46,021 : Test Mic 1 is at [ 52.58  55.49 -40.39] inches
2022-04-19 14:47:46,178 : Test Mic 1 is at [ 52.40  55.50 -40.33] inches
2022-04-19 14:47:46,260 : Test Mic 1 is at [ 52.71  55.38 -40.19] inches
2022-04-19 14:47:46,471 : Test Mic 1 is at [ 52.65  55.36 -40.01] inches
2022-04-19 14:47:46,478 : Test Mic 1 is at [ 51.95  55.39 -39.77] inches
2022-04-19 14:47:46,497 : Test Mic 1 is at [ 51.89  55.37 -39.58] inches
2022-04-19 14:47:46,697 : Test Mic 1 is at [ 52.20  55.25 -39.45] inches
2022-04-19 14:47:46,799 : Test Mic 1 is at [ 52.44  55.12 -39.13] inches
2022-04-19 14:47:46,863 : Test Mic 1 is at [ 52.14  55.23 -39.26] inches
2022-04-19 14:47:46,913 : Test Mic 1 is at [ 52.39  55.10 -38.93] inches
2022-04-19 14:47:46,966 : Test Mic 1 is at [ 52.45  55.11 -39.12] inches
2022-04-19 14:47:46,971 : Test Mic 1 is at [ 52.33  55.08 -38.74] inches
2022-04-19 14:47:47,083 : Test Mic 1 is at [ 52.64  54.96 -38.61] inches
2022-04-19 14:47:47,091 : Test Mic 1 is at [ 52.58  54.94 -38.42] inches
2022-04-19 14:47:47,325 : Test Mic 1 is at [ 52.58  54.94 -38.42] inches
2022-04-19 14:47:47,444 : Test Mic 1 is at [ 52.53  54.92 -38.22] inches
2022-04-19 14:47:47,453 : Test Mic 1 is at [ 52.83  54.80 -38.09] inches
2022-04-19 14:47:47,696 : Test Mic 1 is at [ 52.77  54.79 -37.89] inches
2022-04-19 14:47:47,865 : Test Mic 1 is at [ 53.07  54.67 -37.75] inches
2022-04-19 14:47:47,905 : Test Mic 1 is at [ 53.02  54.65 -37.56] inches
2022-04-19 14:47:47,954 : Test Mic 1 is at [ 53.32  54.53 -37.42] inches
2022-04-19 14:47:48,094 : Test Mic 1 is at [ 53.27  54.51 -37.22] inches
2022-04-19 14:47:48,145 : Test Mic 1 is at [ 53.52  54.38 -36.88] inches
2022-04-19 14:47:48,151 : Test Mic 1 is at [ 53.57  54.40 -37.08] inches
2022-04-19 14:47:48,337 : Test Mic 1 is at [ 53.47  54.36 -36.68] inches
2022-04-19 14:47:48,378 : Test Mic 1 is at [ 53.46  54.36 -36.69] inches
2022-04-19 14:47:48,503 : Test Mic 1 is at [ 53.76  54.25 -36.54] inches
2022-04-19 14:47:48,544 : Test Mic 1 is at [ 54.01  54.11 -36.19] inches
2022-04-19 14:47:48,576 : Test Mic 1 is at [ 54.03  54.10 -36.18] inches
2022-04-19 14:47:48,621 : Test Mic 1 is at [ 53.71  54.23 -36.34] inches
2022-04-19 14:47:48,792 : Test Mic 1 is at [ 54.76  53.78 -35.58] inches
2022-04-19 14:47:48,854 : Test Mic 1 is at [ 54.81  53.80 -35.78] inches
2022-04-19 14:47:49,020 : Test Mic 1 is at [ 54.71  53.76 -35.38] inches
2022-04-19 14:47:49,122 : Test Mic 1 is at [ 54.67  53.74 -35.18] inches
2022-04-19 14:47:49,156 : Test Mic 1 is at [ 54.62  53.72 -34.98] inches
2022-04-19 14:47:49,308 : Test Mic 1 is at [ 54.61  53.72 -34.93] inches
2022-04-19 14:47:49,460 : Test Mic 1 is at [ 54.48  53.66 -34.33] inches
2022-04-19 14:47:50,718 : Moving Test Mic 1 [  0.   0. -12.] inches
2022-04-19 14:47:51,166 : Test Mic 1 is at [ 54.52  53.66 -34.34] inches
2022-04-19 14:47:51,266 : Test Mic 1 is at [ 54.80  53.64 -34.42] inches
2022-04-19 14:47:51,416 : Test Mic 1 is at [ 55.11  53.62 -34.51] inches
2022-04-19 14:47:51,468 : Test Mic 1 is at [ 55.42  53.60 -34.59] inches
2022-04-19 14:47:51,469 : Test Mic 1 is at [ 55.38  53.62 -34.61] inches
2022-04-19 14:47:51,586 : Test Mic 1 is at [ 55.69  53.60 -34.69] inches
2022-04-19 14:47:51,617 : Test Mic 1 is at [ 55.76  53.59 -34.98] inches
2022-04-19 14:47:51,625 : Test Mic 1 is at [ 55.44  53.62 -34.90] inches
2022-04-19 14:47:51,626 : Test Mic 1 is at [ 55.71  53.51 -34.75] inches
2022-04-19 14:47:51,721 : Test Mic 1 is at [ 56.09  53.57 -35.05] inches
2022-04-19 14:47:51,728 : Test Mic 1 is at [ 56.09  53.57 -35.05] inches
2022-04-19 14:47:51,766 : Test Mic 1 is at [ 56.15  53.25 -35.27] inches
2022-04-19 14:47:51,806 : Test Mic 1 is at [ 56.48  53.23 -35.35] inches
2022-04-19 14:47:51,807 : Test Mic 1 is at [ 56.19  53.34 -35.51] inches
2022-04-19 14:47:51,821 : Test Mic 1 is at [ 56.26  53.02 -35.73] inches
2022-04-19 14:47:51,915 : Test Mic 1 is at [ 56.60  53.00 -35.87] inches
2022-04-19 14:47:51,918 : Test Mic 1 is at [ 56.59  52.99 -35.81] inches
2022-04-19 14:47:51,983 : Test Mic 1 is at [ 56.30  53.12 -36.04] inches
2022-04-19 14:47:52,051 : Test Mic 1 is at [ 56.41  52.81 -36.45] inches
2022-04-19 14:47:52,061 : Test Mic 1 is at [ 56.37  52.79 -36.26] inches
2022-04-19 14:47:52,083 : Test Mic 1 is at [ 56.41  52.81 -36.46] inches
2022-04-19 14:47:52,181 : Test Mic 1 is at [ 56.11  52.92 -36.62] inches
2022-04-19 14:47:52,233 : Test Mic 1 is at [ 56.23  52.61 -37.03] inches
2022-04-19 14:47:52,253 : Test Mic 1 is at [ 56.16  52.94 -36.82] inches
2022-04-19 14:47:52,306 : Test Mic 1 is at [ 56.56  52.59 -37.10] inches
2022-04-19 14:47:52,359 : Test Mic 1 is at [ 56.25  52.71 -37.27] inches
2022-04-19 14:47:52,398 : Test Mic 1 is at [ 56.37  52.40 -37.68] inches
2022-04-19 14:47:52,399 : Test Mic 1 is at [ 56.32  52.38 -37.49] inches
2022-04-19 14:47:52,471 : Test Mic 1 is at [ 56.36  52.40 -37.68] inches
2022-04-19 14:47:52,483 : Test Mic 1 is at [ 56.70  52.37 -37.75] inches
2022-04-19 14:47:52,521 : Test Mic 1 is at [ 56.39  52.49 -37.92] inches
2022-04-19 14:47:52,537 : Test Mic 1 is at [ 56.47  52.16 -38.13] inches
2022-04-19 14:47:52,598 : Test Mic 1 is at [ 56.81  52.13 -38.20] inches
2022-04-19 14:47:52,642 : Test Mic 1 is at [ 56.85  52.15 -38.39] inches
2022-04-19 14:47:52,644 : Test Mic 1 is at [ 56.54  52.27 -38.57] inches
2022-04-19 14:47:52,692 : Test Mic 1 is at [ 56.61  51.94 -38.77] inches
2022-04-19 14:47:52,745 : Test Mic 1 is at [ 56.95  51.91 -38.84] inches
2022-04-19 14:47:52,824 : Test Mic 1 is at [ 56.99  51.93 -39.03] inches
2022-04-19 14:47:52,901 : Test Mic 1 is at [ 56.68  52.05 -39.20] inches
2022-04-19 14:47:52,930 : Test Mic 1 is at [ 56.71  51.95 -39.27] inches
2022-04-19 14:47:53,034 : Test Mic 1 is at [ 57.09  51.94 -39.52] inches
2022-04-19 14:47:53,043 : Test Mic 1 is at [ 57.05  51.92 -39.34] inches
2022-04-19 14:47:53,096 : Test Mic 1 is at [ 56.78  52.07 -39.70] inches
2022-04-19 14:47:53,156 : Test Mic 1 is at [ 56.98  51.16 -40.23] inches
2022-04-19 14:47:53,187 : Test Mic 1 is at [ 57.33  51.13 -40.29] inches
2022-04-19 14:47:53,279 : Test Mic 1 is at [ 57.37  51.16 -40.48] inches
2022-04-19 14:47:53,369 : Test Mic 1 is at [ 57.05  51.28 -40.66] inches
2022-04-19 14:47:53,468 : Test Mic 1 is at [ 57.06  51.28 -40.66] inches
2022-04-19 14:47:53,519 : Test Mic 1 is at [ 56.78  51.43 -41.02] inches
2022-04-19 14:47:53,574 : Test Mic 1 is at [ 57.11  51.30 -40.85] inches
2022-04-19 14:47:53,635 : Test Mic 1 is at [ 57.72  51.36 -41.19] inches
2022-04-19 14:47:53,635 : Test Mic 1 is at [ 57.39  51.48 -41.36] inches
2022-04-19 14:47:53,650 : Test Mic 1 is at [ 57.44  51.50 -41.55] inches
2022-04-19 14:47:53,713 : Test Mic 1 is at [ 57.15  51.65 -41.90] inches
2022-04-19 14:47:53,720 : Test Mic 1 is at [ 57.11  51.63 -41.72] inches
2022-04-19 14:47:53,756 : Test Mic 1 is at [ 57.20  51.68 -42.09] inches
2022-04-19 14:47:53,807 : Test Mic 1 is at [ 56.87  51.81 -42.26] inches
2022-04-19 14:47:53,837 : Test Mic 1 is at [ 56.92  51.83 -42.44] inches
2022-04-19 14:47:53,864 : Test Mic 1 is at [ 56.91  51.83 -42.44] inches
2022-04-19 14:47:53,920 : Test Mic 1 is at [ 56.96  51.85 -42.62] inches
2022-04-19 14:47:53,979 : Test Mic 1 is at [ 56.69  52.00 -42.97] inches
2022-04-19 14:47:53,986 : Test Mic 1 is at [ 56.64  51.98 -42.79] inches
2022-04-19 14:47:54,024 : Test Mic 1 is at [ 56.68  52.00 -42.97] inches
2022-04-19 14:47:54,069 : Test Mic 1 is at [ 56.41  52.15 -43.32] inches
2022-04-19 14:47:54,126 : Test Mic 1 is at [ 56.73  52.02 -43.16] inches
2022-04-19 14:47:54,192 : Test Mic 1 is at [ 56.07  52.28 -43.49] inches
2022-04-19 14:47:54,333 : Test Mic 1 is at [ 56.13  52.30 -43.67] inches
2022-04-19 14:47:54,391 : Test Mic 1 is at [ 56.12  52.31 -43.67] inches
2022-04-19 14:47:54,521 : Test Mic 1 is at [ 56.18  52.33 -43.85] inches
2022-04-19 14:47:54,553 : Test Mic 1 is at [ 55.90  52.48 -44.19] inches
2022-04-19 14:47:54,573 : Test Mic 1 is at [ 55.85  52.45 -44.01] inches
2022-04-19 14:47:54,652 : Test Mic 1 is at [ 55.96  52.50 -44.37] inches
2022-04-19 14:47:54,849 : Test Mic 1 is at [ 56.01  52.52 -44.54] inches
2022-04-19 14:47:54,919 : Test Mic 1 is at [ 55.68  52.65 -44.70] inches
2022-04-19 14:47:54,947 : Test Mic 1 is at [ 55.74  52.67 -44.88] inches
2022-04-19 14:47:55,023 : Test Mic 1 is at [ 55.40  52.80 -45.04] inches
2022-04-19 14:47:55,104 : Test Mic 1 is at [ 55.13  52.96 -45.37] inches
2022-04-19 14:47:55,105 : Test Mic 1 is at [ 55.07  52.93 -45.19] inches
2022-04-19 14:47:55,210 : Test Mic 1 is at [ 55.19  52.98 -45.54] inches
2022-04-19 14:47:55,409 : Test Mic 1 is at [ 55.15  52.99 -45.56] inches
2022-04-19 14:47:55,561 : Test Mic 1 is at [ 55.21  53.01 -45.74] inches
2022-04-19 14:47:55,576 : Test Mic 1 is at [ 54.28  53.42 -46.35] inches
2022-04-19 14:47:55,626 : Test Mic 1 is at [ 54.22  53.40 -46.17] inches
2022-04-19 14:47:55,667 : Test Mic 1 is at [ 54.33  53.44 -46.49] inches
2022-04-19 14:47:55,841 : Test Mic 1 is at [ 54.51  53.50 -46.99] inches
2022-04-19 14:50:21,407 : Moving Test Mic 1 [ 0.  0. 12.] inches
2022-04-19 14:50:21,849 : Test Mic 1 is at [ 54.48  53.50 -46.98] inches
2022-04-19 14:50:21,882 : Test Mic 1 is at [ 54.47  53.50 -46.98] inches
2022-04-19 14:50:21,970 : Test Mic 1 is at [ 54.19  53.52 -46.91] inches
2022-04-19 14:50:22,058 : Test Mic 1 is at [ 53.89  53.54 -46.83] inches
2022-04-19 14:50:22,212 : Test Mic 1 is at [ 53.59  53.55 -46.75] inches
2022-04-19 14:50:22,297 : Test Mic 1 is at [ 53.31  53.57 -46.67] inches
2022-04-19 14:50:22,300 : Test Mic 1 is at [ 53.27  53.77 -46.56] inches
2022-04-19 14:50:22,364 : Test Mic 1 is at [ 53.27  53.77 -46.56] inches
2022-04-19 14:50:22,388 : Test Mic 1 is at [ 52.99  53.78 -46.47] inches
2022-04-19 14:50:22,406 : Test Mic 1 is at [ 52.93  54.10 -46.29] inches
2022-04-19 14:50:22,407 : Test Mic 1 is at [ 52.93  54.10 -46.29] inches
2022-04-19 14:50:22,507 : Test Mic 1 is at [ 52.62  54.11 -46.13] inches
2022-04-19 14:50:22,509 : Test Mic 1 is at [ 52.90  54.09 -46.21] inches
2022-04-19 14:50:22,562 : Test Mic 1 is at [ 52.55  54.33 -45.75] inches
2022-04-19 14:50:22,562 : Test Mic 1 is at [ 52.56  54.42 -45.94] inches
2022-04-19 14:50:22,575 : Test Mic 1 is at [ 52.83  54.32 -45.83] inches
2022-04-19 14:50:22,607 : Test Mic 1 is at [ 52.48  54.31 -45.58] inches
2022-04-19 14:50:22,611 : Test Mic 1 is at [ 52.21  54.33 -45.49] inches
2022-04-19 14:50:22,707 : Test Mic 1 is at [ 52.46  54.52 -45.17] inches
2022-04-19 14:50:22,722 : Test Mic 1 is at [ 52.15  54.65 -45.30] inches
2022-04-19 14:50:22,742 : Test Mic 1 is at [ 52.39  54.51 -45.00] inches
2022-04-19 14:50:22,770 : Test Mic 1 is at [ 52.40  54.51 -45.00] inches
2022-04-19 14:50:22,828 : Test Mic 1 is at [ 52.33  54.83 -44.80] inches
2022-04-19 14:50:22,842 : Test Mic 1 is at [ 52.39  54.51 -45.00] inches
2022-04-19 14:50:22,847 : Test Mic 1 is at [ 52.27  54.81 -44.63] inches
2022-04-19 14:50:22,887 : Test Mic 1 is at [ 52.00  54.82 -44.55] inches
2022-04-19 14:50:22,929 : Test Mic 1 is at [ 51.95  55.13 -44.35] inches
2022-04-19 14:50:22,993 : Test Mic 1 is at [ 52.25  55.01 -44.23] inches
2022-04-19 14:50:23,036 : Test Mic 1 is at [ 52.19  54.99 -44.06] inches
2022-04-19 14:50:23,038 : Test Mic 1 is at [ 52.18  54.99 -44.06] inches
2022-04-19 14:50:23,221 : Test Mic 1 is at [ 52.13  55.30 -43.86] inches
2022-04-19 14:50:23,223 : Test Mic 1 is at [ 52.06  55.28 -43.68] inches
2022-04-19 14:50:23,251 : Test Mic 1 is at [ 51.80  55.29 -43.60] inches
2022-04-19 14:50:23,377 : Test Mic 1 is at [ 51.99  55.46 -43.09] inches
2022-04-19 14:50:23,380 : Test Mic 1 is at [ 51.72  55.48 -43.00] inches
2022-04-19 14:50:23,392 : Test Mic 1 is at [ 52.05  55.15 -43.30] inches
2022-04-19 14:50:23,443 : Test Mic 1 is at [ 52.11  55.17 -43.48] inches
2022-04-19 14:50:23,506 : Test Mic 1 is at [ 51.70  55.59 -42.93] inches
2022-04-19 14:50:23,576 : Test Mic 1 is at [ 51.42  55.61 -42.83] inches
2022-04-19 14:50:23,686 : Test Mic 1 is at [ 51.36  55.59 -42.65] inches
2022-04-19 14:50:23,689 : Test Mic 1 is at [ 51.61  55.83 -42.29] inches
2022-04-19 14:50:23,692 : Test Mic 1 is at [ 51.34  55.84 -42.19] inches
2022-04-19 14:50:23,755 : Test Mic 1 is at [ 51.27  55.83 -42.01] inches
2022-04-19 14:50:23,810 : Test Mic 1 is at [ 51.67  55.47 -42.53] inches
2022-04-19 14:50:23,824 : Test Mic 1 is at [ 51.01  55.84 -41.92] inches
2022-04-19 14:50:23,845 : Test Mic 1 is at [ 50.95  55.82 -41.74] inches
2022-04-19 14:50:23,891 : Test Mic 1 is at [ 50.95  55.82 -41.74] inches
2022-04-19 14:50:23,961 : Test Mic 1 is at [ 50.95  55.82 -41.74] inches
2022-04-19 14:50:24,020 : Test Mic 1 is at [ 50.88  55.80 -41.55] inches
2022-04-19 14:50:24,082 : Test Mic 1 is at [ 51.19  55.68 -41.44] inches
2022-04-19 14:50:24,105 : Test Mic 1 is at [ 51.12  55.67 -41.26] inches
2022-04-19 14:50:24,180 : Test Mic 1 is at [ 51.17  55.56 -41.04] inches
2022-04-19 14:50:24,233 : Test Mic 1 is at [ 51.11  55.54 -40.86] inches
2022-04-19 14:50:24,263 : Test Mic 1 is at [ 50.86  55.68 -41.16] inches
2022-04-19 14:50:24,358 : Test Mic 1 is at [ 51.41  55.43 -40.74] inches
2022-04-19 14:50:24,406 : Test Mic 1 is at [ 51.35  55.41 -40.56] inches
2022-04-19 14:50:24,535 : Test Mic 1 is at [ 51.47  55.30 -40.37] inches
2022-04-19 14:50:24,538 : Test Mic 1 is at [ 51.40  55.28 -40.19] inches
2022-04-19 14:50:24,566 : Test Mic 1 is at [ 51.64  55.29 -40.44] inches
2022-04-19 14:50:24,715 : Test Mic 1 is at [ 51.07  55.30 -40.07] inches
2022-04-19 14:50:24,758 : Test Mic 1 is at [ 51.01  55.28 -39.88] inches
2022-04-19 14:50:24,879 : Test Mic 1 is at [ 51.31  55.17 -39.76] inches
2022-04-19 14:50:24,920 : Test Mic 1 is at [ 51.25  55.15 -39.57] inches
2022-04-19 14:50:25,058 : Test Mic 1 is at [ 51.55  55.03 -39.45] inches
2022-04-19 14:50:25,176 : Test Mic 1 is at [ 51.49  55.02 -39.26] inches
2022-04-19 14:50:25,229 : Test Mic 1 is at [ 51.43  55.00 -39.07] inches
2022-04-19 14:50:25,344 : Test Mic 1 is at [ 51.49  55.01 -39.26] inches
2022-04-19 14:50:25,393 : Test Mic 1 is at [ 51.37  54.98 -38.88] inches
2022-04-19 14:50:25,543 : Test Mic 1 is at [ 51.67  54.87 -38.76] inches
2022-04-19 14:50:25,636 : Test Mic 1 is at [ 51.61  54.85 -38.57] inches
2022-04-19 14:50:25,712 : Test Mic 1 is at [ 51.55  54.83 -38.38] inches
2022-04-19 14:50:25,843 : Test Mic 1 is at [ 51.55  54.83 -38.38] inches
2022-04-19 14:50:25,883 : Test Mic 1 is at [ 51.85  54.72 -38.25] inches
2022-04-19 14:50:26,013 : Test Mic 1 is at [ 51.79  54.70 -38.06] inches
2022-04-19 14:50:26,039 : Test Mic 1 is at [ 52.09  54.59 -37.93] inches
2022-04-19 14:50:26,087 : Test Mic 1 is at [ 52.03  54.57 -37.74] inches
2022-04-19 14:50:26,150 : Test Mic 1 is at [ 52.32  54.46 -37.61] inches
2022-04-19 14:50:26,266 : Test Mic 1 is at [ 52.27  54.44 -37.42] inches
2022-04-19 14:50:26,293 : Test Mic 1 is at [ 52.56  54.32 -37.29] inches
2022-04-19 14:50:26,391 : Test Mic 1 is at [ 52.51  54.31 -37.10] inches
2022-04-19 14:50:26,470 : Test Mic 1 is at [ 52.75  54.18 -36.79] inches
2022-04-19 14:50:26,498 : Test Mic 1 is at [ 52.46  54.29 -36.92] inches
2022-04-19 14:50:26,567 : Test Mic 1 is at [ 52.70  54.16 -36.61] inches
2022-04-19 14:50:26,609 : Test Mic 1 is at [ 52.98  54.05 -36.44] inches
2022-04-19 14:50:26,704 : Test Mic 1 is at [ 52.99  54.05 -36.48] inches
2022-04-19 14:50:26,791 : Test Mic 1 is at [ 53.27  53.93 -36.30] inches
2022-04-19 14:50:26,955 : Test Mic 1 is at [ 53.21  53.91 -36.04] inches
2022-04-19 14:50:26,964 : Test Mic 1 is at [ 53.20  53.91 -36.04] inches
2022-04-19 14:50:27,110 : Test Mic 1 is at [ 53.49  53.80 -35.90] inches
2022-04-19 14:50:27,198 : Test Mic 1 is at [ 53.49  53.80 -35.90] inches
2022-04-19 14:50:27,314 : Test Mic 1 is at [ 53.77  53.69 -35.76] inches
2022-04-19 14:50:27,367 : Test Mic 1 is at [ 54.05  53.58 -35.62] inches
2022-04-19 14:50:27,412 : Test Mic 1 is at [ 54.06  53.58 -35.62] inches
2022-04-19 14:50:27,534 : Test Mic 1 is at [ 54.25  53.50 -35.52] inches
2022-04-19 14:50:27,600 : Test Mic 1 is at [ 54.63  53.36 -35.32] inches
2022-04-19 14:50:53,011 : Moving Test Mic 1 [ 0.  0. 12.] inches
2022-04-19 14:50:53,620 : Test Mic 1 is at [ 54.56  53.36 -35.30] inches
2022-04-19 14:50:53,647 : Test Mic 1 is at [ 54.56  53.36 -35.30] inches
2022-04-19 14:50:53,687 : Test Mic 1 is at [ 54.27  53.38 -35.22] inches
2022-04-19 14:50:53,761 : Test Mic 1 is at [ 53.98  53.40 -35.14] inches
2022-04-19 14:50:53,844 : Test Mic 1 is at [ 54.06  53.37 -35.09] inches
2022-04-19 14:50:53,849 : Test Mic 1 is at [ 53.78  53.38 -35.01] inches
2022-04-19 14:50:53,944 : Test Mic 1 is at [ 54.05  53.28 -34.87] inches
2022-04-19 14:50:53,966 : Test Mic 1 is at [ 54.02  53.40 -34.79] inches
2022-04-19 14:50:54,018 : Test Mic 1 is at [ 54.03  53.40 -34.79] inches
2022-04-19 14:50:54,051 : Test Mic 1 is at [ 53.71  53.71 -34.49] inches
2022-04-19 14:50:54,133 : Test Mic 1 is at [ 53.97  53.69 -34.57] inches
2022-04-19 14:50:54,141 : Test Mic 1 is at [ 53.97  53.61 -34.36] inches
2022-04-19 14:50:54,190 : Test Mic 1 is at [ 53.70  53.62 -34.28] inches
2022-04-19 14:50:54,254 : Test Mic 1 is at [ 53.97  53.52 -34.14] inches
2022-04-19 14:50:54,274 : Test Mic 1 is at [ 53.64  53.82 -33.78] inches
2022-04-19 14:50:54,276 : Test Mic 1 is at [ 53.72  53.54 -34.06] inches
2022-04-19 14:50:54,298 : Test Mic 1 is at [ 53.70  53.53 -33.99] inches
2022-04-19 14:50:54,352 : Test Mic 1 is at [ 53.91  53.72 -33.64] inches
2022-04-19 14:50:54,376 : Test Mic 1 is at [ 53.85  54.02 -33.42] inches
2022-04-19 14:50:54,462 : Test Mic 1 is at [ 53.55  54.01 -33.14] inches
2022-04-19 14:50:54,472 : Test Mic 1 is at [ 53.81  54.00 -33.22] inches
2022-04-19 14:50:54,545 : Test Mic 1 is at [ 53.54  53.93 -32.92] inches
2022-04-19 14:50:54,555 : Test Mic 1 is at [ 53.80  53.91 -33.00] inches
2022-04-19 14:50:54,594 : Test Mic 1 is at [ 53.49  53.91 -32.71] inches
2022-04-19 14:50:54,639 : Test Mic 1 is at [ 53.44  54.21 -32.48] inches
2022-04-19 14:50:54,709 : Test Mic 1 is at [ 53.44  54.13 -32.26] inches
2022-04-19 14:50:54,722 : Test Mic 1 is at [ 53.19  54.23 -32.40] inches
2022-04-19 14:50:54,777 : Test Mic 1 is at [ 53.40  54.11 -32.05] inches
2022-04-19 14:50:54,838 : Test Mic 1 is at [ 53.59  54.31 -31.69] inches
2022-04-19 14:50:54,868 : Test Mic 1 is at [ 53.34  54.40 -31.82] inches
2022-04-19 14:50:55,018 : Test Mic 1 is at [ 53.54  54.29 -31.48] inches
2022-04-19 14:50:55,072 : Test Mic 1 is at [ 53.59  54.31 -31.69] inches
2022-04-19 14:50:55,156 : Test Mic 1 is at [ 53.80  54.19 -31.34] inches
2022-04-19 14:50:55,278 : Test Mic 1 is at [ 53.74  54.24 -31.07] inches
2022-04-19 14:50:55,304 : Test Mic 1 is at [ 53.49  54.26 -30.99] inches
2022-04-19 14:50:55,349 : Test Mic 1 is at [ 53.78  54.26 -31.29] inches
2022-04-19 14:50:55,438 : Test Mic 1 is at [ 53.49  54.26 -30.99] inches
2022-04-19 14:50:55,479 : Test Mic 1 is at [ 53.45  54.24 -30.77] inches
2022-04-19 14:50:55,557 : Test Mic 1 is at [ 53.70  54.14 -30.63] inches
2022-04-19 14:50:55,610 : Test Mic 1 is at [ 53.64  54.43 -30.40] inches
2022-04-19 14:50:55,638 : Test Mic 1 is at [ 53.39  54.45 -30.32] inches
2022-04-19 14:50:55,658 : Test Mic 1 is at [ 53.34  54.43 -30.10] inches
2022-04-19 14:50:55,671 : Test Mic 1 is at [ 53.35  54.43 -30.10] inches
2022-04-19 14:50:55,894 : Test Mic 1 is at [ 53.30  54.42 -29.87] inches
2022-04-19 14:50:55,926 : Test Mic 1 is at [ 53.34  54.43 -30.10] inches
2022-04-19 14:50:55,976 : Test Mic 1 is at [ 53.50  54.30 -29.52] inches
2022-04-19 14:50:55,977 : Test Mic 1 is at [ 53.54  54.32 -29.74] inches
2022-04-19 14:50:56,065 : Test Mic 1 is at [ 53.39  54.31 -29.48] inches
2022-04-19 14:50:56,074 : Test Mic 1 is at [ 53.35  54.29 -29.26] inches
2022-04-19 14:50:56,134 : Test Mic 1 is at [ 53.59  54.20 -29.12] inches
2022-04-19 14:50:56,203 : Test Mic 1 is at [ 53.25  54.20 -28.79] inches
2022-04-19 14:50:56,248 : Test Mic 1 is at [ 53.55  54.18 -28.89] inches
2022-04-19 14:50:56,386 : Test Mic 1 is at [ 53.25  54.20 -28.79] inches
2022-04-19 14:50:56,459 : Test Mic 1 is at [ 53.21  54.18 -28.57] inches
2022-04-19 14:50:56,567 : Test Mic 1 is at [ 53.45  54.09 -28.43] inches
2022-04-19 14:50:56,666 : Test Mic 1 is at [ 53.41  54.07 -28.20] inches
2022-04-19 14:50:56,711 : Test Mic 1 is at [ 53.37  54.06 -27.96] inches
2022-04-19 14:50:56,754 : Test Mic 1 is at [ 53.33  54.04 -27.73] inches
2022-04-19 14:50:56,755 : Test Mic 1 is at [ 53.41  54.07 -28.20] inches
2022-04-19 14:50:56,837 : Test Mic 1 is at [ 53.29  54.02 -27.50] inches
2022-04-19 14:50:56,925 : Test Mic 1 is at [ 53.50  53.91 -27.12] inches
2022-04-19 14:50:56,942 : Test Mic 1 is at [ 53.53  53.93 -27.36] inches
2022-04-19 14:50:56,991 : Test Mic 1 is at [ 53.74  53.82 -26.98] inches
2022-04-19 14:50:56,998 : Test Mic 1 is at [ 53.70  53.80 -26.74] inches
2022-04-19 14:50:57,027 : Test Mic 1 is at [ 53.95  53.71 -26.59] inches
2022-04-19 14:50:57,155 : Test Mic 1 is at [ 53.91  53.69 -26.36] inches
2022-04-19 14:50:57,227 : Test Mic 1 is at [ 53.88  53.67 -26.11] inches
2022-04-19 14:50:57,307 : Test Mic 1 is at [ 53.91  53.69 -26.35] inches
2022-04-19 14:50:57,377 : Test Mic 1 is at [ 53.84  53.66 -25.87] inches
2022-04-19 14:50:57,392 : Test Mic 1 is at [ 54.08  53.57 -25.72] inches
2022-04-19 14:50:57,416 : Test Mic 1 is at [ 54.04  53.55 -25.48] inches
2022-04-19 14:50:57,486 : Test Mic 1 is at [ 54.28  53.46 -25.32] inches
2022-04-19 14:50:57,580 : Test Mic 1 is at [ 54.25  53.44 -25.10] inches
2022-04-19 14:50:57,589 : Test Mic 1 is at [ 54.49  53.35 -24.94] inches
2022-04-19 14:50:57,683 : Test Mic 1 is at [ 54.46  53.34 -24.72] inches
2022-04-19 14:50:57,800 : Test Mic 1 is at [ 54.46  53.34 -24.72] inches
2022-04-19 14:50:57,863 : Test Mic 1 is at [ 54.44  53.32 -24.49] inches
2022-04-19 14:50:57,879 : Test Mic 1 is at [ 54.51  53.29 -24.44] inches
2022-04-19 14:50:57,963 : Test Mic 1 is at [ 54.50  53.28 -24.33] inches
2022-04-19 14:50:58,095 : Test Mic 1 is at [ 54.78  53.18 -24.14] inches
2022-04-19 14:50:58,211 : Test Mic 1 is at [ 54.75  53.15 -23.82] inches
2022-04-19 14:51:41,955 : Test Mic 1 is at [ 54.60  53.17 -23.78] inches
2022-04-19 14:51:42,040 : Test Mic 1 is at [ 54.42  53.18 -23.73] inches
2022-04-19 14:51:42,441 : Test Mic 1 is at [ 53.81  53.22 -23.55] inches
2022-04-19 14:52:55,341 : Moving Test Mic 1 [ 0.  0. 12.] inches
2022-04-19 14:52:55,740 : Test Mic 1 is at [ 54.44  53.50 -21.98] inches
2022-04-19 14:52:55,804 : Test Mic 1 is at [ 54.19  53.52 -21.91] inches
2022-04-19 14:52:55,836 : Test Mic 1 is at [ 53.94  53.54 -21.84] inches
2022-04-19 14:52:55,876 : Test Mic 1 is at [ 53.94  53.54 -21.84] inches
2022-04-19 14:52:55,931 : Test Mic 1 is at [ 53.69  53.56 -21.76] inches
2022-04-19 14:52:56,041 : Test Mic 1 is at [ 53.45  53.58 -21.69] inches
2022-04-19 14:52:56,122 : Test Mic 1 is at [ 53.41  53.78 -21.50] inches
2022-04-19 14:52:56,214 : Test Mic 1 is at [ 53.18  53.79 -21.42] inches
2022-04-19 14:52:56,242 : Test Mic 1 is at [ 53.13  54.06 -21.16] inches
2022-04-19 14:52:56,296 : Test Mic 1 is at [ 52.88  54.27 -20.90] inches
2022-04-19 14:52:56,323 : Test Mic 1 is at [ 52.92  54.08 -21.09] inches
2022-04-19 14:52:56,400 : Test Mic 1 is at [ 52.88  54.27 -20.86] inches
2022-04-19 14:52:56,525 : Test Mic 1 is at [ 52.63  54.52 -20.56] inches
2022-04-19 14:52:56,525 : Test Mic 1 is at [ 52.84  54.51 -20.63] inches
2022-04-19 14:52:56,544 : Test Mic 1 is at [ 52.60  54.51 -20.31] inches
2022-04-19 14:52:56,721 : Test Mic 1 is at [ 52.57  54.49 -20.03] inches
2022-04-19 14:52:56,871 : Test Mic 1 is at [ 52.53  54.48 -19.75] inches
2022-04-19 14:52:56,915 : Test Mic 1 is at [ 52.50  54.47 -19.47] inches
2022-04-19 14:52:56,952 : Test Mic 1 is at [ 52.47  54.45 -19.19] inches
2022-04-19 14:52:57,005 : Test Mic 1 is at [ 52.44  54.44 -18.90] inches
2022-04-19 14:52:57,089 : Test Mic 1 is at [ 52.41  54.43 -18.61] inches
2022-04-19 14:52:57,253 : Test Mic 1 is at [ 52.39  54.41 -18.32] inches
2022-04-19 14:52:57,390 : Test Mic 1 is at [ 52.36  54.40 -18.02] inches
2022-04-19 14:52:57,531 : Test Mic 1 is at [ 52.33  54.39 -17.72] inches
2022-04-19 14:52:57,615 : Test Mic 1 is at [ 52.30  54.38 -17.42] inches
2022-04-19 14:52:57,679 : Test Mic 1 is at [ 52.28  54.36 -17.12] inches
2022-04-19 14:52:57,823 : Test Mic 1 is at [ 52.25  54.35 -16.81] inches
2022-04-19 14:52:57,963 : Test Mic 1 is at [ 52.23  54.34 -16.49] inches
2022-04-19 14:52:58,100 : Test Mic 1 is at [ 52.20  54.33 -16.18] inches
2022-04-19 14:52:58,263 : Test Mic 1 is at [ 52.18  54.31 -15.85] inches
2022-04-19 14:52:58,370 : Test Mic 1 is at [ 52.16  54.30 -15.52] inches
2022-04-19 14:52:58,484 : Test Mic 1 is at [ 52.14  54.29 -15.22] inches
2022-04-19 14:52:58,569 : Test Mic 1 is at [ 52.12  54.28 -14.92] inches
2022-04-19 14:52:58,636 : Test Mic 1 is at [ 52.10  54.27 -14.61] inches
2022-04-19 14:52:58,752 : Test Mic 1 is at [ 52.08  54.26 -14.31] inches
2022-04-19 14:52:58,928 : Test Mic 1 is at [ 52.07  54.25 -14.00] inches
2022-04-19 14:52:58,976 : Test Mic 1 is at [ 52.05  54.24 -13.68] inches
2022-04-19 14:52:59,088 : Test Mic 1 is at [ 52.04  54.23 -13.51] inches
2022-04-19 14:52:59,215 : Test Mic 1 is at [ 52.03  54.22 -13.13] inches
2022-04-19 14:53:02,542 : Moving Test Mic 1 [  0.   0. -12.] inches
2022-04-19 14:53:02,959 : Test Mic 1 is at [ 52.08  54.22 -13.14] inches
2022-04-19 14:53:03,031 : Test Mic 1 is at [ 52.37  54.19 -13.22] inches
2022-04-19 14:53:03,119 : Test Mic 1 is at [ 52.37  54.19 -13.22] inches
2022-04-19 14:53:03,242 : Test Mic 1 is at [ 52.68  54.16 -13.30] inches
2022-04-19 14:53:03,299 : Test Mic 1 is at [ 52.98  54.14 -13.38] inches
2022-04-19 14:53:03,356 : Test Mic 1 is at [ 52.99  54.13 -13.38] inches
2022-04-19 14:53:03,477 : Test Mic 1 is at [ 53.10  54.12 -13.40] inches
2022-04-19 14:53:03,629 : Test Mic 1 is at [ 53.11  54.07 -13.47] inches
2022-04-19 14:53:03,729 : Test Mic 1 is at [ 53.17  53.76 -13.86] inches
2022-04-19 14:53:03,847 : Test Mic 1 is at [ 53.24  53.43 -14.26] inches
2022-04-19 14:53:03,866 : Test Mic 1 is at [ 54.06  53.35 -14.44] inches
2022-04-19 14:53:03,952 : Test Mic 1 is at [ 54.07  53.34 -14.45] inches
2022-04-19 14:53:04,338 : Test Mic 1 is at [ 54.25  52.49 -15.55] inches
2022-04-19 14:53:04,401 : Test Mic 1 is at [ 54.07  53.34 -14.55] inches
2022-04-19 14:53:04,496 : Test Mic 1 is at [ 54.25  52.51 -15.89] inches
2022-04-19 14:53:04,610 : Test Mic 1 is at [ 54.26  52.53 -16.24] inches
2022-04-19 14:53:04,676 : Test Mic 1 is at [ 54.27  52.55 -16.58] inches
2022-04-19 14:53:04,716 : Test Mic 1 is at [ 54.28  52.56 -16.92] inches
2022-04-19 14:53:04,828 : Test Mic 1 is at [ 54.29  52.58 -17.25] inches
2022-04-19 14:53:04,882 : Test Mic 1 is at [ 54.30  52.60 -17.59] inches
2022-04-19 14:53:04,930 : Test Mic 1 is at [ 54.32  52.62 -17.91] inches
2022-04-19 14:53:05,019 : Test Mic 1 is at [ 54.33  52.63 -18.23] inches
2022-04-19 14:53:05,042 : Test Mic 1 is at [ 54.35  52.65 -18.55] inches
2022-04-19 14:53:05,163 : Test Mic 1 is at [ 54.36  52.67 -18.86] inches
2022-04-19 14:53:05,299 : Test Mic 1 is at [ 54.38  52.68 -19.17] inches
2022-04-19 14:53:05,320 : Test Mic 1 is at [ 54.40  52.70 -19.48] inches
2022-04-19 14:53:05,423 : Test Mic 1 is at [ 54.42  52.72 -19.78] inches
2022-04-19 14:53:05,509 : Test Mic 1 is at [ 54.44  52.74 -20.08] inches
2022-04-19 14:53:05,686 : Test Mic 1 is at [ 54.46  52.75 -20.38] inches
2022-04-19 14:53:05,866 : Test Mic 1 is at [ 54.49  52.77 -20.67] inches
2022-04-19 14:53:05,994 : Test Mic 1 is at [ 54.51  52.79 -20.96] inches
2022-04-19 14:53:06,218 : Test Mic 1 is at [ 54.53  52.81 -21.25] inches
2022-04-19 14:53:06,373 : Test Mic 1 is at [ 54.56  52.82 -21.54] inches
2022-04-19 14:53:06,543 : Test Mic 1 is at [ 54.59  52.84 -21.82] inches
2022-04-19 14:53:06,749 : Test Mic 1 is at [ 54.61  52.86 -22.10] inches
2022-04-19 14:53:06,846 : Test Mic 1 is at [ 54.64  52.88 -22.38] inches
2022-04-19 14:53:06,945 : Test Mic 1 is at [ 54.67  52.89 -22.66] inches
2022-04-19 14:53:07,007 : Test Mic 1 is at [ 54.70  52.91 -22.93] inches
2022-04-19 14:53:07,217 : Test Mic 1 is at [ 54.73  52.93 -23.21] inches
2022-04-19 14:53:07,340 : Test Mic 1 is at [ 54.75  52.95 -23.44] inches
2022-04-19 14:53:07,440 : Test Mic 1 is at [ 54.84  53.00 -24.21] inches
2022-04-19 14:53:12,295 : Some motors are faulty! ([(Motor 2, 'Disconnected')])
2022-04-19 14:53:14,569 : Some motors are faulty! ([(Motor 2, 'Disconnected')])
2022-04-19 14:53:19,598 : Saving configuration file...
2022-04-19 14:53:19,839 : Saved as 'stage.pkl'!
